This is pdfTeX, Version 3.14159265-2.6-1.40.21 (TeX Live 2020) (preloaded format=pdflatex 2020.6.21)  3 OCT 2023 11:31
entering extended mode
 restricted \write18 enabled.
 file:line:error style messages enabled.
 %&-line parsing enabled.
**causal_inference.tex
(./causal_inference.tex
LaTeX2e <2020-02-02> patch level 5
L3 programming layer <2020-03-06> (/usr/local/texlive/2020/texmf-dist/tex/latex/beamer/beamer.cls
Document Class: beamer 2019/09/29 v3.57 A class for typesetting presentations
(/usr/local/texlive/2020/texmf-dist/tex/latex/beamer/beamerbasemodes.sty (/usr/local/texlive/2020/texmf-dist/tex/latex/etoolbox/etoolbox.sty
Package: etoolbox 2019/09/21 v2.5h e-TeX tools for LaTeX (JAW)
\etb@tempcnta=\count167
)
\beamer@tempbox=\box45
\beamer@tempcount=\count168
\c@beamerpauses=\count169
 (/usr/local/texlive/2020/texmf-dist/tex/latex/beamer/beamerbasedecode.sty
\beamer@slideinframe=\count170
\beamer@minimum=\count171
\beamer@decode@box=\box46
)
\beamer@commentbox=\box47
\beamer@modecount=\count172
) (/usr/local/texlive/2020/texmf-dist/tex/generic/iftex/ifpdf.sty
Package: ifpdf 2019/10/25 v3.4 ifpdf legacy package. Use iftex instead.
 (/usr/local/texlive/2020/texmf-dist/tex/generic/iftex/iftex.sty
Package: iftex 2020/03/06 v1.0d TeX engine tests
))
\headdp=\dimen134
\footheight=\dimen135
\sidebarheight=\dimen136
\beamer@tempdim=\dimen137
\beamer@finalheight=\dimen138
\beamer@animht=\dimen139
\beamer@animdp=\dimen140
\beamer@animwd=\dimen141
\beamer@leftmargin=\dimen142
\beamer@rightmargin=\dimen143
\beamer@leftsidebar=\dimen144
\beamer@rightsidebar=\dimen145
\beamer@boxsize=\dimen146
\beamer@vboxoffset=\dimen147
\beamer@descdefault=\dimen148
\beamer@descriptionwidth=\dimen149
\beamer@lastskip=\skip47
\beamer@areabox=\box48
\beamer@animcurrent=\box49
\beamer@animshowbox=\box50
\beamer@sectionbox=\box51
\beamer@logobox=\box52
\beamer@linebox=\box53
\beamer@sectioncount=\count173
\beamer@subsubsectionmax=\count174
\beamer@subsectionmax=\count175
\beamer@sectionmax=\count176
\beamer@totalheads=\count177
\beamer@headcounter=\count178
\beamer@partstartpage=\count179
\beamer@sectionstartpage=\count180
\beamer@subsectionstartpage=\count181
\beamer@animationtempa=\count182
\beamer@animationtempb=\count183
\beamer@xpos=\count184
\beamer@ypos=\count185
\beamer@ypos@offset=\count186
\beamer@showpartnumber=\count187
\beamer@currentsubsection=\count188
\beamer@coveringdepth=\count189
\beamer@sectionadjust=\count190
\beamer@tocsectionnumber=\count191
 (/usr/local/texlive/2020/texmf-dist/tex/latex/beamer/beamerbaseoptions.sty (/usr/local/texlive/2020/texmf-dist/tex/latex/graphics/keyval.sty
Package: keyval 2014/10/28 v1.15 key=value parser (DPC)
\KV@toks@=\toks15
))
\beamer@paperwidth=\skip48
\beamer@paperheight=\skip49
 (/usr/local/texlive/2020/texmf-dist/tex/latex/geometry/geometry.sty
Package: geometry 2020/01/02 v5.9 Page Geometry
 (/usr/local/texlive/2020/texmf-dist/tex/generic/iftex/ifvtex.sty
Package: ifvtex 2019/10/25 v1.7 ifvtex legacy package. Use iftex instead.
)
\Gm@cnth=\count192
\Gm@cntv=\count193
\c@Gm@tempcnt=\count194
\Gm@bindingoffset=\dimen150
\Gm@wd@mp=\dimen151
\Gm@odd@mp=\dimen152
\Gm@even@mp=\dimen153
\Gm@layoutwidth=\dimen154
\Gm@layoutheight=\dimen155
\Gm@layouthoffset=\dimen156
\Gm@layoutvoffset=\dimen157
\Gm@dimlist=\toks16
) (/usr/local/texlive/2020/texmf-dist/tex/latex/base/size11.clo
File: size11.clo 2019/12/20 v1.4l Standard LaTeX file (size option)
) (/usr/local/texlive/2020/texmf-dist/tex/latex/pgf/basiclayer/pgfcore.sty (/usr/local/texlive/2020/texmf-dist/tex/latex/graphics/graphicx.sty
Package: graphicx 2019/11/30 v1.2a Enhanced LaTeX Graphics (DPC,SPQR)
 (/usr/local/texlive/2020/texmf-dist/tex/latex/graphics/graphics.sty
Package: graphics 2019/11/30 v1.4a Standard LaTeX Graphics (DPC,SPQR)
 (/usr/local/texlive/2020/texmf-dist/tex/latex/graphics/trig.sty
Package: trig 2016/01/03 v1.10 sin cos tan (DPC)
)
(/usr/local/texlive/2020/texmf-dist/tex/latex/graphics-cfg/graphics.cfg
File: graphics.cfg 2016/06/04 v1.11 sample graphics configuration
)
Package graphics Info: Driver file: pdftex.def on input line 105.
 (/usr/local/texlive/2020/texmf-dist/tex/latex/graphics-def/pdftex.def
File: pdftex.def 2018/01/08 v1.0l Graphics/color driver for pdftex
))
\Gin@req@height=\dimen158
\Gin@req@width=\dimen159
) (/usr/local/texlive/2020/texmf-dist/tex/latex/pgf/systemlayer/pgfsys.sty (/usr/local/texlive/2020/texmf-dist/tex/latex/pgf/utilities/pgfrcs.sty (/usr/local/texlive/2020/texmf-dist/tex/generic/pgf/utilities/pgfutil-common.tex
\pgfutil@everybye=\toks17
\pgfutil@tempdima=\dimen160
\pgfutil@tempdimb=\dimen161
 (/usr/local/texlive/2020/texmf-dist/tex/generic/pgf/utilities/pgfutil-common-lists.tex)) (/usr/local/texlive/2020/texmf-dist/tex/generic/pgf/utilities/pgfutil-latex.def
\pgfutil@abb=\box54
 (/usr/local/texlive/2020/texmf-dist/tex/latex/ms/everyshi.sty
Package: everyshi 2001/05/15 v3.00 EveryShipout Package (MS)
)) (/usr/local/texlive/2020/texmf-dist/tex/generic/pgf/utilities/pgfrcs.code.tex (/usr/local/texlive/2020/texmf-dist/tex/generic/pgf/pgf.revision.tex)
Package: pgfrcs 2020/01/08 v3.1.5b (3.1.5b)
)) (/usr/local/texlive/2020/texmf-dist/tex/generic/pgf/systemlayer/pgfsys.code.tex
Package: pgfsys 2020/01/08 v3.1.5b (3.1.5b)
 (/usr/local/texlive/2020/texmf-dist/tex/generic/pgf/utilities/pgfkeys.code.tex
\pgfkeys@pathtoks=\toks18
\pgfkeys@temptoks=\toks19
 (/usr/local/texlive/2020/texmf-dist/tex/generic/pgf/utilities/pgfkeysfiltered.code.tex
\pgfkeys@tmptoks=\toks20
))
\pgf@x=\dimen162
\pgf@y=\dimen163
\pgf@xa=\dimen164
\pgf@ya=\dimen165
\pgf@xb=\dimen166
\pgf@yb=\dimen167
\pgf@xc=\dimen168
\pgf@yc=\dimen169
\pgf@xd=\dimen170
\pgf@yd=\dimen171
\w@pgf@writea=\write3
\r@pgf@reada=\read2
\c@pgf@counta=\count195
\c@pgf@countb=\count196
\c@pgf@countc=\count197
\c@pgf@countd=\count198
\t@pgf@toka=\toks21
\t@pgf@tokb=\toks22
\t@pgf@tokc=\toks23
\pgf@sys@id@count=\count199
 (/usr/local/texlive/2020/texmf-dist/tex/generic/pgf/systemlayer/pgf.cfg
File: pgf.cfg 2020/01/08 v3.1.5b (3.1.5b)
)
Driver file for pgf: pgfsys-pdftex.def
 (/usr/local/texlive/2020/texmf-dist/tex/generic/pgf/systemlayer/pgfsys-pdftex.def
File: pgfsys-pdftex.def 2020/01/08 v3.1.5b (3.1.5b)
 (/usr/local/texlive/2020/texmf-dist/tex/generic/pgf/systemlayer/pgfsys-common-pdf.def
File: pgfsys-common-pdf.def 2020/01/08 v3.1.5b (3.1.5b)
))) (/usr/local/texlive/2020/texmf-dist/tex/generic/pgf/systemlayer/pgfsyssoftpath.code.tex
File: pgfsyssoftpath.code.tex 2020/01/08 v3.1.5b (3.1.5b)
\pgfsyssoftpath@smallbuffer@items=\count266
\pgfsyssoftpath@bigbuffer@items=\count267
) (/usr/local/texlive/2020/texmf-dist/tex/generic/pgf/systemlayer/pgfsysprotocol.code.tex
File: pgfsysprotocol.code.tex 2020/01/08 v3.1.5b (3.1.5b)
)) (/usr/local/texlive/2020/texmf-dist/tex/latex/xcolor/xcolor.sty
Package: xcolor 2016/05/11 v2.12 LaTeX color extensions (UK)
 (/usr/local/texlive/2020/texmf-dist/tex/latex/graphics-cfg/color.cfg
File: color.cfg 2016/01/02 v1.6 sample color configuration
)
Package xcolor Info: Driver file: pdftex.def on input line 225.
Package xcolor Info: Model `cmy' substituted by `cmy0' on input line 1348.
Package xcolor Info: Model `hsb' substituted by `rgb' on input line 1352.
Package xcolor Info: Model `RGB' extended on input line 1364.
Package xcolor Info: Model `HTML' substituted by `rgb' on input line 1366.
Package xcolor Info: Model `Hsb' substituted by `hsb' on input line 1367.
Package xcolor Info: Model `tHsb' substituted by `hsb' on input line 1368.
Package xcolor Info: Model `HSB' substituted by `hsb' on input line 1369.
Package xcolor Info: Model `Gray' substituted by `gray' on input line 1370.
Package xcolor Info: Model `wave' substituted by `hsb' on input line 1371.
) (/usr/local/texlive/2020/texmf-dist/tex/generic/pgf/basiclayer/pgfcore.code.tex
Package: pgfcore 2020/01/08 v3.1.5b (3.1.5b)
 (/usr/local/texlive/2020/texmf-dist/tex/generic/pgf/math/pgfmath.code.tex (/usr/local/texlive/2020/texmf-dist/tex/generic/pgf/math/pgfmathcalc.code.tex (/usr/local/texlive/2020/texmf-dist/tex/generic/pgf/math/pgfmathutil.code.tex) (/usr/local/texlive/2020/texmf-dist/tex/generic/pgf/math/pgfmathparser.code.tex
\pgfmath@dimen=\dimen172
\pgfmath@count=\count268
\pgfmath@box=\box55
\pgfmath@toks=\toks24
\pgfmath@stack@operand=\toks25
\pgfmath@stack@operation=\toks26
)
(/usr/local/texlive/2020/texmf-dist/tex/generic/pgf/math/pgfmathfunctions.code.tex (/usr/local/texlive/2020/texmf-dist/tex/generic/pgf/math/pgfmathfunctions.basic.code.tex) (/usr/local/texlive/2020/texmf-dist/tex/generic/pgf/math/pgfmathfunctions.trigonometric.code.tex) (/usr/local/texlive/2020/texmf-dist/tex/generic/pgf/math/pgfmathfunctions.random.code.tex) (/usr/local/texlive/2020/texmf-dist/tex/generic/pgf/math/pgfmathfunctions.comparison.code.tex) (/usr/local/texlive/2020/texmf-dist/tex/generic/pgf/math/pgfmathfunctions.base.code.tex) (/usr/local/texlive/2020/texmf-dist/tex/generic/pgf/math/pgfmathfunctions.round.code.tex) (/usr/local/texlive/2020/texmf-dist/tex/generic/pgf/math/pgfmathfunctions.misc.code.tex) (/usr/local/texlive/2020/texmf-dist/tex/generic/pgf/math/pgfmathfunctions.integerarithmetics.code.tex))) (/usr/local/texlive/2020/texmf-dist/tex/generic/pgf/math/pgfmathfloat.code.tex
\c@pgfmathroundto@lastzeros=\count269
)) (/usr/local/texlive/2020/texmf-dist/tex/generic/pgf/math/pgfint.code.tex)
(/usr/local/texlive/2020/texmf-dist/tex/generic/pgf/basiclayer/pgfcorepoints.code.tex
File: pgfcorepoints.code.tex 2020/01/08 v3.1.5b (3.1.5b)
\pgf@picminx=\dimen173
\pgf@picmaxx=\dimen174
\pgf@picminy=\dimen175
\pgf@picmaxy=\dimen176
\pgf@pathminx=\dimen177
\pgf@pathmaxx=\dimen178
\pgf@pathminy=\dimen179
\pgf@pathmaxy=\dimen180
\pgf@xx=\dimen181
\pgf@xy=\dimen182
\pgf@yx=\dimen183
\pgf@yy=\dimen184
\pgf@zx=\dimen185
\pgf@zy=\dimen186
) (/usr/local/texlive/2020/texmf-dist/tex/generic/pgf/basiclayer/pgfcorepathconstruct.code.tex
File: pgfcorepathconstruct.code.tex 2020/01/08 v3.1.5b (3.1.5b)
\pgf@path@lastx=\dimen187
\pgf@path@lasty=\dimen188
) (/usr/local/texlive/2020/texmf-dist/tex/generic/pgf/basiclayer/pgfcorepathusage.code.tex
File: pgfcorepathusage.code.tex 2020/01/08 v3.1.5b (3.1.5b)
\pgf@shorten@end@additional=\dimen189
\pgf@shorten@start@additional=\dimen190
) (/usr/local/texlive/2020/texmf-dist/tex/generic/pgf/basiclayer/pgfcorescopes.code.tex
File: pgfcorescopes.code.tex 2020/01/08 v3.1.5b (3.1.5b)
\pgfpic=\box56
\pgf@hbox=\box57
\pgf@layerbox@main=\box58
\pgf@picture@serial@count=\count270
) (/usr/local/texlive/2020/texmf-dist/tex/generic/pgf/basiclayer/pgfcoregraphicstate.code.tex
File: pgfcoregraphicstate.code.tex 2020/01/08 v3.1.5b (3.1.5b)
\pgflinewidth=\dimen191
) (/usr/local/texlive/2020/texmf-dist/tex/generic/pgf/basiclayer/pgfcoretransformations.code.tex
File: pgfcoretransformations.code.tex 2020/01/08 v3.1.5b (3.1.5b)
\pgf@pt@x=\dimen192
\pgf@pt@y=\dimen193
\pgf@pt@temp=\dimen194
) (/usr/local/texlive/2020/texmf-dist/tex/generic/pgf/basiclayer/pgfcorequick.code.tex
File: pgfcorequick.code.tex 2020/01/08 v3.1.5b (3.1.5b)
) (/usr/local/texlive/2020/texmf-dist/tex/generic/pgf/basiclayer/pgfcoreobjects.code.tex
File: pgfcoreobjects.code.tex 2020/01/08 v3.1.5b (3.1.5b)
) (/usr/local/texlive/2020/texmf-dist/tex/generic/pgf/basiclayer/pgfcorepathprocessing.code.tex
File: pgfcorepathprocessing.code.tex 2020/01/08 v3.1.5b (3.1.5b)
) (/usr/local/texlive/2020/texmf-dist/tex/generic/pgf/basiclayer/pgfcorearrows.code.tex
File: pgfcorearrows.code.tex 2020/01/08 v3.1.5b (3.1.5b)
\pgfarrowsep=\dimen195
) (/usr/local/texlive/2020/texmf-dist/tex/generic/pgf/basiclayer/pgfcoreshade.code.tex
File: pgfcoreshade.code.tex 2020/01/08 v3.1.5b (3.1.5b)
\pgf@max=\dimen196
\pgf@sys@shading@range@num=\count271
\pgf@shadingcount=\count272
)
(/usr/local/texlive/2020/texmf-dist/tex/generic/pgf/basiclayer/pgfcoreimage.code.tex
File: pgfcoreimage.code.tex 2020/01/08 v3.1.5b (3.1.5b)
 (/usr/local/texlive/2020/texmf-dist/tex/generic/pgf/basiclayer/pgfcoreexternal.code.tex
File: pgfcoreexternal.code.tex 2020/01/08 v3.1.5b (3.1.5b)
\pgfexternal@startupbox=\box59
)) (/usr/local/texlive/2020/texmf-dist/tex/generic/pgf/basiclayer/pgfcorelayers.code.tex
File: pgfcorelayers.code.tex 2020/01/08 v3.1.5b (3.1.5b)
) (/usr/local/texlive/2020/texmf-dist/tex/generic/pgf/basiclayer/pgfcoretransparency.code.tex
File: pgfcoretransparency.code.tex 2020/01/08 v3.1.5b (3.1.5b)
) (/usr/local/texlive/2020/texmf-dist/tex/generic/pgf/basiclayer/pgfcorepatterns.code.tex
File: pgfcorepatterns.code.tex 2020/01/08 v3.1.5b (3.1.5b)
) (/usr/local/texlive/2020/texmf-dist/tex/generic/pgf/basiclayer/pgfcorerdf.code.tex
File: pgfcorerdf.code.tex 2020/01/08 v3.1.5b (3.1.5b)
))) (/usr/local/texlive/2020/texmf-dist/tex/latex/pgf/utilities/xxcolor.sty
Package: xxcolor 2003/10/24 ver 0.1
\XC@nummixins=\count273
\XC@countmixins=\count274
) (/usr/local/texlive/2020/texmf-dist/tex/generic/atbegshi/atbegshi.sty
Package: atbegshi 2019/12/05 v1.19 At begin shipout hook (HO)
 (/usr/local/texlive/2020/texmf-dist/tex/generic/infwarerr/infwarerr.sty
Package: infwarerr 2019/12/03 v1.5 Providing info/warning/error messages (HO)
) (/usr/local/texlive/2020/texmf-dist/tex/generic/ltxcmds/ltxcmds.sty
Package: ltxcmds 2019/12/15 v1.24 LaTeX kernel commands for general use (HO)
)) (/usr/local/texlive/2020/texmf-dist/tex/latex/hyperref/hyperref.sty
Package: hyperref 2020/01/14 v7.00d Hypertext links for LaTeX
 (/usr/local/texlive/2020/texmf-dist/tex/latex/pdftexcmds/pdftexcmds.sty
Package: pdftexcmds 2019/11/24 v0.31 Utility functions of pdfTeX for LuaTeX (HO)
Package pdftexcmds Info: \pdf@primitive is available.
Package pdftexcmds Info: \pdf@ifprimitive is available.
Package pdftexcmds Info: \pdfdraftmode found.
)
(/usr/local/texlive/2020/texmf-dist/tex/generic/kvsetkeys/kvsetkeys.sty
Package: kvsetkeys 2019/12/15 v1.18 Key value parser (HO)
) (/usr/local/texlive/2020/texmf-dist/tex/generic/kvdefinekeys/kvdefinekeys.sty
Package: kvdefinekeys 2019-12-19 v1.6 Define keys (HO)
) (/usr/local/texlive/2020/texmf-dist/tex/generic/pdfescape/pdfescape.sty
Package: pdfescape 2019/12/09 v1.15 Implements pdfTeX's escape features (HO)
) (/usr/local/texlive/2020/texmf-dist/tex/latex/hycolor/hycolor.sty
Package: hycolor 2020-01-27 v1.10 Color options for hyperref/bookmark (HO)
) (/usr/local/texlive/2020/texmf-dist/tex/latex/letltxmacro/letltxmacro.sty
Package: letltxmacro 2019/12/03 v1.6 Let assignment for LaTeX macros (HO)
) (/usr/local/texlive/2020/texmf-dist/tex/latex/auxhook/auxhook.sty
Package: auxhook 2019-12-17 v1.6 Hooks for auxiliary files (HO)
) (/usr/local/texlive/2020/texmf-dist/tex/latex/kvoptions/kvoptions.sty
Package: kvoptions 2019/11/29 v3.13 Key value format for package options (HO)
)
\@linkdim=\dimen197
\Hy@linkcounter=\count275
\Hy@pagecounter=\count276
 (/usr/local/texlive/2020/texmf-dist/tex/latex/hyperref/pd1enc.def
File: pd1enc.def 2020/01/14 v7.00d Hyperref: PDFDocEncoding definition (HO)
Now handling font encoding PD1 ...
... no UTF-8 mapping file for font encoding PD1
) (/usr/local/texlive/2020/texmf-dist/tex/generic/intcalc/intcalc.sty
Package: intcalc 2019/12/15 v1.3 Expandable calculations with integers (HO)
) (/usr/local/texlive/2020/texmf-dist/tex/generic/etexcmds/etexcmds.sty
Package: etexcmds 2019/12/15 v1.7 Avoid name clashes with e-TeX commands (HO)
)
\Hy@SavedSpaceFactor=\count277
Package hyperref Info: Option `bookmarks' set `true' on input line 4421.
Package hyperref Info: Option `bookmarksopen' set `true' on input line 4421.
Package hyperref Info: Option `implicit' set `false' on input line 4421.
Package hyperref Info: Hyper figures OFF on input line 4547.
Package hyperref Info: Link nesting OFF on input line 4552.
Package hyperref Info: Hyper index ON on input line 4555.
Package hyperref Info: Plain pages OFF on input line 4562.
Package hyperref Info: Backreferencing OFF on input line 4567.
Package hyperref Info: Implicit mode OFF; no redefinition of LaTeX internals.
Package hyperref Info: Bookmarks ON on input line 4800.
\c@Hy@tempcnt=\count278
 (/usr/local/texlive/2020/texmf-dist/tex/latex/url/url.sty
\Urlmuskip=\muskip16
Package: url 2013/09/16  ver 3.4  Verb mode for urls, etc.
)
LaTeX Info: Redefining \url on input line 5159.
\XeTeXLinkMargin=\dimen198
 (/usr/local/texlive/2020/texmf-dist/tex/generic/bitset/bitset.sty
Package: bitset 2019/12/09 v1.3 Handle bit-vector datatype (HO)
 (/usr/local/texlive/2020/texmf-dist/tex/generic/bigintcalc/bigintcalc.sty
Package: bigintcalc 2019/12/15 v1.5 Expandable calculations on big integers (HO)
))
\Fld@menulength=\count279
\Field@Width=\dimen199
\Fld@charsize=\dimen256
Package hyperref Info: Hyper figures OFF on input line 6430.
Package hyperref Info: Link nesting OFF on input line 6435.
Package hyperref Info: Hyper index ON on input line 6438.
Package hyperref Info: backreferencing OFF on input line 6445.
Package hyperref Info: Link coloring OFF on input line 6450.
Package hyperref Info: Link coloring with OCG OFF on input line 6455.
Package hyperref Info: PDF/A mode OFF on input line 6460.
LaTeX Info: Redefining \ref on input line 6500.
LaTeX Info: Redefining \pageref on input line 6504.
\Hy@abspage=\count280


Package hyperref Message: Stopped early.

)
Package hyperref Info: Driver (autodetected): hpdftex.
 (/usr/local/texlive/2020/texmf-dist/tex/latex/hyperref/hpdftex.def
File: hpdftex.def 2020/01/14 v7.00d Hyperref driver for pdfTeX
 (/usr/local/texlive/2020/texmf-dist/tex/latex/atveryend/atveryend.sty
Package: atveryend 2019-12-11 v1.11 Hooks at the very end of document (HO)
)
\Fld@listcount=\count281
\c@bookmark@seq@number=\count282
 (/usr/local/texlive/2020/texmf-dist/tex/latex/rerunfilecheck/rerunfilecheck.sty
Package: rerunfilecheck 2019/12/05 v1.9 Rerun checks for auxiliary files (HO)
 (/usr/local/texlive/2020/texmf-dist/tex/generic/uniquecounter/uniquecounter.sty
Package: uniquecounter 2019/12/15 v1.4 Provide unlimited unique counter (HO)
)
Package uniquecounter Info: New unique counter `rerunfilecheck' on input line 286.
)) (/usr/local/texlive/2020/texmf-dist/tex/latex/beamer/beamerbaserequires.sty (/usr/local/texlive/2020/texmf-dist/tex/latex/beamer/beamerbasecompatibility.sty) (/usr/local/texlive/2020/texmf-dist/tex/latex/beamer/beamerbasefont.sty (/usr/local/texlive/2020/texmf-dist/tex/latex/amsfonts/amssymb.sty
Package: amssymb 2013/01/14 v3.01 AMS font symbols
 (/usr/local/texlive/2020/texmf-dist/tex/latex/amsfonts/amsfonts.sty
Package: amsfonts 2013/01/14 v3.01 Basic AMSFonts support
\@emptytoks=\toks27
\symAMSa=\mathgroup4
\symAMSb=\mathgroup5
LaTeX Font Info:    Redeclaring math symbol \hbar on input line 98.
LaTeX Font Info:    Overwriting math alphabet `\mathfrak' in version `bold'
(Font)                  U/euf/m/n --> U/euf/b/n on input line 106.
)) (/usr/local/texlive/2020/texmf-dist/tex/latex/sansmathaccent/sansmathaccent.sty
Package: sansmathaccent 2020/01/31
 (/usr/local/texlive/2020/texmf-dist/tex/latex/koma-script/scrlfile.sty
Package: scrlfile 2020/01/24 v3.29 KOMA-Script package (loading files)
))) (/usr/local/texlive/2020/texmf-dist/tex/latex/beamer/beamerbasetranslator.sty (/usr/local/texlive/2020/texmf-dist/tex/latex/translator/translator.sty
Package: translator 2019-05-31 v1.12a Easy translation of strings in LaTeX
))
(/usr/local/texlive/2020/texmf-dist/tex/latex/beamer/beamerbasemisc.sty) (/usr/local/texlive/2020/texmf-dist/tex/latex/beamer/beamerbasetwoscreens.sty) (/usr/local/texlive/2020/texmf-dist/tex/latex/beamer/beamerbaseoverlay.sty
\beamer@argscount=\count283
\beamer@lastskipcover=\skip50
\beamer@trivlistdepth=\count284
) (/usr/local/texlive/2020/texmf-dist/tex/latex/beamer/beamerbasetitle.sty) (/usr/local/texlive/2020/texmf-dist/tex/latex/beamer/beamerbasesection.sty
\c@lecture=\count285
\c@part=\count286
\c@section=\count287
\c@subsection=\count288
\c@subsubsection=\count289
) (/usr/local/texlive/2020/texmf-dist/tex/latex/beamer/beamerbaseframe.sty
\beamer@framebox=\box60
\beamer@frametitlebox=\box61
\beamer@zoombox=\box62
\beamer@zoomcount=\count290
\beamer@zoomframecount=\count291
\beamer@frametextheight=\dimen257
\c@subsectionslide=\count292
\beamer@frametopskip=\skip51
\beamer@framebottomskip=\skip52
\beamer@frametopskipautobreak=\skip53
\beamer@framebottomskipautobreak=\skip54
\beamer@envbody=\toks28
\framewidth=\dimen258
\c@framenumber=\count293
) (/usr/local/texlive/2020/texmf-dist/tex/latex/beamer/beamerbaseverbatim.sty
\beamer@verbatimfileout=\write4
) (/usr/local/texlive/2020/texmf-dist/tex/latex/beamer/beamerbaseframesize.sty
\beamer@splitbox=\box63
\beamer@autobreakcount=\count294
\beamer@autobreaklastheight=\dimen259
\beamer@frametitletoks=\toks29
\beamer@framesubtitletoks=\toks30
) (/usr/local/texlive/2020/texmf-dist/tex/latex/beamer/beamerbaseframecomponents.sty
\beamer@footins=\box64
) (/usr/local/texlive/2020/texmf-dist/tex/latex/beamer/beamerbasecolor.sty) (/usr/local/texlive/2020/texmf-dist/tex/latex/beamer/beamerbasenotes.sty
\beamer@frameboxcopy=\box65
) (/usr/local/texlive/2020/texmf-dist/tex/latex/beamer/beamerbasetoc.sty) (/usr/local/texlive/2020/texmf-dist/tex/latex/beamer/beamerbasetemplates.sty
\beamer@sbttoks=\toks31

(/usr/local/texlive/2020/texmf-dist/tex/latex/beamer/beamerbaseauxtemplates.sty (/usr/local/texlive/2020/texmf-dist/tex/latex/beamer/beamerbaseboxes.sty
\bmb@box=\box66
\bmb@colorbox=\box67
\bmb@boxshadow=\box68
\bmb@boxshadowball=\box69
\bmb@boxshadowballlarge=\box70
\bmb@temp=\dimen260
\bmb@dima=\dimen261
\bmb@dimb=\dimen262
\bmb@prevheight=\dimen263
)
\beamer@blockheadheight=\dimen264
)) (/usr/local/texlive/2020/texmf-dist/tex/latex/beamer/beamerbaselocalstructure.sty (/usr/local/texlive/2020/texmf-dist/tex/latex/tools/enumerate.sty
Package: enumerate 2015/07/23 v3.00 enumerate extensions (DPC)
\@enLab=\toks32
)
\c@figure=\count295
\c@table=\count296
\abovecaptionskip=\skip55
\belowcaptionskip=\skip56
) (/usr/local/texlive/2020/texmf-dist/tex/latex/beamer/beamerbasenavigation.sty
\beamer@section@min@dim=\dimen265
) (/usr/local/texlive/2020/texmf-dist/tex/latex/beamer/beamerbasetheorems.sty (/usr/local/texlive/2020/texmf-dist/tex/latex/amsmath/amsmath.sty
Package: amsmath 2020/01/20 v2.17e AMS math features
\@mathmargin=\skip57

For additional information on amsmath, use the `?' option.
(/usr/local/texlive/2020/texmf-dist/tex/latex/amsmath/amstext.sty
Package: amstext 2000/06/29 v2.01 AMS text
 (/usr/local/texlive/2020/texmf-dist/tex/latex/amsmath/amsgen.sty
File: amsgen.sty 1999/11/30 v2.0 generic functions
\@emptytoks=\toks33
\ex@=\dimen266
)) (/usr/local/texlive/2020/texmf-dist/tex/latex/amsmath/amsbsy.sty
Package: amsbsy 1999/11/29 v1.2d Bold Symbols
\pmbraise@=\dimen267
) (/usr/local/texlive/2020/texmf-dist/tex/latex/amsmath/amsopn.sty
Package: amsopn 2016/03/08 v2.02 operator names
)
\inf@bad=\count297
LaTeX Info: Redefining \frac on input line 227.
\uproot@=\count298
\leftroot@=\count299
LaTeX Info: Redefining \overline on input line 389.
\classnum@=\count300
\DOTSCASE@=\count301
LaTeX Info: Redefining \ldots on input line 486.
LaTeX Info: Redefining \dots on input line 489.
LaTeX Info: Redefining \cdots on input line 610.
\Mathstrutbox@=\box71
\strutbox@=\box72
\big@size=\dimen268
LaTeX Font Info:    Redeclaring font encoding OML on input line 733.
LaTeX Font Info:    Redeclaring font encoding OMS on input line 734.
\macc@depth=\count302
\c@MaxMatrixCols=\count303
\dotsspace@=\muskip17
\c@parentequation=\count304
\dspbrk@lvl=\count305
\tag@help=\toks34
\row@=\count306
\column@=\count307
\maxfields@=\count308
\andhelp@=\toks35
\eqnshift@=\dimen269
\alignsep@=\dimen270
\tagshift@=\dimen271
\tagwidth@=\dimen272
\totwidth@=\dimen273
\lineht@=\dimen274
\@envbody=\toks36
\multlinegap=\skip58
\multlinetaggap=\skip59
\mathdisplay@stack=\toks37
LaTeX Info: Redefining \[ on input line 2859.
LaTeX Info: Redefining \] on input line 2860.
) (/usr/local/texlive/2020/texmf-dist/tex/latex/amscls/amsthm.sty
Package: amsthm 2017/10/31 v2.20.4
\thm@style=\toks38
\thm@bodyfont=\toks39
\thm@headfont=\toks40
\thm@notefont=\toks41
\thm@headpunct=\toks42
\thm@preskip=\skip60
\thm@postskip=\skip61
\thm@headsep=\skip62
\dth@everypar=\toks43
)
\c@theorem=\count309
) (/usr/local/texlive/2020/texmf-dist/tex/latex/beamer/beamerbasethemes.sty)) (/usr/local/texlive/2020/texmf-dist/tex/latex/beamer/beamerthemedefault.sty (/usr/local/texlive/2020/texmf-dist/tex/latex/beamer/beamerfontthemedefault.sty) (/usr/local/texlive/2020/texmf-dist/tex/latex/beamer/beamercolorthemedefault.sty) (/usr/local/texlive/2020/texmf-dist/tex/latex/beamer/beamerinnerthemedefault.sty
\beamer@dima=\dimen275
\beamer@dimb=\dimen276
) (/usr/local/texlive/2020/texmf-dist/tex/latex/beamer/beamerouterthemedefault.sty))) (../beamer_preamble.tex (/usr/local/texlive/2020/texmf-dist/tex/latex/appendixnumberbeamer/appendixnumberbeamer.sty)
LaTeX Font Info:    Trying to load font information for U+msa on input line 107.
 (/usr/local/texlive/2020/texmf-dist/tex/latex/amsfonts/umsa.fd
File: umsa.fd 2013/01/14 v3.01 AMS symbols A
)
LaTeX Font Info:    Trying to load font information for U+msb on input line 107.

(/usr/local/texlive/2020/texmf-dist/tex/latex/amsfonts/umsb.fd
File: umsb.fd 2013/01/14 v3.01 AMS symbols B
)
Package hyperref Info: Option `colorlinks' set `true' on input line 161.
 (/usr/local/texlive/2020/texmf-dist/tex/latex/setspace/setspace.sty
Package: setspace 2011/12/19 v6.7a set line spacing
) (/usr/local/texlive/2020/texmf-dist/tex/latex/tools/multicol.sty
Package: multicol 2019/12/09 v1.8y multicolumn formatting (FMi)
\c@tracingmulticols=\count310
\mult@box=\box73
\multicol@leftmargin=\dimen277
\c@unbalance=\count311
\c@collectmore=\count312
\doublecol@number=\count313
\multicoltolerance=\count314
\multicolpretolerance=\count315
\full@width=\dimen278
\page@free=\dimen279
\premulticols=\dimen280
\postmulticols=\dimen281
\multicolsep=\skip63
\multicolbaselineskip=\skip64
\partial@page=\box74
\last@line=\box75
\maxbalancingoverflow=\dimen282
\mult@rightbox=\box76
\mult@grightbox=\box77
\mult@gfirstbox=\box78
\mult@firstbox=\box79
\@tempa=\box80
\@tempa=\box81
\@tempa=\box82
\@tempa=\box83
\@tempa=\box84
\@tempa=\box85
\@tempa=\box86
\@tempa=\box87
\@tempa=\box88
\@tempa=\box89
\@tempa=\box90
\@tempa=\box91
\@tempa=\box92
\@tempa=\box93
\@tempa=\box94
\@tempa=\box95
\@tempa=\box96
\@tempa=\box97
\@tempa=\box98
\@tempa=\box99
\@tempa=\box100
\@tempa=\box101
\@tempa=\box102
\@tempa=\box103
\@tempa=\box104
\@tempa=\box105
\@tempa=\box106
\@tempa=\box107
\@tempa=\box108
\@tempa=\box109
\@tempa=\box110
\@tempa=\box111
\@tempa=\box112
\@tempa=\box113
\@tempa=\box114
\@tempa=\box115
\@tempa=\box116
\c@minrows=\count316
\c@columnbadness=\count317
\c@finalcolumnbadness=\count318
\last@try=\dimen283
\multicolovershoot=\dimen284
\multicolundershoot=\dimen285
\mult@nat@firstbox=\box117
\colbreak@box=\box118
\mc@col@check@num=\count319
) (/usr/local/texlive/2020/texmf-dist/tex/latex/biblatex/biblatex.sty
Package: biblatex 2019/12/01 v3.14 programmable bibliographies (PK/MW)
 (/usr/local/texlive/2020/texmf-dist/tex/latex/logreq/logreq.sty
Package: logreq 2010/08/04 v1.0 xml request logger
\lrq@indent=\count320
 (/usr/local/texlive/2020/texmf-dist/tex/latex/logreq/logreq.def
File: logreq.def 2010/08/04 v1.0 logreq spec v1.0
)) (/usr/local/texlive/2020/texmf-dist/tex/latex/base/ifthen.sty
Package: ifthen 2014/09/29 v1.1c Standard LaTeX ifthen package (DPC)
)
\c@tabx@nest=\count321
\c@listtotal=\count322
\c@listcount=\count323
\c@liststart=\count324
\c@liststop=\count325
\c@citecount=\count326
\c@citetotal=\count327
\c@multicitecount=\count328
\c@multicitetotal=\count329
\c@instcount=\count330
\c@maxnames=\count331
\c@minnames=\count332
\c@maxitems=\count333
\c@minitems=\count334
\c@citecounter=\count335
\c@maxcitecounter=\count336
\c@savedcitecounter=\count337
\c@uniquelist=\count338
\c@uniquename=\count339
\c@refsection=\count340
\c@refsegment=\count341
\c@maxextratitle=\count342
\c@maxextratitleyear=\count343
\c@maxextraname=\count344
\c@maxextradate=\count345
\c@maxextraalpha=\count346
\c@abbrvpenalty=\count347
\c@highnamepenalty=\count348
\c@lownamepenalty=\count349
\c@maxparens=\count350
\c@parenlevel=\count351
\blx@tempcnta=\count352
\blx@tempcntb=\count353
\blx@tempcntc=\count354
\blx@maxsection=\count355
\blx@maxsegment@0=\count356
\blx@notetype=\count357
\blx@parenlevel@text=\count358
\blx@parenlevel@foot=\count359
\blx@sectionciteorder@0=\count360
\blx@entrysetcounter=\count361
\labelnumberwidth=\skip65
\labelalphawidth=\skip66
\biblabelsep=\skip67
\bibitemsep=\skip68
\bibnamesep=\skip69
\bibinitsep=\skip70
\bibparsep=\skip71
\bibhang=\skip72
\blx@bcfin=\read3
\blx@bcfout=\write5
\blx@langwohyphens=\language86
\c@mincomprange=\count362
\c@maxcomprange=\count363
\c@mincompwidth=\count364
Package biblatex Info: Trying to load biblatex default data model...
Package biblatex Info: ... file 'blx-dm.def' found.
 (/usr/local/texlive/2020/texmf-dist/tex/latex/biblatex/blx-dm.def
File: blx-dm.def 2019/12/01 v3.14 biblatex localization (PK/MW)
)
Package biblatex Info: Trying to load biblatex style data model...
Package biblatex Info: ... file 'authoryear.dbx' not found.
Package biblatex Info: Trying to load biblatex custom data model...
Package biblatex Info: ... file 'biblatex-dm.cfg' not found.
\c@afterword=\count365
\c@savedafterword=\count366
\c@annotator=\count367
\c@savedannotator=\count368
\c@author=\count369
\c@savedauthor=\count370
\c@bookauthor=\count371
\c@savedbookauthor=\count372
\c@commentator=\count373
\c@savedcommentator=\count374
\c@editor=\count375
\c@savededitor=\count376
\c@editora=\count377
\c@savededitora=\count378
\c@editorb=\count379
\c@savededitorb=\count380
\c@editorc=\count381
\c@savededitorc=\count382
\c@foreword=\count383
\c@savedforeword=\count384
\c@holder=\count385
\c@savedholder=\count386
\c@introduction=\count387
\c@savedintroduction=\count388
\c@namea=\count389
\c@savednamea=\count390
\c@nameb=\count391
\c@savednameb=\count392
\c@namec=\count393
\c@savednamec=\count394
\c@translator=\count395
\c@savedtranslator=\count396
\c@shortauthor=\count397
\c@savedshortauthor=\count398
\c@shorteditor=\count399
\c@savedshorteditor=\count400
\c@labelname=\count401
\c@savedlabelname=\count402
\c@institution=\count403
\c@savedinstitution=\count404
\c@lista=\count405
\c@savedlista=\count406
\c@listb=\count407
\c@savedlistb=\count408
\c@listc=\count409
\c@savedlistc=\count410
\c@listd=\count411
\c@savedlistd=\count412
\c@liste=\count413
\c@savedliste=\count414
\c@listf=\count415
\c@savedlistf=\count416
\c@location=\count417
\c@savedlocation=\count418
\c@organization=\count419
\c@savedorganization=\count420
\c@origlocation=\count421
\c@savedoriglocation=\count422
\c@origpublisher=\count423
\c@savedorigpublisher=\count424
\c@publisher=\count425
\c@savedpublisher=\count426
\c@language=\count427
\c@savedlanguage=\count428
\c@origlanguage=\count429
\c@savedoriglanguage=\count430
\c@pageref=\count431
\c@savedpageref=\count432
\shorthandwidth=\skip73
\shortjournalwidth=\skip74
\shortserieswidth=\skip75
\shorttitlewidth=\skip76
\shortauthorwidth=\skip77
\shorteditorwidth=\skip78
\locallabelnumberwidth=\skip79
\locallabelalphawidth=\skip80
\localshorthandwidth=\skip81
\localshortjournalwidth=\skip82
\localshortserieswidth=\skip83
\localshorttitlewidth=\skip84
\localshortauthorwidth=\skip85
\localshorteditorwidth=\skip86
Package biblatex Info: Trying to load compatibility code...
Package biblatex Info: ... file 'blx-compat.def' found.
 (/usr/local/texlive/2020/texmf-dist/tex/latex/biblatex/blx-compat.def
File: blx-compat.def 2019/12/01 v3.14 biblatex compatibility (PK/MW)
)
Package biblatex Info: Trying to load generic definitions...
Package biblatex Info: ... file 'biblatex.def' found.
 (/usr/local/texlive/2020/texmf-dist/tex/latex/biblatex/biblatex.def
File: biblatex.def 2019/12/01 v3.14 biblatex compatibility (PK/MW)
\c@textcitecount=\count433
\c@textcitetotal=\count434
\c@textcitemaxnames=\count435
\c@biburlbigbreakpenalty=\count436
\c@biburlbreakpenalty=\count437
\c@biburlnumpenalty=\count438
\c@biburlucpenalty=\count439
\c@biburllcpenalty=\count440
\biburlbigskip=\muskip18
\biburlnumskip=\muskip19
\biburlucskip=\muskip20
\biburllcskip=\muskip21
\c@smartand=\count441
)
Package biblatex Info: Trying to load natbib compatibility...
Package biblatex Info: ... file 'blx-natbib.def' found.
 (/usr/local/texlive/2020/texmf-dist/tex/latex/biblatex/blx-natbib.def
File: blx-natbib.def 2019/12/01 v3.14 biblatex compatibility (PK/MW)
Package biblatex Info: Delimiter 'nameyeardelim' in context '' already defined, overwriting.
)
Package biblatex Info: Trying to load bibliography style 'authoryear'...
Package biblatex Info: ... file 'authoryear.bbx' found.
 (/usr/local/texlive/2020/texmf-dist/tex/latex/biblatex/bbx/authoryear.bbx
File: authoryear.bbx 2019/12/01 v3.14 biblatex bibliography style (PK/MW)
Package biblatex Info: Trying to load bibliography style 'standard'...
Package biblatex Info: ... file 'standard.bbx' found.
 (/usr/local/texlive/2020/texmf-dist/tex/latex/biblatex/bbx/standard.bbx
File: standard.bbx 2019/12/01 v3.14 biblatex bibliography style (PK/MW)
\c@bbx:relatedcount=\count442
\c@bbx:relatedtotal=\count443
))
Package biblatex Info: Trying to load citation style 'authoryear'...
Package biblatex Info: ... file 'authoryear.cbx' found.
 (/usr/local/texlive/2020/texmf-dist/tex/latex/biblatex/cbx/authoryear.cbx
File: authoryear.cbx 2019/12/01 v3.14 biblatex citation style (PK/MW)
Package biblatex Info: Redefining '\cite'.
Package biblatex Info: Redefining '\parencite'.
Package biblatex Info: Redefining '\footcite'.
Package biblatex Info: Redefining '\footcitetext'.
Package biblatex Info: Redefining '\smartcite'.
Package biblatex Info: Redefining '\textcite'.
Package biblatex Info: Redefining '\textcites'.
)
Package biblatex Info: Trying to load configuration file...
Package biblatex Info: ... file 'biblatex.cfg' found.

(/usr/local/texlive/2020/texmf-dist/tex/latex/biblatex/biblatex.cfg
File: biblatex.cfg 
)) (/usr/local/texlive/2020/texmf-dist/tex/latex/adjustbox/adjustbox.sty
Package: adjustbox 2019/01/04 v1.2 Adjusting TeX boxes (trim, clip, ...)
 (/usr/local/texlive/2020/texmf-dist/tex/latex/xkeyval/xkeyval.sty
Package: xkeyval 2014/12/03 v2.7a package option processing (HA)
 (/usr/local/texlive/2020/texmf-dist/tex/generic/xkeyval/xkeyval.tex (/usr/local/texlive/2020/texmf-dist/tex/generic/xkeyval/xkvutils.tex
\XKV@toks=\toks44
\XKV@tempa@toks=\toks45
)
\XKV@depth=\count444
File: xkeyval.tex 2014/12/03 v2.7a key=value parser (HA)
)) (/usr/local/texlive/2020/texmf-dist/tex/latex/adjustbox/adjcalc.sty
Package: adjcalc 2012/05/16 v1.1 Provides advanced setlength with multiple back-ends (calc, etex, pgfmath)
) (/usr/local/texlive/2020/texmf-dist/tex/latex/adjustbox/trimclip.sty
Package: trimclip 2018/04/08 v1.1 Trim and clip general TeX material
 (/usr/local/texlive/2020/texmf-dist/tex/latex/collectbox/collectbox.sty
Package: collectbox 2012/05/17 v0.4b Collect macro arguments as boxes
\collectedbox=\box119
)
\tc@llx=\dimen286
\tc@lly=\dimen287
\tc@urx=\dimen288
\tc@ury=\dimen289
Package trimclip Info: Using driver 'tc-pdftex.def'.
 (/usr/local/texlive/2020/texmf-dist/tex/latex/adjustbox/tc-pdftex.def
File: tc-pdftex.def 2019/01/04 v2.2 Clipping driver for pdftex
))
\adjbox@Width=\dimen290
\adjbox@Height=\dimen291
\adjbox@Depth=\dimen292
\adjbox@Totalheight=\dimen293
\adjbox@pwidth=\dimen294
\adjbox@pheight=\dimen295
\adjbox@pdepth=\dimen296
\adjbox@ptotalheight=\dimen297
 (/usr/local/texlive/2020/texmf-dist/tex/latex/ifoddpage/ifoddpage.sty
Package: ifoddpage 2016/04/23 v1.1 Conditionals for odd/even page detection
\c@checkoddpage=\count445
) (/usr/local/texlive/2020/texmf-dist/tex/latex/varwidth/varwidth.sty
Package: varwidth 2009/03/30 ver 0.92;  Variable-width minipages
\@vwid@box=\box120
\sift@deathcycles=\count446
\@vwid@loff=\dimen298
\@vwid@roff=\dimen299
)) (/usr/local/texlive/2020/texmf-dist/tex/latex/tools/array.sty
Package: array 2019/08/31 v2.4l Tabular extension package (FMi)
\col@sep=\dimen300
\ar@mcellbox=\box121
\extrarowheight=\dimen301
\NC@list=\toks46
\extratabsurround=\skip87
\backup@length=\skip88
\ar@cellbox=\box122
) (/usr/local/texlive/2020/texmf-dist/tex/latex/threeparttable/threeparttable.sty
Package: threeparttable 2003/06/13  v 3.0
\@tempboxb=\box123
) (/usr/local/texlive/2020/texmf-dist/tex/latex/booktabs/booktabs.sty
Package: booktabs 2020/01/12 v1.61803398 Publication quality tables
\heavyrulewidth=\dimen302
\lightrulewidth=\dimen303
\cmidrulewidth=\dimen304
\belowrulesep=\dimen305
\belowbottomsep=\dimen306
\aboverulesep=\dimen307
\abovetopsep=\dimen308
\cmidrulesep=\dimen309
\cmidrulekern=\dimen310
\defaultaddspace=\dimen311
\@cmidla=\count447
\@cmidlb=\count448
\@aboverulesep=\dimen312
\@belowrulesep=\dimen313
\@thisruleclass=\count449
\@lastruleclass=\count450
\@thisrulewidth=\dimen314
)
(/usr/local/texlive/2020/texmf-dist/tex/latex/tools/tabularx.sty
Package: tabularx 2020/01/15 v2.11c `tabularx' package (DPC)
\TX@col@width=\dimen315
\TX@old@table=\dimen316
\TX@old@col=\dimen317
\TX@target=\dimen318
\TX@delta=\dimen319
\TX@cols=\count451
\TX@ftn=\toks47
) (/usr/local/texlive/2020/texmf-dist/tex/latex/subfigure/subfigure.sty
Package: subfigure 2002/03/15 v2.1.5 subfigure package
\subfigtopskip=\skip89
\subfigcapskip=\skip90
\subfigcaptopadj=\dimen320
\subfigbottomskip=\skip91
\subfigcapmargin=\dimen321
\subfiglabelskip=\skip92
\c@subfigure=\count452
\c@lofdepth=\count453
\c@subtable=\count454
\c@lotdepth=\count455

****************************************
* Local config file subfigure.cfg used *
****************************************
(/usr/local/texlive/2020/texmf-dist/tex/latex/subfigure/subfigure.cfg)
\subfig@top=\skip93
\subfig@bottom=\skip94
) (/usr/local/texlive/2020/texmf-dist/tex/latex/hf-tikz/hf-tikz.sty
Package: hf-tikz 2014/07/25 v0.3a A simple way to highlight formulas and formula parts.
 (/usr/local/texlive/2020/texmf-dist/tex/latex/pgf/frontendlayer/tikz.sty (/usr/local/texlive/2020/texmf-dist/tex/latex/pgf/basiclayer/pgf.sty
Package: pgf 2020/01/08 v3.1.5b (3.1.5b)
 (/usr/local/texlive/2020/texmf-dist/tex/generic/pgf/modules/pgfmoduleshapes.code.tex
File: pgfmoduleshapes.code.tex 2020/01/08 v3.1.5b (3.1.5b)
\pgfnodeparttextbox=\box124
) (/usr/local/texlive/2020/texmf-dist/tex/generic/pgf/modules/pgfmoduleplot.code.tex
File: pgfmoduleplot.code.tex 2020/01/08 v3.1.5b (3.1.5b)
) (/usr/local/texlive/2020/texmf-dist/tex/latex/pgf/compatibility/pgfcomp-version-0-65.sty
Package: pgfcomp-version-0-65 2020/01/08 v3.1.5b (3.1.5b)
\pgf@nodesepstart=\dimen322
\pgf@nodesepend=\dimen323
) (/usr/local/texlive/2020/texmf-dist/tex/latex/pgf/compatibility/pgfcomp-version-1-18.sty
Package: pgfcomp-version-1-18 2020/01/08 v3.1.5b (3.1.5b)
)) (/usr/local/texlive/2020/texmf-dist/tex/latex/pgf/utilities/pgffor.sty (/usr/local/texlive/2020/texmf-dist/tex/latex/pgf/utilities/pgfkeys.sty (/usr/local/texlive/2020/texmf-dist/tex/generic/pgf/utilities/pgfkeys.code.tex)) (/usr/local/texlive/2020/texmf-dist/tex/latex/pgf/math/pgfmath.sty (/usr/local/texlive/2020/texmf-dist/tex/generic/pgf/math/pgfmath.code.tex))
(/usr/local/texlive/2020/texmf-dist/tex/generic/pgf/utilities/pgffor.code.tex
Package: pgffor 2020/01/08 v3.1.5b (3.1.5b)
 (/usr/local/texlive/2020/texmf-dist/tex/generic/pgf/math/pgfmath.code.tex)
\pgffor@iter=\dimen324
\pgffor@skip=\dimen325
\pgffor@stack=\toks48
\pgffor@toks=\toks49
)) (/usr/local/texlive/2020/texmf-dist/tex/generic/pgf/frontendlayer/tikz/tikz.code.tex
Package: tikz 2020/01/08 v3.1.5b (3.1.5b)
 (/usr/local/texlive/2020/texmf-dist/tex/generic/pgf/libraries/pgflibraryplothandlers.code.tex
File: pgflibraryplothandlers.code.tex 2020/01/08 v3.1.5b (3.1.5b)
\pgf@plot@mark@count=\count456
\pgfplotmarksize=\dimen326
)
\tikz@lastx=\dimen327
\tikz@lasty=\dimen328
\tikz@lastxsaved=\dimen329
\tikz@lastysaved=\dimen330
\tikz@lastmovetox=\dimen331
\tikz@lastmovetoy=\dimen332
\tikzleveldistance=\dimen333
\tikzsiblingdistance=\dimen334
\tikz@figbox=\box125
\tikz@figbox@bg=\box126
\tikz@tempbox=\box127
\tikz@tempbox@bg=\box128
\tikztreelevel=\count457
\tikznumberofchildren=\count458
\tikznumberofcurrentchild=\count459
\tikz@fig@count=\count460
 (/usr/local/texlive/2020/texmf-dist/tex/generic/pgf/modules/pgfmodulematrix.code.tex
File: pgfmodulematrix.code.tex 2020/01/08 v3.1.5b (3.1.5b)
\pgfmatrixcurrentrow=\count461
\pgfmatrixcurrentcolumn=\count462
\pgf@matrix@numberofcolumns=\count463
)
\tikz@expandcount=\count464
 (/usr/local/texlive/2020/texmf-dist/tex/generic/pgf/frontendlayer/tikz/libraries/tikzlibrarytopaths.code.tex
File: tikzlibrarytopaths.code.tex 2020/01/08 v3.1.5b (3.1.5b)
))) (/usr/local/texlive/2020/texmf-dist/tex/generic/pgf/frontendlayer/tikz/libraries/tikzlibraryshadings.code.tex
File: tikzlibraryshadings.code.tex 2020/01/08 v3.1.5b (3.1.5b)
 (/usr/local/texlive/2020/texmf-dist/tex/generic/pgf/libraries/pgflibraryshadings.code.tex
File: pgflibraryshadings.code.tex 2020/01/08 v3.1.5b (3.1.5b)
)) (/usr/local/texlive/2020/texmf-dist/tex/latex/l3packages/xparse/xparse.sty (/usr/local/texlive/2020/texmf-dist/tex/latex/l3kernel/expl3.sty
Package: expl3 2020-03-06 L3 programming layer (loader) 
 (/usr/local/texlive/2020/texmf-dist/tex/latex/l3backend/l3backend-pdfmode.def
File: l3backend-pdfmode.def 2020-03-12 L3 backend support: PDF mode
\l__kernel_color_stack_int=\count465
\l__pdf_internal_box=\box129
))
Package: xparse 2020-03-06 L3 Experimental document command parser
\l__xparse_current_arg_int=\count466
\g__xparse_grabber_int=\count467
\l__xparse_m_args_int=\count468
\l__xparse_v_nesting_int=\count469
)
\c@jumping=\count470
)
(/usr/local/texlive/2020/texmf-dist/tex/generic/pgf/frontendlayer/tikz/libraries/tikzlibrarycalc.code.tex
File: tikzlibrarycalc.code.tex 2020/01/08 v3.1.5b (3.1.5b)
) (/usr/local/texlive/2020/texmf-dist/tex/generic/pgf/frontendlayer/tikz/libraries/tikzlibraryfit.code.tex
File: tikzlibraryfit.code.tex 2020/01/08 v3.1.5b (3.1.5b)
) (/usr/local/texlive/2020/texmf-dist/tex/generic/pgf/frontendlayer/tikz/libraries/tikzlibraryshapes.misc.code.tex
File: tikzlibraryshapes.misc.code.tex 2020/01/08 v3.1.5b (3.1.5b)
 (/usr/local/texlive/2020/texmf-dist/tex/generic/pgf/libraries/shapes/pgflibraryshapes.misc.code.tex
File: pgflibraryshapes.misc.code.tex 2020/01/08 v3.1.5b (3.1.5b)
)))
\@quotelevel=\count471
\@quotereset=\count472
 (./causal_inference.aux)
\openout1 = `causal_inference.aux'.

LaTeX Font Info:    Checking defaults for OML/cmm/m/it on input line 11.
LaTeX Font Info:    ... okay on input line 11.
LaTeX Font Info:    Checking defaults for OMS/cmsy/m/n on input line 11.
LaTeX Font Info:    ... okay on input line 11.
LaTeX Font Info:    Checking defaults for OT1/cmr/m/n on input line 11.
LaTeX Font Info:    ... okay on input line 11.
LaTeX Font Info:    Checking defaults for T1/cmr/m/n on input line 11.
LaTeX Font Info:    ... okay on input line 11.
LaTeX Font Info:    Checking defaults for TS1/cmr/m/n on input line 11.
LaTeX Font Info:    ... okay on input line 11.
LaTeX Font Info:    Checking defaults for OMX/cmex/m/n on input line 11.
LaTeX Font Info:    ... okay on input line 11.
LaTeX Font Info:    Checking defaults for U/cmr/m/n on input line 11.
LaTeX Font Info:    ... okay on input line 11.
LaTeX Font Info:    Checking defaults for PD1/pdf/m/n on input line 11.
LaTeX Font Info:    ... okay on input line 11.

*geometry* driver: auto-detecting
*geometry* detected driver: pdftex
*geometry* verbose mode - [ preamble ] result:
* driver: pdftex
* paper: custom
* layout: <same size as paper>
* layoutoffset:(h,v)=(0.0pt,0.0pt)
* modes: includehead includefoot 
* h-part:(L,W,R)=(25.0pt, 324.19536pt, 15.0pt)
* v-part:(T,H,B)=(0.0pt, 273.14662pt, 0.0pt)
* \paperwidth=364.19536pt
* \paperheight=273.14662pt
* \textwidth=324.19536pt
* \textheight=244.6939pt
* \oddsidemargin=-47.26999pt
* \evensidemargin=-47.26999pt
* \topmargin=-72.26999pt
* \headheight=14.22636pt
* \headsep=0.0pt
* \topskip=11.0pt
* \footskip=14.22636pt
* \marginparwidth=4.0pt
* \marginparsep=10.0pt
* \columnsep=10.0pt
* \skip\footins=10.0pt plus 4.0pt minus 2.0pt
* \hoffset=0.0pt
* \voffset=0.0pt
* \mag=1000
* \@twocolumnfalse
* \@twosidefalse
* \@mparswitchfalse
* \@reversemarginfalse
* (1in=72.27pt=25.4mm, 1cm=28.453pt)

(/usr/local/texlive/2020/texmf-dist/tex/context/base/mkii/supp-pdf.mkii
[Loading MPS to PDF converter (version 2006.09.02).]
\scratchcounter=\count473
\scratchdimen=\dimen335
\scratchbox=\box130
\nofMPsegments=\count474
\nofMParguments=\count475
\everyMPshowfont=\toks50
\MPscratchCnt=\count476
\MPscratchDim=\dimen336
\MPnumerator=\count477
\makeMPintoPDFobject=\count478
\everyMPtoPDFconversion=\toks51
) (/usr/local/texlive/2020/texmf-dist/tex/latex/epstopdf-pkg/epstopdf-base.sty
Package: epstopdf-base 2020-01-24 v2.11 Base part for package epstopdf
 (/usr/local/texlive/2020/texmf-dist/tex/latex/grfext/grfext.sty
Package: grfext 2019/12/03 v1.3 Manage graphics extensions (HO)
)
Package epstopdf-base Info: Redefining graphics rule for `.eps' on input line 485.
Package grfext Info: Graphics extension search list:
(grfext)             [.pdf,.png,.jpg,.mps,.jpeg,.jbig2,.jb2,.PDF,.PNG,.JPG,.JPEG,.JBIG2,.JB2,.eps]
(grfext)             \AppendGraphicsExtensions on input line 504.
 (/usr/local/texlive/2020/texmf-dist/tex/latex/latexconfig/epstopdf-sys.cfg
File: epstopdf-sys.cfg 2010/07/13 v1.3 Configuration of (r)epstopdf for TeX Live
)) ABD: EveryShipout initializing macros
\AtBeginShipoutBox=\box131
Package hyperref Info: Link coloring ON on input line 11.
 (/usr/local/texlive/2020/texmf-dist/tex/latex/hyperref/nameref.sty
Package: nameref 2019/09/16 v2.46 Cross-referencing by name of section
 (/usr/local/texlive/2020/texmf-dist/tex/latex/refcount/refcount.sty
Package: refcount 2019/12/15 v3.6 Data extraction from label references (HO)
) (/usr/local/texlive/2020/texmf-dist/tex/generic/gettitlestring/gettitlestring.sty
Package: gettitlestring 2019/12/15 v1.6 Cleanup title references (HO)
)
\c@section@level=\count479
)
LaTeX Info: Redefining \ref on input line 11.
LaTeX Info: Redefining \pageref on input line 11.
LaTeX Info: Redefining \nameref on input line 11.
 (./causal_inference.out) (./causal_inference.out)
\@outlinefile=\write6
\openout6 = `causal_inference.out'.

LaTeX Font Info:    Overwriting symbol font `operators' in version `normal'
(Font)                  OT1/cmr/m/n --> OT1/cmss/m/n on input line 11.
LaTeX Font Info:    Overwriting symbol font `operators' in version `bold'
(Font)                  OT1/cmr/bx/n --> OT1/cmss/b/n on input line 11.
\symnumbers=\mathgroup6
\sympureletters=\mathgroup7
LaTeX Font Info:    Overwriting math alphabet `\mathrm' in version `normal'
(Font)                  OT1/cmss/m/n --> OT1/cmr/m/n on input line 11.
LaTeX Font Info:    Redeclaring math alphabet \mathbf on input line 11.
LaTeX Font Info:    Overwriting math alphabet `\mathbf' in version `normal'
(Font)                  OT1/cmr/bx/n --> OT1/cmss/b/n on input line 11.
LaTeX Font Info:    Overwriting math alphabet `\mathbf' in version `bold'
(Font)                  OT1/cmr/bx/n --> OT1/cmss/b/n on input line 11.
LaTeX Font Info:    Redeclaring math alphabet \mathsf on input line 11.
LaTeX Font Info:    Overwriting math alphabet `\mathsf' in version `normal'
(Font)                  OT1/cmss/m/n --> OT1/cmss/m/n on input line 11.
LaTeX Font Info:    Overwriting math alphabet `\mathsf' in version `bold'
(Font)                  OT1/cmss/bx/n --> OT1/cmss/m/n on input line 11.
LaTeX Font Info:    Redeclaring math alphabet \mathit on input line 11.
LaTeX Font Info:    Overwriting math alphabet `\mathit' in version `normal'
(Font)                  OT1/cmr/m/it --> OT1/cmss/m/it on input line 11.
LaTeX Font Info:    Overwriting math alphabet `\mathit' in version `bold'
(Font)                  OT1/cmr/bx/it --> OT1/cmss/m/it on input line 11.
LaTeX Font Info:    Redeclaring math alphabet \mathtt on input line 11.
LaTeX Font Info:    Overwriting math alphabet `\mathtt' in version `normal'
(Font)                  OT1/cmtt/m/n --> OT1/cmtt/m/n on input line 11.
LaTeX Font Info:    Overwriting math alphabet `\mathtt' in version `bold'
(Font)                  OT1/cmtt/m/n --> OT1/cmtt/m/n on input line 11.
LaTeX Font Info:    Overwriting symbol font `numbers' in version `bold'
(Font)                  OT1/cmss/m/n --> OT1/cmss/b/n on input line 11.
LaTeX Font Info:    Overwriting symbol font `pureletters' in version `bold'
(Font)                  OT1/cmss/m/it --> OT1/cmss/b/it on input line 11.
LaTeX Font Info:    Overwriting math alphabet `\mathrm' in version `bold'
(Font)                  OT1/cmss/b/n --> OT1/cmr/b/n on input line 11.
LaTeX Font Info:    Overwriting math alphabet `\mathbf' in version `bold'
(Font)                  OT1/cmss/b/n --> OT1/cmss/b/n on input line 11.
LaTeX Font Info:    Overwriting math alphabet `\mathsf' in version `bold'
(Font)                  OT1/cmss/m/n --> OT1/cmss/b/n on input line 11.
LaTeX Font Info:    Overwriting math alphabet `\mathit' in version `bold'
(Font)                  OT1/cmss/m/it --> OT1/cmss/b/it on input line 11.
LaTeX Font Info:    Overwriting math alphabet `\mathtt' in version `bold'
(Font)                  OT1/cmtt/m/n --> OT1/cmtt/b/n on input line 11.
LaTeX Font Info:    Redeclaring symbol font `pureletters' on input line 11.
LaTeX Font Info:    Overwriting symbol font `pureletters' in version `normal'
(Font)                  OT1/cmss/m/it --> OT1/mathkerncmss/m/sl on input line 11.
LaTeX Font Info:    Overwriting symbol font `pureletters' in version `bold'
(Font)                  OT1/cmss/b/it --> OT1/mathkerncmss/m/sl on input line 11.
LaTeX Font Info:    Overwriting symbol font `pureletters' in version `bold'
(Font)                  OT1/mathkerncmss/m/sl --> OT1/mathkerncmss/bx/sl on input line 11.
 (/usr/local/texlive/2020/texmf-dist/tex/latex/translator/translator-basic-dictionary-English.dict
Dictionary: translator-basic-dictionary, Language: English 
) (/usr/local/texlive/2020/texmf-dist/tex/latex/translator/translator-bibliography-dictionary-English.dict
Dictionary: translator-bibliography-dictionary, Language: English 
) (/usr/local/texlive/2020/texmf-dist/tex/latex/translator/translator-environment-dictionary-English.dict
Dictionary: translator-environment-dictionary, Language: English 
) (/usr/local/texlive/2020/texmf-dist/tex/latex/translator/translator-months-dictionary-English.dict
Dictionary: translator-months-dictionary, Language: English 
)
(/usr/local/texlive/2020/texmf-dist/tex/latex/translator/translator-numbers-dictionary-English.dict
Dictionary: translator-numbers-dictionary, Language: English 
) (/usr/local/texlive/2020/texmf-dist/tex/latex/translator/translator-theorem-dictionary-English.dict
Dictionary: translator-theorem-dictionary, Language: English 
)
Package biblatex Info: Trying to load language 'english'...
Package biblatex Info: ... file 'english.lbx' found.
 (/usr/local/texlive/2020/texmf-dist/tex/latex/biblatex/lbx/english.lbx
File: english.lbx 2019/12/01 v3.14 biblatex localization (PK/MW)
)
Package biblatex Info: Input encoding 'utf8' detected.
Package biblatex Info: Automatic encoding selection.
(biblatex)             Assuming data encoding 'utf8'.
\openout5 = `causal_inference.bcf'.

Package biblatex Info: Trying to load bibliographic data...
Package biblatex Info: ... file 'causal_inference.bbl' found.
 (./causal_inference.bbl)
Package biblatex Info: Reference section=0 on input line 11.
Package biblatex Info: Reference segment=0 on input line 11.
 (./causal_inference.nav)
Overfull \hbox (2.12503pt too wide) in paragraph at lines 11--11
[][]  
 []


./causal_inference.tex:17: LaTeX Error: There's no line here to end.

See the LaTeX manual or LaTeX Companion for explanation.
Type  H <return>  for immediate help.
 ...                                              
                                                  
l.17 \end{frame}
                
Your command was ignored.
Type  I <command> <return>  to replace it with another command,
or  <return>  to continue without it.


Overfull \hbox (2.12503pt too wide) has occurred while \output is active
[][] 
 []

[1

{/usr/local/texlive/2020/texmf-var/fonts/map/pdftex/updmap/pdftex.map}] (./causal_inference.toc)
Overfull \hbox (2.12503pt too wide) has occurred while \output is active
[][] 
 []

[2

]
Overfull \hbox (2.12503pt too wide) has occurred while \output is active
[][] 
 []

[3

]
LaTeX Font Info:    Trying to load font information for OT1+mathkerncmss on input line 58.
 (/usr/local/texlive/2020/texmf-dist/tex/latex/sansmathaccent/ot1mathkerncmss.fd
File: ot1mathkerncmss.fd 2020/01/31 Fontinst v1.933 font definitions for OT1/mathkerncmss.
)
Overfull \hbox (2.12503pt too wide) has occurred while \output is active
[][] 
 []

[4

]
Overfull \hbox (2.12503pt too wide) has occurred while \output is active
[][] 
 []

[5

]
<../img/smoking1.jpg, id=99, 1676.2625pt x 672.5125pt>
File: ../img/smoking1.jpg Graphic file (type jpg)
<use ../img/smoking1.jpg>
Package pdftex.def Info: ../img/smoking1.jpg  used on input line 86.
(pdftex.def)             Requested size: 324.19536pt x 130.0568pt.

Overfull \hbox (2.12503pt too wide) has occurred while \output is active
[][] 
 []

[6

 <../img/smoking1.jpg>]
<../img/smoking2.jpg, id=105, 1674.255pt x 694.595pt>
File: ../img/smoking2.jpg Graphic file (type jpg)
<use ../img/smoking2.jpg>
Package pdftex.def Info: ../img/smoking2.jpg  used on input line 96.
(pdftex.def)             Requested size: 324.19536pt x 134.4969pt.

Overfull \hbox (2.12503pt too wide) has occurred while \output is active
[][] 
 []

[7

 <../img/smoking2.jpg>]
Overfull \hbox (2.12503pt too wide) has occurred while \output is active
[][] 
 []

[8

]
Overfull \hbox (2.12503pt too wide) has occurred while \output is active
[][] 
 []

[9

]
Overfull \hbox (2.12503pt too wide) has occurred while \output is active
[][] 
 []

[10

] (./causal_inference.toc)
Overfull \hbox (2.12503pt too wide) has occurred while \output is active
[][] 
 []

[11

]
Overfull \hbox (2.12503pt too wide) has occurred while \output is active
[][] 
 []

[12

]
Overfull \hbox (2.12503pt too wide) has occurred while \output is active
[][] 
 []

[13

]
<../img/pollution_dag.jpg, id=155, 919.435pt x 313.17pt>
File: ../img/pollution_dag.jpg Graphic file (type jpg)
<use ../img/pollution_dag.jpg>
Package pdftex.def Info: ../img/pollution_dag.jpg  used on input line 183.
(pdftex.def)             Requested size: 243.14651pt x 82.81761pt.

Overfull \hbox (2.12503pt too wide) has occurred while \output is active
[][] 
 []

[14

 <../img/pollution_dag.jpg>]
<../img/china_pollution.png, id=163, 666.49pt x 583.17876pt>
File: ../img/china_pollution.png Graphic file (type png)
<use ../img/china_pollution.png>
Package pdftex.def Info: ../img/china_pollution.png  used on input line 193.
(pdftex.def)             Requested size: 291.77383pt x 255.30914pt.

Overfull \vbox (31.91849pt too high) detected at line 193
 []


Overfull \hbox (2.12503pt too wide) has occurred while \output is active
[][] 
 []

[15

 <../img/china_pollution.png>]
<../img/china_pollution_dag.png, id=172, 1274.7625pt x 312.16624pt>
File: ../img/china_pollution_dag.png Graphic file (type png)
<use ../img/china_pollution_dag.png>
Package pdftex.def Info: ../img/china_pollution_dag.png  used on input line 213.
(pdftex.def)             Requested size: 324.19536pt x 79.38937pt.

Overfull \hbox (2.12503pt too wide) has occurred while \output is active
[][] 
 []

[16

 <../img/china_pollution_dag.png>]
File: ../img/china_pollution_dag.png Graphic file (type png)
<use ../img/china_pollution_dag.png>
Package pdftex.def Info: ../img/china_pollution_dag.png  used on input line 213.
(pdftex.def)             Requested size: 324.19536pt x 79.38937pt.

Overfull \hbox (2.12503pt too wide) has occurred while \output is active
[][] 
 []

[17

]
Overfull \hbox (2.12503pt too wide) has occurred while \output is active
[][] 
 []

[18

]
Overfull \hbox (2.12503pt too wide) has occurred while \output is active
[][] 
 []

[19

] (./causal_inference.toc)
Overfull \hbox (2.12503pt too wide) has occurred while \output is active
[][] 
 []

[20

]
Overfull \hbox (2.12503pt too wide) has occurred while \output is active
[][] 
 []

[21

] (./causal_inference.toc)
Overfull \hbox (2.12503pt too wide) has occurred while \output is active
[][] 
 []

[22

]
Overfull \hbox (2.12503pt too wide) has occurred while \output is active
[][] 
 []

[23

]
Overfull \hbox (2.12503pt too wide) has occurred while \output is active
[][] 
 []

[24

]
Overfull \hbox (2.12503pt too wide) has occurred while \output is active
[][] 
 []

[25

]
Overfull \hbox (2.12503pt too wide) has occurred while \output is active
[][] 
 []

[26

]
Overfull \hbox (2.12503pt too wide) has occurred while \output is active
[][] 
 []

[27

]
Overfull \hbox (2.12503pt too wide) has occurred while \output is active
[][] 
 []

[28

]
<../img/matching_dag_distance.png, id=258, 216.5691pt x 60.9477pt>
File: ../img/matching_dag_distance.png Graphic file (type png)
<use ../img/matching_dag_distance.png>
Package pdftex.def Info: ../img/matching_dag_distance.png  used on input line 383.
(pdftex.def)             Requested size: 259.35727pt x 72.99083pt.

Overfull \hbox (2.12503pt too wide) has occurred while \output is active
[][] 
 []

[29

 <../img/matching_dag_distance.png>]
File: ../img/matching_dag_distance.png Graphic file (type png)
<use ../img/matching_dag_distance.png>
Package pdftex.def Info: ../img/matching_dag_distance.png  used on input line 383.
(pdftex.def)             Requested size: 259.35727pt x 72.99083pt.

Overfull \hbox (2.12503pt too wide) has occurred while \output is active
[][] 
 []

[30

]
File: ../img/matching_dag_distance.png Graphic file (type png)
<use ../img/matching_dag_distance.png>
Package pdftex.def Info: ../img/matching_dag_distance.png  used on input line 383.
(pdftex.def)             Requested size: 259.35727pt x 72.99083pt.

Overfull \hbox (2.12503pt too wide) has occurred while \output is active
[][] 
 []

[31

]
File: ../img/matching_dag_distance.png Graphic file (type png)
<use ../img/matching_dag_distance.png>
Package pdftex.def Info: ../img/matching_dag_distance.png  used on input line 383.
(pdftex.def)             Requested size: 259.35727pt x 72.99083pt.

Overfull \hbox (2.12503pt too wide) has occurred while \output is active
[][] 
 []

[32

]
<../img/matching_dag_ps.png, id=283, 263.7855pt x 101.178pt>
File: ../img/matching_dag_ps.png Graphic file (type png)
<use ../img/matching_dag_ps.png>
Package pdftex.def Info: ../img/matching_dag_ps.png  used on input line 402.
(pdftex.def)             Requested size: 324.19536pt x 124.34937pt.

Overfull \vbox (19.65842pt too high) detected at line 402
 []


Overfull \hbox (2.12503pt too wide) has occurred while \output is active
[][] 
 []

[33

 <../img/matching_dag_ps.png>]
File: ../img/matching_dag_ps.png Graphic file (type png)
<use ../img/matching_dag_ps.png>
Package pdftex.def Info: ../img/matching_dag_ps.png  used on input line 402.
(pdftex.def)             Requested size: 324.19536pt x 124.34937pt.

Overfull \vbox (19.65842pt too high) detected at line 402
 []


Overfull \hbox (2.12503pt too wide) has occurred while \output is active
[][] 
 []

[34

]
File: ../img/matching_dag_ps.png Graphic file (type png)
<use ../img/matching_dag_ps.png>
Package pdftex.def Info: ../img/matching_dag_ps.png  used on input line 402.
(pdftex.def)             Requested size: 324.19536pt x 124.34937pt.

Overfull \vbox (19.65842pt too high) detected at line 402
 []


Overfull \hbox (2.12503pt too wide) has occurred while \output is active
[][] 
 []

[35

]
File: ../img/matching_dag_ps.png Graphic file (type png)
<use ../img/matching_dag_ps.png>
Package pdftex.def Info: ../img/matching_dag_ps.png  used on input line 402.
(pdftex.def)             Requested size: 324.19536pt x 124.34937pt.

Overfull \vbox (19.65842pt too high) detected at line 402
 []


Overfull \hbox (2.12503pt too wide) has occurred while \output is active
[][] 
 []

[36

]
<../img/propscore1.png, id=305, 606.265pt x 420.57124pt>
File: ../img/propscore1.png Graphic file (type png)
<use ../img/propscore1.png>
Package pdftex.def Info: ../img/propscore1.png  used on input line 412.
(pdftex.def)             Requested size: 324.19536pt x 224.8975pt.

Overfull \hbox (2.12503pt too wide) has occurred while \output is active
[][] 
 []

[37

 <../img/propscore1.png>]
<../img/propscore2.png, id=313, 501.875pt x 579.16376pt>
File: ../img/propscore2.png Graphic file (type png)
<use ../img/propscore2.png>
Package pdftex.def Info: ../img/propscore2.png  used on input line 422.
(pdftex.def)             Requested size: 194.51918pt x 224.47665pt.

Overfull \hbox (2.12503pt too wide) has occurred while \output is active
[][] 
 []

[38

 <../img/propscore2.png>]
Overfull \hbox (2.12503pt too wide) has occurred while \output is active
[][] 
 []

[39

]
Overfull \hbox (2.12503pt too wide) has occurred while \output is active
[][] 
 []

[40

]
Overfull \hbox (2.12503pt too wide) has occurred while \output is active
[][] 
 []

[41

]
Overfull \hbox (2.12503pt too wide) has occurred while \output is active
[][] 
 []

[42

]
<../img/fe1.pdf, id=339, 361.35pt x 361.35pt>
File: ../img/fe1.pdf Graphic file (type pdf)
<use ../img/fe1.pdf>
Package pdftex.def Info: ../img/fe1.pdf  used on input line 511.
(pdftex.def)             Requested size: 243.14651pt x 243.14534pt.

Overfull \vbox (19.75468pt too high) detected at line 511
 []


Overfull \hbox (2.12503pt too wide) has occurred while \output is active
[][] 
 []

[43

 <../img/fe1.pdf>]
<../img/fe2.pdf, id=352, 361.35pt x 361.35pt>
File: ../img/fe2.pdf Graphic file (type pdf)
<use ../img/fe2.pdf>
Package pdftex.def Info: ../img/fe2.pdf  used on input line 521.
(pdftex.def)             Requested size: 243.14651pt x 243.14534pt.

Overfull \vbox (19.75468pt too high) detected at line 521
 []


Overfull \hbox (2.12503pt too wide) has occurred while \output is active
[][] 
 []

[44

 <../img/fe2.pdf>]
File: ../img/fe2.pdf Graphic file (type pdf)
<use ../img/fe2.pdf>
Package pdftex.def Info: ../img/fe2.pdf  used on input line 531.
(pdftex.def)             Requested size: 243.14651pt x 243.14534pt.

Overfull \vbox (19.75468pt too high) detected at line 531
 []


Overfull \hbox (2.12503pt too wide) has occurred while \output is active
[][] 
 []

[45

]
<../img/fe3.pdf, id=372, 361.35pt x 361.35pt>
File: ../img/fe3.pdf Graphic file (type pdf)
<use ../img/fe3.pdf>
Package pdftex.def Info: ../img/fe3.pdf  used on input line 541.
(pdftex.def)             Requested size: 243.14651pt x 243.14534pt.

Overfull \vbox (19.75468pt too high) detected at line 541
 []


Overfull \hbox (2.12503pt too wide) has occurred while \output is active
[][] 
 []

[46

 <../img/fe3.pdf>]
<../img/fe4.pdf, id=387, 361.35pt x 361.35pt>
File: ../img/fe4.pdf Graphic file (type pdf)
<use ../img/fe4.pdf>
Package pdftex.def Info: ../img/fe4.pdf  used on input line 551.
(pdftex.def)             Requested size: 243.14651pt x 243.14534pt.

Overfull \vbox (19.75468pt too high) detected at line 551
 []


Overfull \hbox (2.12503pt too wide) has occurred while \output is active
[][] 
 []

[47

 <../img/fe4.pdf>]
<../img/fe5.pdf, id=402, 361.35pt x 361.35pt>
File: ../img/fe5.pdf Graphic file (type pdf)
<use ../img/fe5.pdf>
Package pdftex.def Info: ../img/fe5.pdf  used on input line 561.
(pdftex.def)             Requested size: 243.14651pt x 243.14534pt.

Overfull \vbox (19.75468pt too high) detected at line 561
 []


Overfull \hbox (2.12503pt too wide) has occurred while \output is active
[][] 
 []

[48

 <../img/fe5.pdf>]
<../img/fe6.pdf, id=414, 361.35pt x 361.35pt>
File: ../img/fe6.pdf Graphic file (type pdf)
<use ../img/fe6.pdf>
Package pdftex.def Info: ../img/fe6.pdf  used on input line 571.
(pdftex.def)             Requested size: 243.14651pt x 243.14534pt.

Overfull \vbox (19.75468pt too high) detected at line 571
 []


Overfull \hbox (2.12503pt too wide) has occurred while \output is active
[][] 
 []

[49

 <../img/fe6.pdf>]
<../img/fe7.pdf, id=428, 361.35pt x 361.35pt>
File: ../img/fe7.pdf Graphic file (type pdf)
<use ../img/fe7.pdf>
Package pdftex.def Info: ../img/fe7.pdf  used on input line 581.
(pdftex.def)             Requested size: 243.14651pt x 243.14534pt.

Overfull \vbox (19.75468pt too high) detected at line 581
 []


Overfull \hbox (2.12503pt too wide) has occurred while \output is active
[][] 
 []

[50

 <../img/fe7.pdf>]
<../img/fe8.pdf, id=440, 361.35pt x 361.35pt>
File: ../img/fe8.pdf Graphic file (type pdf)
<use ../img/fe8.pdf>
Package pdftex.def Info: ../img/fe8.pdf  used on input line 591.
(pdftex.def)             Requested size: 243.14651pt x 243.14534pt.

Overfull \vbox (19.75468pt too high) detected at line 591
 []


Overfull \hbox (2.12503pt too wide) has occurred while \output is active
[][] 
 []

[51

 <../img/fe8.pdf>]
<../img/fe9.pdf, id=452, 361.35pt x 361.35pt>
File: ../img/fe9.pdf Graphic file (type pdf)
<use ../img/fe9.pdf>
Package pdftex.def Info: ../img/fe9.pdf  used on input line 601.
(pdftex.def)             Requested size: 243.14651pt x 243.14534pt.

Overfull \vbox (19.75468pt too high) detected at line 601
 []


Overfull \hbox (2.12503pt too wide) has occurred while \output is active
[][] 
 []

[52

 <../img/fe9.pdf>]
<../img/fe_data.png, id=467, 683.55376pt x 327.2225pt>
File: ../img/fe_data.png Graphic file (type png)
<use ../img/fe_data.png>
Package pdftex.def Info: ../img/fe_data.png  used on input line 613.
(pdftex.def)             Requested size: 324.19536pt x 155.19762pt.

Overfull \hbox (2.12503pt too wide) has occurred while \output is active
[][] 
 []

[53

 <../img/fe_data.png>]
<../img/fe_lm1.png, id=474, 581.17125pt x 322.20375pt>
File: ../img/fe_lm1.png Graphic file (type png)
<use ../img/fe_lm1.png>
Package pdftex.def Info: ../img/fe_lm1.png  used on input line 623.
(pdftex.def)             Requested size: 324.19536pt x 179.73473pt.

Overfull \hbox (2.12503pt too wide) has occurred while \output is active
[][] 
 []

[54

 <../img/fe_lm1.png>]
<../img/fe_lm2.png, id=481, 624.3325pt x 361.35pt>
File: ../img/fe_lm2.png Graphic file (type png)
<use ../img/fe_lm2.png>
Package pdftex.def Info: ../img/fe_lm2.png  used on input line 633.
(pdftex.def)             Requested size: 324.19536pt x 187.63841pt.

Overfull \hbox (2.12503pt too wide) has occurred while \output is active
[][] 
 []

[55

 <../img/fe_lm2.png>]
Overfull \hbox (2.12503pt too wide) has occurred while \output is active
[][] 
 []

[56

]
Overfull \hbox (2.12503pt too wide) has occurred while \output is active
[][] 
 []

[57

]
Overfull \hbox (2.12503pt too wide) has occurred while \output is active
[][] 
 []

[58

]
<../img/did1.pdf, id=504, 289.08pt x 216.81pt>
File: ../img/did1.pdf Graphic file (type pdf)
<use ../img/did1.pdf>
Package pdftex.def Info: ../img/did1.pdf  used on input line 735.
(pdftex.def)             Requested size: 259.35727pt x 194.5284pt.

Overfull \hbox (2.12503pt too wide) has occurred while \output is active
[][] 
 []

[59

 <../img/did1.pdf>]
<../img/did2.pdf, id=516, 289.08pt x 216.81pt>
File: ../img/did2.pdf Graphic file (type pdf)
<use ../img/did2.pdf>
Package pdftex.def Info: ../img/did2.pdf  used on input line 745.
(pdftex.def)             Requested size: 259.35727pt x 194.5284pt.

Overfull \hbox (2.12503pt too wide) has occurred while \output is active
[][] 
 []

[60

 <../img/did2.pdf>]
<../img/did3.pdf, id=528, 289.08pt x 216.81pt>
File: ../img/did3.pdf Graphic file (type pdf)
<use ../img/did3.pdf>
Package pdftex.def Info: ../img/did3.pdf  used on input line 755.
(pdftex.def)             Requested size: 259.35727pt x 194.5284pt.

Overfull \hbox (2.12503pt too wide) has occurred while \output is active
[][] 
 []

[61

 <../img/did3.pdf>]
<../img/did4.pdf, id=541, 289.08pt x 216.81pt>
File: ../img/did4.pdf Graphic file (type pdf)
<use ../img/did4.pdf>
Package pdftex.def Info: ../img/did4.pdf  used on input line 765.
(pdftex.def)             Requested size: 259.35727pt x 194.5284pt.

Overfull \hbox (2.12503pt too wide) has occurred while \output is active
[][] 
 []

[62

 <../img/did4.pdf>]
<../img/did5.pdf, id=553, 289.08pt x 216.81pt>
File: ../img/did5.pdf Graphic file (type pdf)
<use ../img/did5.pdf>
Package pdftex.def Info: ../img/did5.pdf  used on input line 775.
(pdftex.def)             Requested size: 259.35727pt x 194.5284pt.

Overfull \hbox (2.12503pt too wide) has occurred while \output is active
[][] 
 []

[63

 <../img/did5.pdf>]
<../img/snow_map.png, id=566, 1774.63pt x 727.71875pt>
File: ../img/snow_map.png Graphic file (type png)
<use ../img/snow_map.png>
Package pdftex.def Info: ../img/snow_map.png  used on input line 790.
(pdftex.def)             Requested size: 324.19536pt x 132.93803pt.

Overfull \hbox (2.12503pt too wide) has occurred while \output is active
[][] 
 []

[64

 <../img/snow_map.png>]
<../img/snow_table12_zoom.png, id=573, 419.5675pt x 136.51pt>
File: ../img/snow_table12_zoom.png Graphic file (type png)
<use ../img/snow_table12_zoom.png>
Package pdftex.def Info: ../img/snow_table12_zoom.png  used on input line 806.
(pdftex.def)             Requested size: 127.08647pt x 41.34908pt.
<../img/did_snow.pdf, id=574, 289.08pt x 216.81pt>
File: ../img/did_snow.pdf Graphic file (type pdf)
<use ../img/did_snow.pdf>
Package pdftex.def Info: ../img/did_snow.pdf  used on input line 806.
(pdftex.def)             Requested size: 158.8575pt x 119.14331pt.
<../img/snow_table12.png, id=575, 605.26125pt x 997.7275pt>
File: ../img/snow_table12.png Graphic file (type png)
<use ../img/snow_table12.png>
Package pdftex.def Info: ../img/snow_table12.png  used on input line 806.
(pdftex.def)             Requested size: 158.8575pt x 261.8541pt.

Overfull \vbox (38.46344pt too high) detected at line 806
 []


Overfull \hbox (2.12503pt too wide) has occurred while \output is active
[][] 
 []

[65

 <../img/snow_table12_zoom.png> <../img/did_snow.pdf> <../img/snow_table12.png>]

LaTeX Font Warning: Font shape `OT1/cmss/b/n' undefined
(Font)              using `OT1/cmss/m/n' instead on input line 830.


Overfull \hbox (2.12503pt too wide) has occurred while \output is active
[][] 
 []

[66

]
Overfull \hbox (2.12503pt too wide) has occurred while \output is active
[][] 
 []

[67

]
Overfull \hbox (2.12503pt too wide) has occurred while \output is active
[][] 
 []

[68

]
<../img/did_TJ_hist.jpeg, id=608, 358.941pt x 116.3547pt>
File: ../img/did_TJ_hist.jpeg Graphic file (type jpg)
<use ../img/did_TJ_hist.jpeg>
Package pdftex.def Info: ../img/did_TJ_hist.jpeg  used on input line 887.
(pdftex.def)             Requested size: 324.19536pt x 105.0911pt.

Overfull \hbox (2.12503pt too wide) has occurred while \output is active
[][] 
 []

[69

 <../img/did_TJ_hist.jpeg>]
<../img/did_TJ_groups.png, id=614, 1745.52126pt x 486.81876pt>
File: ../img/did_TJ_groups.png Graphic file (type png)
<use ../img/did_TJ_groups.png>
Package pdftex.def Info: ../img/did_TJ_groups.png  used on input line 897.
(pdftex.def)             Requested size: 324.19536pt x 90.41661pt.

Overfull \hbox (2.12503pt too wide) has occurred while \output is active
[][] 
 []

[70

 <../img/did_TJ_groups.png>]
<../img/did_TJ_base.png, id=621, 1224.575pt x 400.49625pt>
File: ../img/did_TJ_base.png Graphic file (type png)
<use ../img/did_TJ_base.png>
Package pdftex.def Info: ../img/did_TJ_base.png  used on input line 908.
(pdftex.def)             Requested size: 324.19536pt x 106.0271pt.

Overfull \hbox (2.12503pt too wide) has occurred while \output is active
[][] 
 []

[71

 <../img/did_TJ_base.png>]
<../img/did_TJ.jpeg, id=628, 358.941pt x 117.3183pt>
File: ../img/did_TJ.jpeg Graphic file (type jpg)
<use ../img/did_TJ.jpeg>
Package pdftex.def Info: ../img/did_TJ.jpeg  used on input line 918.
(pdftex.def)             Requested size: 324.19536pt x 105.96141pt.

Overfull \hbox (2.12503pt too wide) has occurred while \output is active
[][] 
 []

[72

 <../img/did_TJ.jpeg>]
<../img/posner1.png, id=634, 1689.31125pt x 674.52pt>
File: ../img/posner1.png Graphic file (type png)
<use ../img/posner1.png>
Package pdftex.def Info: ../img/posner1.png  used on input line 930.
(pdftex.def)             Requested size: 324.19536pt x 129.44667pt.

Overfull \hbox (2.12503pt too wide) has occurred while \output is active
[][] 
 []

[73

 <../img/posner1.png>]
<../img/posner2.png, id=641, 1062.97125pt x 841.1425pt>
File: ../img/posner2.png Graphic file (type png)
<use ../img/posner2.png>
Package pdftex.def Info: ../img/posner2.png  used on input line 940.
(pdftex.def)             Requested size: 324.19536pt x 256.54167pt.

Overfull \vbox (33.15102pt too high) detected at line 940
 []


Overfull \hbox (2.12503pt too wide) has occurred while \output is active
[][] 
 []

[74

 <../img/posner2.png>]
Overfull \hbox (2.12503pt too wide) has occurred while \output is active
[][] 
 []

[75

]
<../img/sharp-fuzzy-rd.png, id=653, 1081.03876pt x 547.04375pt>
File: ../img/sharp-fuzzy-rd.png Graphic file (type png)
<use ../img/sharp-fuzzy-rd.png>
Package pdftex.def Info: ../img/sharp-fuzzy-rd.png  used on input line 975.
(pdftex.def)             Requested size: 324.19536pt x 164.0476pt.

Overfull \hbox (2.12503pt too wide) has occurred while \output is active
[][] 
 []

[76

 <../img/sharp-fuzzy-rd.png>]
<../img/rdd_teffect.png, id=660, 720.6925pt x 620.81938pt>
File: ../img/rdd_teffect.png Graphic file (type png)
<use ../img/rdd_teffect.png>
Package pdftex.def Info: ../img/rdd_teffect.png  used on input line 987.
(pdftex.def)             Requested size: 259.35727pt x 223.40955pt.

Overfull \vbox (18.33885pt too high) detected at line 987
 []


Overfull \hbox (2.12503pt too wide) has occurred while \output is active
[][] 
 []

[77

 <../img/rdd_teffect.png>]
<../img/rdd_dag.png, id=667, 1724.4425pt x 322.20375pt>
File: ../img/rdd_dag.png Graphic file (type png)
<use ../img/rdd_dag.png>
Package pdftex.def Info: ../img/rdd_dag.png  used on input line 1005.
(pdftex.def)             Requested size: 324.19536pt x 60.57037pt.

Overfull \hbox (2.12503pt too wide) has occurred while \output is active
[][] 
 []

[78

 <../img/rdd_dag.png>]
<../img/rdd_dag_fuzzy.png, id=675, 317.2653pt x 60.9477pt>
File: ../img/rdd_dag_fuzzy.png Graphic file (type png)
<use ../img/rdd_dag_fuzzy.png>
Package pdftex.def Info: ../img/rdd_dag_fuzzy.png  used on input line 1024.
(pdftex.def)             Requested size: 324.19536pt x 62.28111pt.

Overfull \hbox (2.12503pt too wide) has occurred while \output is active
[][] 
 []

[79

 <../img/rdd_dag_fuzzy.png>]
<../img/rdd_procedure.png, id=682, 505.89pt x 361.35pt>
File: ../img/rdd_procedure.png Graphic file (type png)
<use ../img/rdd_procedure.png>
Package pdftex.def Info: ../img/rdd_procedure.png  used on input line 1036.
(pdftex.def)             Requested size: 324.19536pt x 231.57198pt.

Overfull \vbox (26.05684pt too high) detected at line 1036
 []


Overfull \hbox (2.12503pt too wide) has occurred while \output is active
[][] 
 []

[80

 <../img/rdd_procedure.png>]
Overfull \hbox (30.35709pt too wide) detected at line 1063
[]
 []

<../img/rdd_lm.png, id=689, 505.89pt x 361.35pt>
File: ../img/rdd_lm.png Graphic file (type png)
<use ../img/rdd_lm.png>
Package pdftex.def Info: ../img/rdd_lm.png  used on input line 1063.
(pdftex.def)             Requested size: 158.8575pt x 113.46745pt.

Overfull \hbox (2.12503pt too wide) has occurred while \output is active
[][] 
 []

[81

 <../img/rdd_lm.png>]
<../img/marathon_finishing_times.png, id=696, 722.7pt x 502.87875pt>
File: ../img/marathon_finishing_times.png Graphic file (type png)
<use ../img/marathon_finishing_times.png>
Package pdftex.def Info: ../img/marathon_finishing_times.png  used on input line 1074.
(pdftex.def)             Requested size: 324.19536pt x 225.5874pt.

Overfull \vbox (2.19675pt too high) detected at line 1074
 []


Overfull \hbox (2.12503pt too wide) has occurred while \output is active
[][] 
 []

[82

 <../img/marathon_finishing_times.png>]
<../img/partition_africa.jpeg, id=703, 563.10374pt x 642.4pt>
File: ../img/partition_africa.jpeg Graphic file (type jpg)
<use ../img/partition_africa.jpeg>
Package pdftex.def Info: ../img/partition_africa.jpeg  used on input line 1084.
(pdftex.def)             Requested size: 226.93576pt x 258.89629pt.

Overfull \vbox (35.50563pt too high) detected at line 1084
 []


Overfull \hbox (2.12503pt too wide) has occurred while \output is active
[][] 
 []

[83

 <../img/partition_africa.jpeg>]
Overfull \hbox (2.12503pt too wide) has occurred while \output is active
[][] 
 []

[84

]
Overfull \hbox (2.12503pt too wide) has occurred while \output is active
[][] 
 []

[85

]
Overfull \hbox (2.12503pt too wide) has occurred while \output is active
[][] 
 []

[86

]
Overfull \hbox (2.12503pt too wide) has occurred while \output is active
[][] 
 []

[87

]
Overfull \hbox (2.12503pt too wide) has occurred while \output is active
[][] 
 []

[88

]
Overfull \hbox (2.12503pt too wide) has occurred while \output is active
[][] 
 []

[89

]
<../img/rainfall_conflict.png, id=740, 642.4pt x 670.505pt>
File: ../img/rainfall_conflict.png Graphic file (type png)
<use ../img/rainfall_conflict.png>
Package pdftex.def Info: ../img/rainfall_conflict.png  used on input line 1196.
(pdftex.def)             Requested size: 243.14651pt x 253.78168pt.

Overfull \vbox (30.39102pt too high) detected at line 1196
 []


Overfull \hbox (2.12503pt too wide) has occurred while \output is active
[][] 
 []

[90

 <../img/rainfall_conflict.png>]
<../img/rainfall_papers.png, id=747, 1090.0725pt x 812.03375pt>
File: ../img/rainfall_papers.png Graphic file (type png)
<use ../img/rainfall_papers.png>
Package pdftex.def Info: ../img/rainfall_papers.png  used on input line 1209.
(pdftex.def)             Requested size: 275.56802pt x 205.27542pt.

Overfull \vbox (32.84465pt too high) detected at line 1209
 []


Overfull \hbox (2.12503pt too wide) has occurred while \output is active
[][] 
 []

[91

 <../img/rainfall_papers.png>]
<../img/ivlogic1.png, id=756, 630.355pt x 559.08875pt>
File: ../img/ivlogic1.png Graphic file (type png)
<use ../img/ivlogic1.png>
Package pdftex.def Info: ../img/ivlogic1.png  used on input line 1223.
(pdftex.def)             Requested size: 226.93576pt x 201.28032pt.

Overfull \hbox (2.12503pt too wide) has occurred while \output is active
[][] 
 []

[92

 <../img/ivlogic1.png>]
<../img/ivlogic2.png, id=763, 622.325pt x 566.115pt>
File: ../img/ivlogic2.png Graphic file (type png)
<use ../img/ivlogic2.png>
Package pdftex.def Info: ../img/ivlogic2.png  used on input line 1234.
(pdftex.def)             Requested size: 226.93576pt x 206.4359pt.

Overfull \hbox (2.12503pt too wide) has occurred while \output is active
[][] 
 []

[93

 <../img/ivlogic2.png>]
<../img/ivlogic3.png, id=770, 638.385pt x 571.13374pt>
File: ../img/ivlogic3.png Graphic file (type png)
<use ../img/ivlogic3.png>
Package pdftex.def Info: ../img/ivlogic3.png  used on input line 1245.
(pdftex.def)             Requested size: 226.93576pt x 203.02841pt.

Overfull \hbox (2.12503pt too wide) has occurred while \output is active
[][] 
 []

[94

 <../img/ivlogic3.png>]
<../img/ivlogic4.png, id=777, 640.3925pt x 565.11125pt>
File: ../img/ivlogic4.png Graphic file (type png)
<use ../img/ivlogic4.png>
Package pdftex.def Info: ../img/ivlogic4.png  used on input line 1256.
(pdftex.def)             Requested size: 226.93576pt x 200.25804pt.

Overfull \hbox (2.12503pt too wide) has occurred while \output is active
[][] 
 []

[95

 <../img/ivlogic4.png>]
<../img/ivlogic5.png, id=784, 629.35126pt x 563.10374pt>
File: ../img/ivlogic5.png Graphic file (type png)
<use ../img/ivlogic5.png>
Package pdftex.def Info: ../img/ivlogic5.png  used on input line 1267.
(pdftex.def)             Requested size: 226.93576pt x 203.0437pt.

Overfull \hbox (2.12503pt too wide) has occurred while \output is active
[][] 
 []

[96

 <../img/ivlogic5.png>]
<../img/ivlogic6.png, id=791, 636.3775pt x 570.13pt>
File: ../img/ivlogic6.png Graphic file (type png)
<use ../img/ivlogic6.png>
Package pdftex.def Info: ../img/ivlogic6.png  used on input line 1278.
(pdftex.def)             Requested size: 226.93576pt x 203.30666pt.

Overfull \hbox (2.12503pt too wide) has occurred while \output is active
[][] 
 []

[97

 <../img/ivlogic6.png>]
Overfull \hbox (2.12503pt too wide) has occurred while \output is active
[][] 
 []

[98

]
<../img/carl1.png, id=804, 493.845pt x 473.77pt>
File: ../img/carl1.png Graphic file (type png)
<use ../img/carl1.png>
Package pdftex.def Info: ../img/carl1.png  used on input line 1302.
(pdftex.def)             Requested size: 259.35727pt x 248.8125pt.

Overfull \vbox (25.42184pt too high) detected at line 1302
 []


Overfull \hbox (2.12503pt too wide) has occurred while \output is active
[][] 
 []

[99

 <../img/carl1.png>]
<../img/carl9.png, id=811, 695.59875pt x 347.2975pt>
File: ../img/carl9.png Graphic file (type png)
<use ../img/carl9.png>
Package pdftex.def Info: ../img/carl9.png  used on input line 1312.
(pdftex.def)             Requested size: 324.19536pt x 161.86261pt.

Overfull \hbox (2.12503pt too wide) has occurred while \output is active
[][] 
 []

[100

 <../img/carl9.png>]
<../img/carl10.png, id=818, 699.61375pt x 391.4625pt>
File: ../img/carl10.png Graphic file (type png)
<use ../img/carl10.png>
Package pdftex.def Info: ../img/carl10.png  used on input line 1322.
(pdftex.def)             Requested size: 324.19536pt x 181.40099pt.

Overfull \hbox (2.12503pt too wide) has occurred while \output is active
[][] 
 []

[101

 <../img/carl10.png>]
\tf@nav=\write7
\openout7 = `causal_inference.nav'.

\tf@toc=\write8
\openout8 = `causal_inference.toc'.

\tf@snm=\write9
\openout9 = `causal_inference.snm'.

Package atveryend Info: Empty hook `BeforeClearDocument' on input line 1327.
Package atveryend Info: Empty hook `AfterLastShipout' on input line 1327.
 (./causal_inference.aux)
Package atveryend Info: Executing hook `AtVeryEndDocument' on input line 1327.
Package atveryend Info: Executing hook `AtEndAfterFileList' on input line 1327.
Package rerunfilecheck Info: File `causal_inference.out' has not changed.
(rerunfilecheck)             Checksum: 6A4399F050ABF460BD49A3EA6103B0AB;583.


LaTeX Font Warning: Some font shapes were not available, defaults substituted.

Package logreq Info: Writing requests to 'causal_inference.run.xml'.
\openout1 = `causal_inference.run.xml'.

 ) 
Here is how much of TeX's memory you used:
 30806 strings out of 480608
 607672 string characters out of 5903630
 1234009 words of memory out of 5000000
 45766 multiletter control sequences out of 15000+600000
 549261 words of font info for 84 fonts, out of 8000000 for 9000
 1141 hyphenation exceptions out of 8191
 61i,18n,73p,1141b,790s stack positions out of 5000i,500n,10000p,200000b,80000s
</usr/local/texlive/2020/texmf-dist/fonts/type1/public/amsfonts/cm/cmmi10.pfb></usr/local/texlive/2020/texmf-dist/fonts/type1/public/amsfonts/cm/cmss10.pfb></usr/local/texlive/2020/texmf-dist/fonts/type1/public/amsfonts/cm/cmss12.pfb></usr/local/texlive/2020/texmf-dist/fonts/type1/public/amsfonts/cm/cmss8.pfb></usr/local/texlive/2020/texmf-dist/fonts/type1/public/amsfonts/cm/cmss9.pfb></usr/local/texlive/2020/texmf-dist/fonts/type1/public/amsfonts/cm/cmssbx10.pfb></usr/local/texlive/2020/texmf-dist/fonts/type1/public/amsfonts/cm/cmssi10.pfb></usr/local/texlive/2020/texmf-dist/fonts/type1/public/amsfonts/cm/cmssi8.pfb></usr/local/texlive/2020/texmf-dist/fonts/type1/public/amsfonts/cm/cmssi9.pfb></usr/local/texlive/2020/texmf-dist/fonts/type1/public/amsfonts/cm/cmsy10.pfb></usr/local/texlive/2020/texmf-dist/fonts/type1/public/amsfonts/cm/cmsy6.pfb></usr/local/texlive/2020/texmf-dist/fonts/type1/public/amsfonts/cm/cmsy8.pfb></usr/local/texlive/2020/texmf-dist/fonts/type1/public/amsfonts
/cm/cmtt10.pfb>
Output written on causal_inference.pdf (101 pages, 7266849 bytes).
PDF statistics:
 919 PDF objects out of 1000 (max. 8388607)
 691 compressed objects within 7 object streams
 212 named destinations out of 1000 (max. 500000)
 390 words of extra memory for PDF output out of 10000 (max. 10000000)

