This is pdfTeX, Version 3.141592653-2.6-1.40.25 (TeX Live 2023) (preloaded format=pdflatex 2024.1.13)  15 OCT 2024 15:24
entering extended mode
 restricted \write18 enabled.
 %&-line parsing enabled.
**advanced.tex
(./advanced.tex
LaTeX2e <2022-11-01> patch level 1
L3 programming layer <2023-02-22>
(/usr/local/texlive/2023/texmf-dist/tex/latex/beamer/beamer.cls
Document Class: beamer 2023/02/20 v3.69 A class for typesetting presentations
(/usr/local/texlive/2023/texmf-dist/tex/latex/beamer/beamerbasemodes.sty
(/usr/local/texlive/2023/texmf-dist/tex/latex/etoolbox/etoolbox.sty
Package: etoolbox 2020/10/05 v2.5k e-TeX tools for LaTeX (JAW)
\etb@tempcnta=\count185
)
\beamer@tempbox=\box51
\beamer@tempcount=\count186
\c@beamerpauses=\count187

(/usr/local/texlive/2023/texmf-dist/tex/latex/beamer/beamerbasedecode.sty
\beamer@slideinframe=\count188
\beamer@minimum=\count189
\beamer@decode@box=\box52
)
\beamer@commentbox=\box53
\beamer@modecount=\count190
)
(/usr/local/texlive/2023/texmf-dist/tex/generic/iftex/iftex.sty
Package: iftex 2022/02/03 v1.0f TeX engine tests
)
\headdp=\dimen140
\footheight=\dimen141
\sidebarheight=\dimen142
\beamer@tempdim=\dimen143
\beamer@finalheight=\dimen144
\beamer@animht=\dimen145
\beamer@animdp=\dimen146
\beamer@animwd=\dimen147
\beamer@leftmargin=\dimen148
\beamer@rightmargin=\dimen149
\beamer@leftsidebar=\dimen150
\beamer@rightsidebar=\dimen151
\beamer@boxsize=\dimen152
\beamer@vboxoffset=\dimen153
\beamer@descdefault=\dimen154
\beamer@descriptionwidth=\dimen155
\beamer@lastskip=\skip48
\beamer@areabox=\box54
\beamer@animcurrent=\box55
\beamer@animshowbox=\box56
\beamer@sectionbox=\box57
\beamer@logobox=\box58
\beamer@linebox=\box59
\beamer@sectioncount=\count191
\beamer@subsubsectionmax=\count192
\beamer@subsectionmax=\count193
\beamer@sectionmax=\count194
\beamer@totalheads=\count195
\beamer@headcounter=\count196
\beamer@partstartpage=\count197
\beamer@sectionstartpage=\count198
\beamer@subsectionstartpage=\count199
\beamer@animationtempa=\count266
\beamer@animationtempb=\count267
\beamer@xpos=\count268
\beamer@ypos=\count269
\beamer@ypos@offset=\count270
\beamer@showpartnumber=\count271
\beamer@currentsubsection=\count272
\beamer@coveringdepth=\count273
\beamer@sectionadjust=\count274
\beamer@toclastsection=\count275
\beamer@tocsectionnumber=\count276

(/usr/local/texlive/2023/texmf-dist/tex/latex/beamer/beamerbaseoptions.sty
(/usr/local/texlive/2023/texmf-dist/tex/latex/graphics/keyval.sty
Package: keyval 2022/05/29 v1.15 key=value parser (DPC)
\KV@toks@=\toks16
))
\beamer@paperwidth=\skip49
\beamer@paperheight=\skip50

(/usr/local/texlive/2023/texmf-dist/tex/latex/geometry/geometry.sty
Package: geometry 2020/01/02 v5.9 Page Geometry

(/usr/local/texlive/2023/texmf-dist/tex/generic/iftex/ifvtex.sty
Package: ifvtex 2019/10/25 v1.7 ifvtex legacy package. Use iftex instead.
)
\Gm@cnth=\count277
\Gm@cntv=\count278
\c@Gm@tempcnt=\count279
\Gm@bindingoffset=\dimen156
\Gm@wd@mp=\dimen157
\Gm@odd@mp=\dimen158
\Gm@even@mp=\dimen159
\Gm@layoutwidth=\dimen160
\Gm@layoutheight=\dimen161
\Gm@layouthoffset=\dimen162
\Gm@layoutvoffset=\dimen163
\Gm@dimlist=\toks17
)
(/usr/local/texlive/2023/texmf-dist/tex/latex/pgf/math/pgfmath.sty
(/usr/local/texlive/2023/texmf-dist/tex/latex/pgf/utilities/pgfrcs.sty
(/usr/local/texlive/2023/texmf-dist/tex/generic/pgf/utilities/pgfutil-common.te
x
\pgfutil@everybye=\toks18
\pgfutil@tempdima=\dimen164
\pgfutil@tempdimb=\dimen165
)
(/usr/local/texlive/2023/texmf-dist/tex/generic/pgf/utilities/pgfutil-latex.def
\pgfutil@abb=\box60
) (/usr/local/texlive/2023/texmf-dist/tex/generic/pgf/utilities/pgfrcs.code.tex
(/usr/local/texlive/2023/texmf-dist/tex/generic/pgf/pgf.revision.tex)
Package: pgfrcs 2023-01-15 v3.1.10 (3.1.10)
))
(/usr/local/texlive/2023/texmf-dist/tex/latex/pgf/utilities/pgfkeys.sty
(/usr/local/texlive/2023/texmf-dist/tex/generic/pgf/utilities/pgfkeys.code.tex
\pgfkeys@pathtoks=\toks19
\pgfkeys@temptoks=\toks20

(/usr/local/texlive/2023/texmf-dist/tex/generic/pgf/utilities/pgfkeyslibraryfil
tered.code.tex
\pgfkeys@tmptoks=\toks21
)))
(/usr/local/texlive/2023/texmf-dist/tex/generic/pgf/math/pgfmath.code.tex
(/usr/local/texlive/2023/texmf-dist/tex/generic/pgf/math/pgfmathutil.code.tex
\pgf@x=\dimen166
\pgf@xa=\dimen167
\pgf@xb=\dimen168
\pgf@xc=\dimen169
\pgf@y=\dimen170
\pgf@ya=\dimen171
\pgf@yb=\dimen172
\pgf@yc=\dimen173
\c@pgf@counta=\count280
\c@pgf@countb=\count281
\c@pgf@countc=\count282
\c@pgf@countd=\count283
)
(/usr/local/texlive/2023/texmf-dist/tex/generic/pgf/math/pgfmathparser.code.tex
\pgfmath@dimen=\dimen174
\pgfmath@count=\count284
\pgfmath@box=\box61
\pgfmath@toks=\toks22
\pgfmath@stack@operand=\toks23
\pgfmath@stack@operation=\toks24
)
(/usr/local/texlive/2023/texmf-dist/tex/generic/pgf/math/pgfmathfunctions.code.
tex)
(/usr/local/texlive/2023/texmf-dist/tex/generic/pgf/math/pgfmathfunctions.basic
.code.tex)
(/usr/local/texlive/2023/texmf-dist/tex/generic/pgf/math/pgfmathfunctions.trigo
nometric.code.tex)
(/usr/local/texlive/2023/texmf-dist/tex/generic/pgf/math/pgfmathfunctions.rando
m.code.tex)
(/usr/local/texlive/2023/texmf-dist/tex/generic/pgf/math/pgfmathfunctions.compa
rison.code.tex)
(/usr/local/texlive/2023/texmf-dist/tex/generic/pgf/math/pgfmathfunctions.base.
code.tex)
(/usr/local/texlive/2023/texmf-dist/tex/generic/pgf/math/pgfmathfunctions.round
.code.tex)
(/usr/local/texlive/2023/texmf-dist/tex/generic/pgf/math/pgfmathfunctions.misc.
code.tex)
(/usr/local/texlive/2023/texmf-dist/tex/generic/pgf/math/pgfmathfunctions.integ
erarithmetics.code.tex)
(/usr/local/texlive/2023/texmf-dist/tex/generic/pgf/math/pgfmathcalc.code.tex)
(/usr/local/texlive/2023/texmf-dist/tex/generic/pgf/math/pgfmathfloat.code.tex
\c@pgfmathroundto@lastzeros=\count285
))) (/usr/local/texlive/2023/texmf-dist/tex/latex/base/size11.clo
File: size11.clo 2022/07/02 v1.4n Standard LaTeX file (size option)
)
(/usr/local/texlive/2023/texmf-dist/tex/latex/pgf/basiclayer/pgfcore.sty
(/usr/local/texlive/2023/texmf-dist/tex/latex/graphics/graphicx.sty
Package: graphicx 2021/09/16 v1.2d Enhanced LaTeX Graphics (DPC,SPQR)

(/usr/local/texlive/2023/texmf-dist/tex/latex/graphics/graphics.sty
Package: graphics 2022/03/10 v1.4e Standard LaTeX Graphics (DPC,SPQR)

(/usr/local/texlive/2023/texmf-dist/tex/latex/graphics/trig.sty
Package: trig 2021/08/11 v1.11 sin cos tan (DPC)
)
(/usr/local/texlive/2023/texmf-dist/tex/latex/graphics-cfg/graphics.cfg
File: graphics.cfg 2016/06/04 v1.11 sample graphics configuration
)
Package graphics Info: Driver file: pdftex.def on input line 107.

(/usr/local/texlive/2023/texmf-dist/tex/latex/graphics-def/pdftex.def
File: pdftex.def 2022/09/22 v1.2b Graphics/color driver for pdftex
))
\Gin@req@height=\dimen175
\Gin@req@width=\dimen176
)
(/usr/local/texlive/2023/texmf-dist/tex/latex/pgf/systemlayer/pgfsys.sty
(/usr/local/texlive/2023/texmf-dist/tex/generic/pgf/systemlayer/pgfsys.code.tex
Package: pgfsys 2023-01-15 v3.1.10 (3.1.10)
\pgf@x=\dimen177
\pgf@y=\dimen178
\pgf@xa=\dimen179
\pgf@ya=\dimen180
\pgf@xb=\dimen181
\pgf@yb=\dimen182
\pgf@xc=\dimen183
\pgf@yc=\dimen184
\pgf@xd=\dimen185
\pgf@yd=\dimen186
\w@pgf@writea=\write3
\r@pgf@reada=\read2
\c@pgf@counta=\count286
\c@pgf@countb=\count287
\c@pgf@countc=\count288
\c@pgf@countd=\count289
\t@pgf@toka=\toks25
\t@pgf@tokb=\toks26
\t@pgf@tokc=\toks27
\pgf@sys@id@count=\count290
(/usr/local/texlive/2023/texmf-dist/tex/generic/pgf/systemlayer/pgf.cfg
File: pgf.cfg 2023-01-15 v3.1.10 (3.1.10)
)
Driver file for pgf: pgfsys-pdftex.def

(/usr/local/texlive/2023/texmf-dist/tex/generic/pgf/systemlayer/pgfsys-pdftex.d
ef
File: pgfsys-pdftex.def 2023-01-15 v3.1.10 (3.1.10)

(/usr/local/texlive/2023/texmf-dist/tex/generic/pgf/systemlayer/pgfsys-common-p
df.def
File: pgfsys-common-pdf.def 2023-01-15 v3.1.10 (3.1.10)
)))
(/usr/local/texlive/2023/texmf-dist/tex/generic/pgf/systemlayer/pgfsyssoftpath.
code.tex
File: pgfsyssoftpath.code.tex 2023-01-15 v3.1.10 (3.1.10)
\pgfsyssoftpath@smallbuffer@items=\count291
\pgfsyssoftpath@bigbuffer@items=\count292
)
(/usr/local/texlive/2023/texmf-dist/tex/generic/pgf/systemlayer/pgfsysprotocol.
code.tex
File: pgfsysprotocol.code.tex 2023-01-15 v3.1.10 (3.1.10)
)) (/usr/local/texlive/2023/texmf-dist/tex/latex/xcolor/xcolor.sty
Package: xcolor 2022/06/12 v2.14 LaTeX color extensions (UK)

(/usr/local/texlive/2023/texmf-dist/tex/latex/graphics-cfg/color.cfg
File: color.cfg 2016/01/02 v1.6 sample color configuration
)
Package xcolor Info: Driver file: pdftex.def on input line 227.

(/usr/local/texlive/2023/texmf-dist/tex/latex/graphics/mathcolor.ltx)
Package xcolor Info: Model `cmy' substituted by `cmy0' on input line 1353.
Package xcolor Info: Model `hsb' substituted by `rgb' on input line 1357.
Package xcolor Info: Model `RGB' extended on input line 1369.
Package xcolor Info: Model `HTML' substituted by `rgb' on input line 1371.
Package xcolor Info: Model `Hsb' substituted by `hsb' on input line 1372.
Package xcolor Info: Model `tHsb' substituted by `hsb' on input line 1373.
Package xcolor Info: Model `HSB' substituted by `hsb' on input line 1374.
Package xcolor Info: Model `Gray' substituted by `gray' on input line 1375.
Package xcolor Info: Model `wave' substituted by `hsb' on input line 1376.
)
(/usr/local/texlive/2023/texmf-dist/tex/generic/pgf/basiclayer/pgfcore.code.tex
Package: pgfcore 2023-01-15 v3.1.10 (3.1.10)
(/usr/local/texlive/2023/texmf-dist/tex/generic/pgf/math/pgfint.code.tex)
(/usr/local/texlive/2023/texmf-dist/tex/generic/pgf/basiclayer/pgfcorepoints.co
de.tex
File: pgfcorepoints.code.tex 2023-01-15 v3.1.10 (3.1.10)
\pgf@picminx=\dimen187
\pgf@picmaxx=\dimen188
\pgf@picminy=\dimen189
\pgf@picmaxy=\dimen190
\pgf@pathminx=\dimen191
\pgf@pathmaxx=\dimen192
\pgf@pathminy=\dimen193
\pgf@pathmaxy=\dimen194
\pgf@xx=\dimen195
\pgf@xy=\dimen196
\pgf@yx=\dimen197
\pgf@yy=\dimen198
\pgf@zx=\dimen199
\pgf@zy=\dimen256
)
(/usr/local/texlive/2023/texmf-dist/tex/generic/pgf/basiclayer/pgfcorepathconst
ruct.code.tex
File: pgfcorepathconstruct.code.tex 2023-01-15 v3.1.10 (3.1.10)
\pgf@path@lastx=\dimen257
\pgf@path@lasty=\dimen258
)
(/usr/local/texlive/2023/texmf-dist/tex/generic/pgf/basiclayer/pgfcorepathusage
.code.tex
File: pgfcorepathusage.code.tex 2023-01-15 v3.1.10 (3.1.10)
\pgf@shorten@end@additional=\dimen259
\pgf@shorten@start@additional=\dimen260
)
(/usr/local/texlive/2023/texmf-dist/tex/generic/pgf/basiclayer/pgfcorescopes.co
de.tex
File: pgfcorescopes.code.tex 2023-01-15 v3.1.10 (3.1.10)
\pgfpic=\box62
\pgf@hbox=\box63
\pgf@layerbox@main=\box64
\pgf@picture@serial@count=\count293
)
(/usr/local/texlive/2023/texmf-dist/tex/generic/pgf/basiclayer/pgfcoregraphicst
ate.code.tex
File: pgfcoregraphicstate.code.tex 2023-01-15 v3.1.10 (3.1.10)
\pgflinewidth=\dimen261
)
(/usr/local/texlive/2023/texmf-dist/tex/generic/pgf/basiclayer/pgfcoretransform
ations.code.tex
File: pgfcoretransformations.code.tex 2023-01-15 v3.1.10 (3.1.10)
\pgf@pt@x=\dimen262
\pgf@pt@y=\dimen263
\pgf@pt@temp=\dimen264
)
(/usr/local/texlive/2023/texmf-dist/tex/generic/pgf/basiclayer/pgfcorequick.cod
e.tex
File: pgfcorequick.code.tex 2023-01-15 v3.1.10 (3.1.10)
)
(/usr/local/texlive/2023/texmf-dist/tex/generic/pgf/basiclayer/pgfcoreobjects.c
ode.tex
File: pgfcoreobjects.code.tex 2023-01-15 v3.1.10 (3.1.10)
)
(/usr/local/texlive/2023/texmf-dist/tex/generic/pgf/basiclayer/pgfcorepathproce
ssing.code.tex
File: pgfcorepathprocessing.code.tex 2023-01-15 v3.1.10 (3.1.10)
)
(/usr/local/texlive/2023/texmf-dist/tex/generic/pgf/basiclayer/pgfcorearrows.co
de.tex
File: pgfcorearrows.code.tex 2023-01-15 v3.1.10 (3.1.10)
\pgfarrowsep=\dimen265
)
(/usr/local/texlive/2023/texmf-dist/tex/generic/pgf/basiclayer/pgfcoreshade.cod
e.tex
File: pgfcoreshade.code.tex 2023-01-15 v3.1.10 (3.1.10)
\pgf@max=\dimen266
\pgf@sys@shading@range@num=\count294
\pgf@shadingcount=\count295
)
(/usr/local/texlive/2023/texmf-dist/tex/generic/pgf/basiclayer/pgfcoreimage.cod
e.tex
File: pgfcoreimage.code.tex 2023-01-15 v3.1.10 (3.1.10)
)
(/usr/local/texlive/2023/texmf-dist/tex/generic/pgf/basiclayer/pgfcoreexternal.
code.tex
File: pgfcoreexternal.code.tex 2023-01-15 v3.1.10 (3.1.10)
\pgfexternal@startupbox=\box65
)
(/usr/local/texlive/2023/texmf-dist/tex/generic/pgf/basiclayer/pgfcorelayers.co
de.tex
File: pgfcorelayers.code.tex 2023-01-15 v3.1.10 (3.1.10)
)
(/usr/local/texlive/2023/texmf-dist/tex/generic/pgf/basiclayer/pgfcoretranspare
ncy.code.tex
File: pgfcoretransparency.code.tex 2023-01-15 v3.1.10 (3.1.10)
)
(/usr/local/texlive/2023/texmf-dist/tex/generic/pgf/basiclayer/pgfcorepatterns.
code.tex
File: pgfcorepatterns.code.tex 2023-01-15 v3.1.10 (3.1.10)
)
(/usr/local/texlive/2023/texmf-dist/tex/generic/pgf/basiclayer/pgfcorerdf.code.
tex
File: pgfcorerdf.code.tex 2023-01-15 v3.1.10 (3.1.10)
))) (/usr/local/texlive/2023/texmf-dist/tex/latex/pgf/utilities/xxcolor.sty
Package: xxcolor 2003/10/24 ver 0.1
\XC@nummixins=\count296
\XC@countmixins=\count297
) (/usr/local/texlive/2023/texmf-dist/tex/latex/base/atbegshi-ltx.sty
Package: atbegshi-ltx 2021/01/10 v1.0c Emulation of the original atbegshi
package with kernel methods
)
(/usr/local/texlive/2023/texmf-dist/tex/latex/hyperref/hyperref.sty
Package: hyperref 2023-02-07 v7.00v Hypertext links for LaTeX

(/usr/local/texlive/2023/texmf-dist/tex/generic/ltxcmds/ltxcmds.sty
Package: ltxcmds 2020-05-10 v1.25 LaTeX kernel commands for general use (HO)
)
(/usr/local/texlive/2023/texmf-dist/tex/generic/pdftexcmds/pdftexcmds.sty
Package: pdftexcmds 2020-06-27 v0.33 Utility functions of pdfTeX for LuaTeX (HO
)

(/usr/local/texlive/2023/texmf-dist/tex/generic/infwarerr/infwarerr.sty
Package: infwarerr 2019/12/03 v1.5 Providing info/warning/error messages (HO)
)
Package pdftexcmds Info: \pdf@primitive is available.
Package pdftexcmds Info: \pdf@ifprimitive is available.
Package pdftexcmds Info: \pdfdraftmode found.
)
(/usr/local/texlive/2023/texmf-dist/tex/latex/kvsetkeys/kvsetkeys.sty
Package: kvsetkeys 2022-10-05 v1.19 Key value parser (HO)
)
(/usr/local/texlive/2023/texmf-dist/tex/generic/kvdefinekeys/kvdefinekeys.sty
Package: kvdefinekeys 2019-12-19 v1.6 Define keys (HO)
)
(/usr/local/texlive/2023/texmf-dist/tex/generic/pdfescape/pdfescape.sty
Package: pdfescape 2019/12/09 v1.15 Implements pdfTeX's escape features (HO)
)
(/usr/local/texlive/2023/texmf-dist/tex/latex/hycolor/hycolor.sty
Package: hycolor 2020-01-27 v1.10 Color options for hyperref/bookmark (HO)
)
(/usr/local/texlive/2023/texmf-dist/tex/latex/letltxmacro/letltxmacro.sty
Package: letltxmacro 2019/12/03 v1.6 Let assignment for LaTeX macros (HO)
)
(/usr/local/texlive/2023/texmf-dist/tex/latex/auxhook/auxhook.sty
Package: auxhook 2019-12-17 v1.6 Hooks for auxiliary files (HO)
)
(/usr/local/texlive/2023/texmf-dist/tex/latex/hyperref/nameref.sty
Package: nameref 2022-05-17 v2.50 Cross-referencing by name of section

(/usr/local/texlive/2023/texmf-dist/tex/latex/refcount/refcount.sty
Package: refcount 2019/12/15 v3.6 Data extraction from label references (HO)
)
(/usr/local/texlive/2023/texmf-dist/tex/generic/gettitlestring/gettitlestring.s
ty
Package: gettitlestring 2019/12/15 v1.6 Cleanup title references (HO)
 (/usr/local/texlive/2023/texmf-dist/tex/latex/kvoptions/kvoptions.sty
Package: kvoptions 2022-06-15 v3.15 Key value format for package options (HO)
))
\c@section@level=\count298
)
\@linkdim=\dimen267
\Hy@linkcounter=\count299
\Hy@pagecounter=\count300

(/usr/local/texlive/2023/texmf-dist/tex/latex/hyperref/pd1enc.def
File: pd1enc.def 2023-02-07 v7.00v Hyperref: PDFDocEncoding definition (HO)
Now handling font encoding PD1 ...
... no UTF-8 mapping file for font encoding PD1
)
(/usr/local/texlive/2023/texmf-dist/tex/generic/intcalc/intcalc.sty
Package: intcalc 2019/12/15 v1.3 Expandable calculations with integers (HO)
)
(/usr/local/texlive/2023/texmf-dist/tex/generic/etexcmds/etexcmds.sty
Package: etexcmds 2019/12/15 v1.7 Avoid name clashes with e-TeX commands (HO)
)
\Hy@SavedSpaceFactor=\count301

(/usr/local/texlive/2023/texmf-dist/tex/latex/hyperref/puenc.def
File: puenc.def 2023-02-07 v7.00v Hyperref: PDF Unicode definition (HO)
Now handling font encoding PU ...
... no UTF-8 mapping file for font encoding PU
)
Package hyperref Info: Option `bookmarks' set `true' on input line 4060.
Package hyperref Info: Option `bookmarksopen' set `true' on input line 4060.
Package hyperref Info: Option `implicit' set `false' on input line 4060.
Package hyperref Info: Hyper figures OFF on input line 4177.
Package hyperref Info: Link nesting OFF on input line 4182.
Package hyperref Info: Hyper index ON on input line 4185.
Package hyperref Info: Plain pages OFF on input line 4192.
Package hyperref Info: Backreferencing OFF on input line 4197.
Package hyperref Info: Implicit mode OFF; no redefinition of LaTeX internals.
Package hyperref Info: Bookmarks ON on input line 4425.
\c@Hy@tempcnt=\count302

(/usr/local/texlive/2023/texmf-dist/tex/latex/url/url.sty
\Urlmuskip=\muskip16
Package: url 2013/09/16  ver 3.4  Verb mode for urls, etc.
)
LaTeX Info: Redefining \url on input line 4763.
\XeTeXLinkMargin=\dimen268

(/usr/local/texlive/2023/texmf-dist/tex/generic/bitset/bitset.sty
Package: bitset 2019/12/09 v1.3 Handle bit-vector datatype (HO)

(/usr/local/texlive/2023/texmf-dist/tex/generic/bigintcalc/bigintcalc.sty
Package: bigintcalc 2019/12/15 v1.5 Expandable calculations on big integers (HO
)
))
\Fld@menulength=\count303
\Field@Width=\dimen269
\Fld@charsize=\dimen270
Package hyperref Info: Hyper figures OFF on input line 6042.
Package hyperref Info: Link nesting OFF on input line 6047.
Package hyperref Info: Hyper index ON on input line 6050.
Package hyperref Info: backreferencing OFF on input line 6057.
Package hyperref Info: Link coloring OFF on input line 6062.
Package hyperref Info: Link coloring with OCG OFF on input line 6067.
Package hyperref Info: PDF/A mode OFF on input line 6072.
\Hy@abspage=\count304


Package hyperref Message: Stopped early.

)
Package hyperref Info: Driver (autodetected): hpdftex.
 (/usr/local/texlive/2023/texmf-dist/tex/latex/hyperref/hpdftex.def
File: hpdftex.def 2023-02-07 v7.00v Hyperref driver for pdfTeX

(/usr/local/texlive/2023/texmf-dist/tex/latex/base/atveryend-ltx.sty
Package: atveryend-ltx 2020/08/19 v1.0a Emulation of the original atveryend pac
kage
with kernel methods
)
\Fld@listcount=\count305
\c@bookmark@seq@number=\count306

(/usr/local/texlive/2023/texmf-dist/tex/latex/rerunfilecheck/rerunfilecheck.sty
Package: rerunfilecheck 2022-07-10 v1.10 Rerun checks for auxiliary files (HO)

(/usr/local/texlive/2023/texmf-dist/tex/generic/uniquecounter/uniquecounter.sty
Package: uniquecounter 2019/12/15 v1.4 Provide unlimited unique counter (HO)
)
Package uniquecounter Info: New unique counter `rerunfilecheck' on input line 2
85.
)) (/usr/local/texlive/2023/texmf-dist/tex/latex/beamer/beamerbaserequires.sty
(/usr/local/texlive/2023/texmf-dist/tex/latex/beamer/beamerbasecompatibility.st
y) (/usr/local/texlive/2023/texmf-dist/tex/latex/beamer/beamerbasefont.sty
(/usr/local/texlive/2023/texmf-dist/tex/latex/amsfonts/amssymb.sty
Package: amssymb 2013/01/14 v3.01 AMS font symbols

(/usr/local/texlive/2023/texmf-dist/tex/latex/amsfonts/amsfonts.sty
Package: amsfonts 2013/01/14 v3.01 Basic AMSFonts support
\@emptytoks=\toks28
\symAMSa=\mathgroup4
\symAMSb=\mathgroup5
LaTeX Font Info:    Redeclaring math symbol \hbar on input line 98.
LaTeX Font Info:    Overwriting math alphabet `\mathfrak' in version `bold'
(Font)                  U/euf/m/n --> U/euf/b/n on input line 106.
))
(/usr/local/texlive/2023/texmf-dist/tex/latex/sansmathaccent/sansmathaccent.sty
Package: sansmathaccent 2020/01/31
(/usr/local/texlive/2023/texmf-dist/tex/latex/koma-script/scrlfile.sty
Package: scrlfile 2022/10/12 v3.38 KOMA-Script package (file load hooks)

(/usr/local/texlive/2023/texmf-dist/tex/latex/koma-script/scrlfile-hook.sty
Package: scrlfile-hook 2022/10/12 v3.38 KOMA-Script package (using LaTeX hooks)


(/usr/local/texlive/2023/texmf-dist/tex/latex/koma-script/scrlogo.sty
Package: scrlogo 2022/10/12 v3.38 KOMA-Script package (logo)
)))))
(/usr/local/texlive/2023/texmf-dist/tex/latex/beamer/beamerbasetranslator.sty
(/usr/local/texlive/2023/texmf-dist/tex/latex/translator/translator.sty
Package: translator 2021-05-31 v1.12d Easy translation of strings in LaTeX
))
(/usr/local/texlive/2023/texmf-dist/tex/latex/beamer/beamerbasemisc.sty)
(/usr/local/texlive/2023/texmf-dist/tex/latex/beamer/beamerbasetwoscreens.sty)
(/usr/local/texlive/2023/texmf-dist/tex/latex/beamer/beamerbaseoverlay.sty
\beamer@argscount=\count307
\beamer@lastskipcover=\skip51
\beamer@trivlistdepth=\count308
)
(/usr/local/texlive/2023/texmf-dist/tex/latex/beamer/beamerbasetitle.sty)
(/usr/local/texlive/2023/texmf-dist/tex/latex/beamer/beamerbasesection.sty
\c@lecture=\count309
\c@part=\count310
\c@section=\count311
\c@subsection=\count312
\c@subsubsection=\count313
)
(/usr/local/texlive/2023/texmf-dist/tex/latex/beamer/beamerbaseframe.sty
\beamer@framebox=\box66
\beamer@frametitlebox=\box67
\beamer@zoombox=\box68
\beamer@zoomcount=\count314
\beamer@zoomframecount=\count315
\beamer@frametextheight=\dimen271
\c@subsectionslide=\count316
\beamer@frametopskip=\skip52
\beamer@framebottomskip=\skip53
\beamer@frametopskipautobreak=\skip54
\beamer@framebottomskipautobreak=\skip55
\beamer@envbody=\toks29
\framewidth=\dimen272
\c@framenumber=\count317
)
(/usr/local/texlive/2023/texmf-dist/tex/latex/beamer/beamerbaseverbatim.sty
\beamer@verbatimfileout=\write4
)
(/usr/local/texlive/2023/texmf-dist/tex/latex/beamer/beamerbaseframesize.sty
\beamer@splitbox=\box69
\beamer@autobreakcount=\count318
\beamer@autobreaklastheight=\dimen273
\beamer@frametitletoks=\toks30
\beamer@framesubtitletoks=\toks31
)
(/usr/local/texlive/2023/texmf-dist/tex/latex/beamer/beamerbaseframecomponents.
sty
\beamer@footins=\box70
) (/usr/local/texlive/2023/texmf-dist/tex/latex/beamer/beamerbasecolor.sty)
(/usr/local/texlive/2023/texmf-dist/tex/latex/beamer/beamerbasenotes.sty
\beamer@frameboxcopy=\box71
)
(/usr/local/texlive/2023/texmf-dist/tex/latex/beamer/beamerbasetoc.sty)
(/usr/local/texlive/2023/texmf-dist/tex/latex/beamer/beamerbasetemplates.sty
\beamer@sbttoks=\toks32

(/usr/local/texlive/2023/texmf-dist/tex/latex/beamer/beamerbaseauxtemplates.sty
(/usr/local/texlive/2023/texmf-dist/tex/latex/beamer/beamerbaseboxes.sty
\bmb@box=\box72
\bmb@colorbox=\box73
\bmb@boxwidth=\dimen274
\bmb@boxheight=\dimen275
\bmb@prevheight=\dimen276
\bmb@temp=\dimen277
\bmb@dima=\dimen278
\bmb@dimb=\dimen279
\bmb@prevheight=\dimen280
)
\beamer@blockheadheight=\dimen281
))
(/usr/local/texlive/2023/texmf-dist/tex/latex/beamer/beamerbaselocalstructure.s
ty (/usr/local/texlive/2023/texmf-dist/tex/latex/tools/enumerate.sty
Package: enumerate 2015/07/23 v3.00 enumerate extensions (DPC)
\@enLab=\toks33
)
\beamer@bibiconwidth=\skip56
\c@figure=\count319
\c@table=\count320
\abovecaptionskip=\skip57
\belowcaptionskip=\skip58
)
(/usr/local/texlive/2023/texmf-dist/tex/latex/beamer/beamerbasenavigation.sty
(/usr/local/texlive/2023/texmf-dist/tex/latex/beamer/beamerbasenavigationsymbol
s.tex)
\beamer@section@min@dim=\dimen282
)
(/usr/local/texlive/2023/texmf-dist/tex/latex/beamer/beamerbasetheorems.sty
(/usr/local/texlive/2023/texmf-dist/tex/latex/amsmath/amsmath.sty
Package: amsmath 2022/04/08 v2.17n AMS math features
\@mathmargin=\skip59

For additional information on amsmath, use the `?' option.
(/usr/local/texlive/2023/texmf-dist/tex/latex/amsmath/amstext.sty
Package: amstext 2021/08/26 v2.01 AMS text

(/usr/local/texlive/2023/texmf-dist/tex/latex/amsmath/amsgen.sty
File: amsgen.sty 1999/11/30 v2.0 generic functions
\@emptytoks=\toks34
\ex@=\dimen283
))
(/usr/local/texlive/2023/texmf-dist/tex/latex/amsmath/amsbsy.sty
Package: amsbsy 1999/11/29 v1.2d Bold Symbols
\pmbraise@=\dimen284
)
(/usr/local/texlive/2023/texmf-dist/tex/latex/amsmath/amsopn.sty
Package: amsopn 2022/04/08 v2.04 operator names
)
\inf@bad=\count321
LaTeX Info: Redefining \frac on input line 234.
\uproot@=\count322
\leftroot@=\count323
LaTeX Info: Redefining \overline on input line 399.
LaTeX Info: Redefining \colon on input line 410.
\classnum@=\count324
\DOTSCASE@=\count325
LaTeX Info: Redefining \ldots on input line 496.
LaTeX Info: Redefining \dots on input line 499.
LaTeX Info: Redefining \cdots on input line 620.
\Mathstrutbox@=\box74
\strutbox@=\box75
LaTeX Info: Redefining \big on input line 722.
LaTeX Info: Redefining \Big on input line 723.
LaTeX Info: Redefining \bigg on input line 724.
LaTeX Info: Redefining \Bigg on input line 725.
\big@size=\dimen285
LaTeX Font Info:    Redeclaring font encoding OML on input line 743.
LaTeX Font Info:    Redeclaring font encoding OMS on input line 744.
\macc@depth=\count326
LaTeX Info: Redefining \bmod on input line 905.
LaTeX Info: Redefining \pmod on input line 910.
LaTeX Info: Redefining \smash on input line 940.
LaTeX Info: Redefining \relbar on input line 970.
LaTeX Info: Redefining \Relbar on input line 971.
\c@MaxMatrixCols=\count327
\dotsspace@=\muskip17
\c@parentequation=\count328
\dspbrk@lvl=\count329
\tag@help=\toks35
\row@=\count330
\column@=\count331
\maxfields@=\count332
\andhelp@=\toks36
\eqnshift@=\dimen286
\alignsep@=\dimen287
\tagshift@=\dimen288
\tagwidth@=\dimen289
\totwidth@=\dimen290
\lineht@=\dimen291
\@envbody=\toks37
\multlinegap=\skip60
\multlinetaggap=\skip61
\mathdisplay@stack=\toks38
LaTeX Info: Redefining \[ on input line 2953.
LaTeX Info: Redefining \] on input line 2954.
)
(/usr/local/texlive/2023/texmf-dist/tex/latex/amscls/amsthm.sty
Package: amsthm 2020/05/29 v2.20.6
\thm@style=\toks39
\thm@bodyfont=\toks40
\thm@headfont=\toks41
\thm@notefont=\toks42
\thm@headpunct=\toks43
\thm@preskip=\skip62
\thm@postskip=\skip63
\thm@headsep=\skip64
\dth@everypar=\toks44
)
\c@theorem=\count333
)
(/usr/local/texlive/2023/texmf-dist/tex/latex/beamer/beamerbasethemes.sty))
(/usr/local/texlive/2023/texmf-dist/tex/latex/beamer/beamerthemedefault.sty
(/usr/local/texlive/2023/texmf-dist/tex/latex/beamer/beamerfontthemedefault.sty
)
(/usr/local/texlive/2023/texmf-dist/tex/latex/beamer/beamercolorthemedefault.st
y)
(/usr/local/texlive/2023/texmf-dist/tex/latex/beamer/beamerinnerthemedefault.st
y
\beamer@dima=\dimen292
\beamer@dimb=\dimen293
)
(/usr/local/texlive/2023/texmf-dist/tex/latex/beamer/beamerouterthemedefault.st
y))) (../beamer_preamble.tex
(/usr/local/texlive/2023/texmf-dist/tex/latex/appendixnumberbeamer/appendixnumb
erbeamer.sty)
LaTeX Font Info:    Trying to load font information for U+msa on input line 107
.
 (/usr/local/texlive/2023/texmf-dist/tex/latex/amsfonts/umsa.fd
File: umsa.fd 2013/01/14 v3.01 AMS symbols A
)
LaTeX Font Info:    Trying to load font information for U+msb on input line 107
.

(/usr/local/texlive/2023/texmf-dist/tex/latex/amsfonts/umsb.fd
File: umsb.fd 2013/01/14 v3.01 AMS symbols B
)
Package hyperref Info: Option `colorlinks' set `true' on input line 161.

(/usr/local/texlive/2023/texmf-dist/tex/latex/setspace/setspace.sty
Package: setspace 2022/12/04 v6.7b set line spacing
)
(/usr/local/texlive/2023/texmf-dist/tex/latex/tools/multicol.sty
Package: multicol 2021/11/30 v1.9d multicolumn formatting (FMi)
\c@tracingmulticols=\count334
\mult@box=\box76
\multicol@leftmargin=\dimen294
\c@unbalance=\count335
\c@collectmore=\count336
\doublecol@number=\count337
\multicoltolerance=\count338
\multicolpretolerance=\count339
\full@width=\dimen295
\page@free=\dimen296
\premulticols=\dimen297
\postmulticols=\dimen298
\multicolsep=\skip65
\multicolbaselineskip=\skip66
\partial@page=\box77
\last@line=\box78
\maxbalancingoverflow=\dimen299
\mult@rightbox=\box79
\mult@grightbox=\box80
\mult@firstbox=\box81
\mult@gfirstbox=\box82
\@tempa=\box83
\@tempa=\box84
\@tempa=\box85
\@tempa=\box86
\@tempa=\box87
\@tempa=\box88
\@tempa=\box89
\@tempa=\box90
\@tempa=\box91
\@tempa=\box92
\@tempa=\box93
\@tempa=\box94
\@tempa=\box95
\@tempa=\box96
\@tempa=\box97
\@tempa=\box98
\@tempa=\box99
\@tempa=\box100
\@tempa=\box101
\@tempa=\box102
\@tempa=\box103
\@tempa=\box104
\@tempa=\box105
\@tempa=\box106
\@tempa=\box107
\@tempa=\box108
\@tempa=\box109
\@tempa=\box110
\@tempa=\box111
\@tempa=\box112
\@tempa=\box113
\@tempa=\box114
\@tempa=\box115
\@tempa=\box116
\@tempa=\box117
\@tempa=\box118
\c@minrows=\count340
\c@columnbadness=\count341
\c@finalcolumnbadness=\count342
\last@try=\dimen300
\multicolovershoot=\dimen301
\multicolundershoot=\dimen302
\mult@nat@firstbox=\box119
\colbreak@box=\box120
\mc@col@check@num=\count343
)
(/usr/local/texlive/2023/texmf-dist/tex/latex/biblatex/biblatex.sty
Package: biblatex 2023/03/05 v3.19 programmable bibliographies (PK/MW)

(/usr/local/texlive/2023/texmf-dist/tex/latex/logreq/logreq.sty
Package: logreq 2010/08/04 v1.0 xml request logger
\lrq@indent=\count344

(/usr/local/texlive/2023/texmf-dist/tex/latex/logreq/logreq.def
File: logreq.def 2010/08/04 v1.0 logreq spec v1.0
))
(/usr/local/texlive/2023/texmf-dist/tex/latex/base/ifthen.sty
Package: ifthen 2022/04/13 v1.1d Standard LaTeX ifthen package (DPC)
)
\c@tabx@nest=\count345
\c@listtotal=\count346
\c@listcount=\count347
\c@liststart=\count348
\c@liststop=\count349
\c@citecount=\count350
\c@citetotal=\count351
\c@multicitecount=\count352
\c@multicitetotal=\count353
\c@instcount=\count354
\c@maxnames=\count355
\c@minnames=\count356
\c@maxitems=\count357
\c@minitems=\count358
\c@citecounter=\count359
\c@maxcitecounter=\count360
\c@savedcitecounter=\count361
\c@uniquelist=\count362
\c@uniquename=\count363
\c@refsection=\count364
\c@refsegment=\count365
\c@maxextratitle=\count366
\c@maxextratitleyear=\count367
\c@maxextraname=\count368
\c@maxextradate=\count369
\c@maxextraalpha=\count370
\c@abbrvpenalty=\count371
\c@highnamepenalty=\count372
\c@lownamepenalty=\count373
\c@maxparens=\count374
\c@parenlevel=\count375
\blx@tempcnta=\count376
\blx@tempcntb=\count377
\blx@tempcntc=\count378
\c@blx@maxsection=\count379
\blx@maxsegment@0=\count380
\blx@notetype=\count381
\blx@parenlevel@text=\count382
\blx@parenlevel@foot=\count383
\blx@sectionciteorder@0=\count384
\blx@sectionciteorderinternal@0=\count385
\blx@entrysetcounter=\count386
\blx@biblioinstance=\count387
\labelnumberwidth=\skip67
\labelalphawidth=\skip68
\biblabelsep=\skip69
\bibitemsep=\skip70
\bibnamesep=\skip71
\bibinitsep=\skip72
\bibparsep=\skip73
\bibhang=\skip74
\blx@bcfin=\read3
\blx@bcfout=\write5
\blx@langwohyphens=\language87
\c@mincomprange=\count388
\c@maxcomprange=\count389
\c@mincompwidth=\count390
Package biblatex Info: Trying to load biblatex default data model...
Package biblatex Info: ... file 'blx-dm.def' found.

(/usr/local/texlive/2023/texmf-dist/tex/latex/biblatex/blx-dm.def
File: blx-dm.def 2023/03/05 v3.19 biblatex localization (PK/MW)
)
Package biblatex Info: Trying to load biblatex style data model...
Package biblatex Info: ... file 'authoryear.dbx' not found.
Package biblatex Info: Trying to load biblatex custom data model...
Package biblatex Info: ... file 'biblatex-dm.cfg' not found.
\c@afterword=\count391
\c@savedafterword=\count392
\c@annotator=\count393
\c@savedannotator=\count394
\c@author=\count395
\c@savedauthor=\count396
\c@bookauthor=\count397
\c@savedbookauthor=\count398
\c@commentator=\count399
\c@savedcommentator=\count400
\c@editor=\count401
\c@savededitor=\count402
\c@editora=\count403
\c@savededitora=\count404
\c@editorb=\count405
\c@savededitorb=\count406
\c@editorc=\count407
\c@savededitorc=\count408
\c@foreword=\count409
\c@savedforeword=\count410
\c@holder=\count411
\c@savedholder=\count412
\c@introduction=\count413
\c@savedintroduction=\count414
\c@namea=\count415
\c@savednamea=\count416
\c@nameb=\count417
\c@savednameb=\count418
\c@namec=\count419
\c@savednamec=\count420
\c@translator=\count421
\c@savedtranslator=\count422
\c@shortauthor=\count423
\c@savedshortauthor=\count424
\c@shorteditor=\count425
\c@savedshorteditor=\count426
\c@labelname=\count427
\c@savedlabelname=\count428
\c@institution=\count429
\c@savedinstitution=\count430
\c@lista=\count431
\c@savedlista=\count432
\c@listb=\count433
\c@savedlistb=\count434
\c@listc=\count435
\c@savedlistc=\count436
\c@listd=\count437
\c@savedlistd=\count438
\c@liste=\count439
\c@savedliste=\count440
\c@listf=\count441
\c@savedlistf=\count442
\c@location=\count443
\c@savedlocation=\count444
\c@organization=\count445
\c@savedorganization=\count446
\c@origlocation=\count447
\c@savedoriglocation=\count448
\c@origpublisher=\count449
\c@savedorigpublisher=\count450
\c@publisher=\count451
\c@savedpublisher=\count452
\c@language=\count453
\c@savedlanguage=\count454
\c@origlanguage=\count455
\c@savedoriglanguage=\count456
\c@pageref=\count457
\c@savedpageref=\count458
\shorthandwidth=\skip75
\shortjournalwidth=\skip76
\shortserieswidth=\skip77
\shorttitlewidth=\skip78
\shortauthorwidth=\skip79
\shorteditorwidth=\skip80
\locallabelnumberwidth=\skip81
\locallabelalphawidth=\skip82
\localshorthandwidth=\skip83
\localshortjournalwidth=\skip84
\localshortserieswidth=\skip85
\localshorttitlewidth=\skip86
\localshortauthorwidth=\skip87
\localshorteditorwidth=\skip88
Package biblatex Info: Trying to load compatibility code...
Package biblatex Info: ... file 'blx-compat.def' found.

(/usr/local/texlive/2023/texmf-dist/tex/latex/biblatex/blx-compat.def
File: blx-compat.def 2023/03/05 v3.19 biblatex compatibility (PK/MW)
)
Package biblatex Info: Trying to load generic definitions...
Package biblatex Info: ... file 'biblatex.def' found.

(/usr/local/texlive/2023/texmf-dist/tex/latex/biblatex/biblatex.def
File: biblatex.def 2023/03/05 v3.19 biblatex compatibility (PK/MW)
\c@textcitecount=\count459
\c@textcitetotal=\count460
\c@textcitemaxnames=\count461
\c@biburlbigbreakpenalty=\count462
\c@biburlbreakpenalty=\count463
\c@biburlnumpenalty=\count464
\c@biburlucpenalty=\count465
\c@biburllcpenalty=\count466
\biburlbigskip=\muskip18
\biburlnumskip=\muskip19
\biburlucskip=\muskip20
\biburllcskip=\muskip21
\c@smartand=\count467
)
Package biblatex Info: Trying to load natbib compatibility...
Package biblatex Info: ... file 'blx-natbib.def' found.

(/usr/local/texlive/2023/texmf-dist/tex/latex/biblatex/blx-natbib.def
File: blx-natbib.def 2023/03/05 v3.19 biblatex compatibility (PK/MW)
Package biblatex Info: Delimiter 'nameyeardelim' in context '' already defined,
 overwriting.
)
Package biblatex Info: Trying to load bibliography style 'authoryear'...
Package biblatex Info: ... file 'authoryear.bbx' found.

(/usr/local/texlive/2023/texmf-dist/tex/latex/biblatex/bbx/authoryear.bbx
File: authoryear.bbx 2023/03/05 v3.19 biblatex bibliography style (PK/MW)
Package biblatex Info: Trying to load bibliography style 'standard'...
Package biblatex Info: ... file 'standard.bbx' found.

(/usr/local/texlive/2023/texmf-dist/tex/latex/biblatex/bbx/standard.bbx
File: standard.bbx 2023/03/05 v3.19 biblatex bibliography style (PK/MW)
\c@bbx:relatedcount=\count468
\c@bbx:relatedtotal=\count469
))
Package biblatex Info: Trying to load citation style 'authoryear'...
Package biblatex Info: ... file 'authoryear.cbx' found.

(/usr/local/texlive/2023/texmf-dist/tex/latex/biblatex/cbx/authoryear.cbx
File: authoryear.cbx 2023/03/05 v3.19 biblatex citation style (PK/MW)
Package biblatex Info: Redefining '\cite'.
Package biblatex Info: Redefining '\parencite'.
Package biblatex Info: Redefining '\footcite'.
Package biblatex Info: Redefining '\footcitetext'.
Package biblatex Info: Redefining '\smartcite'.
Package biblatex Info: Redefining '\textcite'.
Package biblatex Info: Redefining '\textcites'.
)
Package biblatex Info: Trying to load configuration file...
Package biblatex Info: ... file 'biblatex.cfg' found.

(/usr/local/texlive/2023/texmf-dist/tex/latex/biblatex/biblatex.cfg
File: biblatex.cfg 
)
Package biblatex Info: Input encoding 'utf8' detected.
Package biblatex Info: Document encoding is UTF8 ....

(/usr/local/texlive/2023/texmf-dist/tex/latex/l3kernel/expl3.sty
Package: expl3 2023-02-22 L3 programming layer (loader) 

(/usr/local/texlive/2023/texmf-dist/tex/latex/l3backend/l3backend-pdftex.def
File: l3backend-pdftex.def 2023-01-16 L3 backend support: PDF output (pdfTeX)
\l__color_backend_stack_int=\count470
\l__pdf_internal_box=\box121
))
Package biblatex Info: ... and expl3
(biblatex)             2023-02-22 L3 programming layer (loader) 
(biblatex)             is new enough (at least 2020/04/06),
(biblatex)             setting 'casechanger=expl3'.

(/usr/local/texlive/2023/texmf-dist/tex/latex/biblatex/blx-case-expl3.sty
(/usr/local/texlive/2023/texmf-dist/tex/latex/l3packages/xparse/xparse.sty
Package: xparse 2023-02-02 L3 Experimental document command parser
)
Package: blx-case-expl3 2023/03/05 v3.19 expl3 case changing code for biblatex
))
(/usr/local/texlive/2023/texmf-dist/tex/latex/adjustbox/adjustbox.sty
Package: adjustbox 2022/10/17 v1.3a Adjusting TeX boxes (trim, clip, ...)

(/usr/local/texlive/2023/texmf-dist/tex/latex/xkeyval/xkeyval.sty
Package: xkeyval 2022/06/16 v2.9 package option processing (HA)

(/usr/local/texlive/2023/texmf-dist/tex/generic/xkeyval/xkeyval.tex
(/usr/local/texlive/2023/texmf-dist/tex/generic/xkeyval/xkvutils.tex
\XKV@toks=\toks45
\XKV@tempa@toks=\toks46
)
\XKV@depth=\count471
File: xkeyval.tex 2014/12/03 v2.7a key=value parser (HA)
))
(/usr/local/texlive/2023/texmf-dist/tex/latex/adjustbox/adjcalc.sty
Package: adjcalc 2012/05/16 v1.1 Provides advanced setlength with multiple back
-ends (calc, etex, pgfmath)
)
(/usr/local/texlive/2023/texmf-dist/tex/latex/adjustbox/trimclip.sty
Package: trimclip 2020/08/19 v1.2 Trim and clip general TeX material

(/usr/local/texlive/2023/texmf-dist/tex/latex/collectbox/collectbox.sty
Package: collectbox 2022/10/17 v0.4c Collect macro arguments as boxes
\collectedbox=\box122
)
\tc@llx=\dimen303
\tc@lly=\dimen304
\tc@urx=\dimen305
\tc@ury=\dimen306
Package trimclip Info: Using driver 'tc-pdftex.def'.

(/usr/local/texlive/2023/texmf-dist/tex/latex/adjustbox/tc-pdftex.def
File: tc-pdftex.def 2019/01/04 v2.2 Clipping driver for pdftex
))
\adjbox@Width=\dimen307
\adjbox@Height=\dimen308
\adjbox@Depth=\dimen309
\adjbox@Totalheight=\dimen310
\adjbox@pwidth=\dimen311
\adjbox@pheight=\dimen312
\adjbox@pdepth=\dimen313
\adjbox@ptotalheight=\dimen314

(/usr/local/texlive/2023/texmf-dist/tex/latex/ifoddpage/ifoddpage.sty
Package: ifoddpage 2022/10/18 v1.2 Conditionals for odd/even page detection
\c@checkoddpage=\count472
)
(/usr/local/texlive/2023/texmf-dist/tex/latex/varwidth/varwidth.sty
Package: varwidth 2009/03/30 ver 0.92;  Variable-width minipages
\@vwid@box=\box123
\sift@deathcycles=\count473
\@vwid@loff=\dimen315
\@vwid@roff=\dimen316
))
(/usr/local/texlive/2023/texmf-dist/tex/latex/tools/array.sty
Package: array 2022/09/04 v2.5g Tabular extension package (FMi)
\col@sep=\dimen317
\ar@mcellbox=\box124
\extrarowheight=\dimen318
\NC@list=\toks47
\extratabsurround=\skip89
\backup@length=\skip90
\ar@cellbox=\box125
)
(/usr/local/texlive/2023/texmf-dist/tex/latex/threeparttable/threeparttable.sty
Package: threeparttable 2003/06/13  v 3.0
\@tempboxb=\box126
) (/usr/local/texlive/2023/texmf-dist/tex/latex/booktabs/booktabs.sty
Package: booktabs 2020/01/12 v1.61803398 Publication quality tables
\heavyrulewidth=\dimen319
\lightrulewidth=\dimen320
\cmidrulewidth=\dimen321
\belowrulesep=\dimen322
\belowbottomsep=\dimen323
\aboverulesep=\dimen324
\abovetopsep=\dimen325
\cmidrulesep=\dimen326
\cmidrulekern=\dimen327
\defaultaddspace=\dimen328
\@cmidla=\count474
\@cmidlb=\count475
\@aboverulesep=\dimen329
\@belowrulesep=\dimen330
\@thisruleclass=\count476
\@lastruleclass=\count477
\@thisrulewidth=\dimen331
)
(/usr/local/texlive/2023/texmf-dist/tex/latex/tools/tabularx.sty
Package: tabularx 2020/01/15 v2.11c `tabularx' package (DPC)
\TX@col@width=\dimen332
\TX@old@table=\dimen333
\TX@old@col=\dimen334
\TX@target=\dimen335
\TX@delta=\dimen336
\TX@cols=\count478
\TX@ftn=\toks48
)
(/usr/local/texlive/2023/texmf-dist/tex/latex/subfigure/subfigure.sty
Package: subfigure 2002/03/15 v2.1.5 subfigure package
\subfigtopskip=\skip91
\subfigcapskip=\skip92
\subfigcaptopadj=\dimen337
\subfigbottomskip=\skip93
\subfigcapmargin=\dimen338
\subfiglabelskip=\skip94
\c@subfigure=\count479
\c@lofdepth=\count480
\c@subtable=\count481
\c@lotdepth=\count482

****************************************
* Local config file subfigure.cfg used *
****************************************
(/usr/local/texlive/2023/texmf-dist/tex/latex/subfigure/subfigure.cfg)
\subfig@top=\skip95
\subfig@bottom=\skip96
)
(/usr/local/texlive/2023/texmf-dist/tex/latex/hf-tikz/hf-tikz.sty
Package: hf-tikz 2014/07/25 v0.3a A simple way to highlight formulas and formul
a parts.

(/usr/local/texlive/2023/texmf-dist/tex/latex/pgf/frontendlayer/tikz.sty
(/usr/local/texlive/2023/texmf-dist/tex/latex/pgf/basiclayer/pgf.sty
Package: pgf 2023-01-15 v3.1.10 (3.1.10)

(/usr/local/texlive/2023/texmf-dist/tex/generic/pgf/modules/pgfmoduleshapes.cod
e.tex
File: pgfmoduleshapes.code.tex 2023-01-15 v3.1.10 (3.1.10)
\pgfnodeparttextbox=\box127
)
(/usr/local/texlive/2023/texmf-dist/tex/generic/pgf/modules/pgfmoduleplot.code.
tex
File: pgfmoduleplot.code.tex 2023-01-15 v3.1.10 (3.1.10)
)
(/usr/local/texlive/2023/texmf-dist/tex/latex/pgf/compatibility/pgfcomp-version
-0-65.sty
Package: pgfcomp-version-0-65 2023-01-15 v3.1.10 (3.1.10)
\pgf@nodesepstart=\dimen339
\pgf@nodesepend=\dimen340
)
(/usr/local/texlive/2023/texmf-dist/tex/latex/pgf/compatibility/pgfcomp-version
-1-18.sty
Package: pgfcomp-version-1-18 2023-01-15 v3.1.10 (3.1.10)
))
(/usr/local/texlive/2023/texmf-dist/tex/latex/pgf/utilities/pgffor.sty
(/usr/local/texlive/2023/texmf-dist/tex/generic/pgf/utilities/pgffor.code.tex
Package: pgffor 2023-01-15 v3.1.10 (3.1.10)
\pgffor@iter=\dimen341
\pgffor@skip=\dimen342
\pgffor@stack=\toks49
\pgffor@toks=\toks50
))
(/usr/local/texlive/2023/texmf-dist/tex/generic/pgf/frontendlayer/tikz/tikz.cod
e.tex
Package: tikz 2023-01-15 v3.1.10 (3.1.10)

(/usr/local/texlive/2023/texmf-dist/tex/generic/pgf/libraries/pgflibraryplothan
dlers.code.tex
File: pgflibraryplothandlers.code.tex 2023-01-15 v3.1.10 (3.1.10)
\pgf@plot@mark@count=\count483
\pgfplotmarksize=\dimen343
)
\tikz@lastx=\dimen344
\tikz@lasty=\dimen345
\tikz@lastxsaved=\dimen346
\tikz@lastysaved=\dimen347
\tikz@lastmovetox=\dimen348
\tikz@lastmovetoy=\dimen349
\tikzleveldistance=\dimen350
\tikzsiblingdistance=\dimen351
\tikz@figbox=\box128
\tikz@figbox@bg=\box129
\tikz@tempbox=\box130
\tikz@tempbox@bg=\box131
\tikztreelevel=\count484
\tikznumberofchildren=\count485
\tikznumberofcurrentchild=\count486
\tikz@fig@count=\count487

(/usr/local/texlive/2023/texmf-dist/tex/generic/pgf/modules/pgfmodulematrix.cod
e.tex
File: pgfmodulematrix.code.tex 2023-01-15 v3.1.10 (3.1.10)
\pgfmatrixcurrentrow=\count488
\pgfmatrixcurrentcolumn=\count489
\pgf@matrix@numberofcolumns=\count490
)
\tikz@expandcount=\count491

(/usr/local/texlive/2023/texmf-dist/tex/generic/pgf/frontendlayer/tikz/librarie
s/tikzlibrarytopaths.code.tex
File: tikzlibrarytopaths.code.tex 2023-01-15 v3.1.10 (3.1.10)
)))
(/usr/local/texlive/2023/texmf-dist/tex/generic/pgf/frontendlayer/tikz/librarie
s/tikzlibraryshadings.code.tex
File: tikzlibraryshadings.code.tex 2023-01-15 v3.1.10 (3.1.10)

(/usr/local/texlive/2023/texmf-dist/tex/generic/pgf/libraries/pgflibraryshading
s.code.tex
File: pgflibraryshadings.code.tex 2023-01-15 v3.1.10 (3.1.10)
))
\c@jumping=\count492
)
(/usr/local/texlive/2023/texmf-dist/tex/generic/pgf/frontendlayer/tikz/librarie
s/tikzlibrarycalc.code.tex
File: tikzlibrarycalc.code.tex 2023-01-15 v3.1.10 (3.1.10)
)
(/usr/local/texlive/2023/texmf-dist/tex/generic/pgf/frontendlayer/tikz/librarie
s/tikzlibraryfit.code.tex
File: tikzlibraryfit.code.tex 2023-01-15 v3.1.10 (3.1.10)
)
(/usr/local/texlive/2023/texmf-dist/tex/generic/pgf/frontendlayer/tikz/librarie
s/tikzlibraryshapes.misc.code.tex
File: tikzlibraryshapes.misc.code.tex 2023-01-15 v3.1.10 (3.1.10)

(/usr/local/texlive/2023/texmf-dist/tex/generic/pgf/libraries/shapes/pgflibrary
shapes.misc.code.tex
File: pgflibraryshapes.misc.code.tex 2023-01-15 v3.1.10 (3.1.10)
)))
\@quotelevel=\count493
\@quotereset=\count494
 (./advanced.aux)
\openout1 = `advanced.aux'.

LaTeX Font Info:    Checking defaults for OML/cmm/m/it on input line 13.
LaTeX Font Info:    ... okay on input line 13.
LaTeX Font Info:    Checking defaults for OMS/cmsy/m/n on input line 13.
LaTeX Font Info:    ... okay on input line 13.
LaTeX Font Info:    Checking defaults for OT1/cmr/m/n on input line 13.
LaTeX Font Info:    ... okay on input line 13.
LaTeX Font Info:    Checking defaults for T1/cmr/m/n on input line 13.
LaTeX Font Info:    ... okay on input line 13.
LaTeX Font Info:    Checking defaults for TS1/cmr/m/n on input line 13.
LaTeX Font Info:    ... okay on input line 13.
LaTeX Font Info:    Checking defaults for OMX/cmex/m/n on input line 13.
LaTeX Font Info:    ... okay on input line 13.
LaTeX Font Info:    Checking defaults for U/cmr/m/n on input line 13.
LaTeX Font Info:    ... okay on input line 13.
LaTeX Font Info:    Checking defaults for PD1/pdf/m/n on input line 13.
LaTeX Font Info:    ... okay on input line 13.
LaTeX Font Info:    Checking defaults for PU/pdf/m/n on input line 13.
LaTeX Font Info:    ... okay on input line 13.

*geometry* driver: auto-detecting
*geometry* detected driver: pdftex
*geometry* verbose mode - [ preamble ] result:
* driver: pdftex
* paper: custom
* layout: <same size as paper>
* layoutoffset:(h,v)=(0.0pt,0.0pt)
* modes: includehead includefoot 
* h-part:(L,W,R)=(25.0pt, 324.19536pt, 15.0pt)
* v-part:(T,H,B)=(0.0pt, 273.14662pt, 0.0pt)
* \paperwidth=364.19536pt
* \paperheight=273.14662pt
* \textwidth=324.19536pt
* \textheight=244.6939pt
* \oddsidemargin=-47.26999pt
* \evensidemargin=-47.26999pt
* \topmargin=-72.26999pt
* \headheight=14.22636pt
* \headsep=0.0pt
* \topskip=11.0pt
* \footskip=14.22636pt
* \marginparwidth=4.0pt
* \marginparsep=10.0pt
* \columnsep=10.0pt
* \skip\footins=10.0pt plus 4.0pt minus 2.0pt
* \hoffset=0.0pt
* \voffset=0.0pt
* \mag=1000
* \@twocolumnfalse
* \@twosidefalse
* \@mparswitchfalse
* \@reversemarginfalse
* (1in=72.27pt=25.4mm, 1cm=28.453pt)

(/usr/local/texlive/2023/texmf-dist/tex/context/base/mkii/supp-pdf.mkii
[Loading MPS to PDF converter (version 2006.09.02).]
\scratchcounter=\count495
\scratchdimen=\dimen352
\scratchbox=\box132
\nofMPsegments=\count496
\nofMParguments=\count497
\everyMPshowfont=\toks51
\MPscratchCnt=\count498
\MPscratchDim=\dimen353
\MPnumerator=\count499
\makeMPintoPDFobject=\count500
\everyMPtoPDFconversion=\toks52
) (/usr/local/texlive/2023/texmf-dist/tex/latex/epstopdf-pkg/epstopdf-base.sty
Package: epstopdf-base 2020-01-24 v2.11 Base part for package epstopdf

(/usr/local/texlive/2023/texmf-dist/tex/latex/grfext/grfext.sty
Package: grfext 2019/12/03 v1.3 Manage graphics extensions (HO)
)
Package epstopdf-base Info: Redefining graphics rule for `.eps' on input line 4
85.
Package grfext Info: Graphics extension search list:
(grfext)             [.pdf,.png,.jpg,.mps,.jpeg,.jbig2,.jb2,.PDF,.PNG,.JPG,.JPE
G,.JBIG2,.JB2,.eps]
(grfext)             \AppendGraphicsExtensions on input line 504.

(/usr/local/texlive/2023/texmf-dist/tex/latex/latexconfig/epstopdf-sys.cfg
File: epstopdf-sys.cfg 2010/07/13 v1.3 Configuration of (r)epstopdf for TeX Liv
e
))
Package hyperref Info: Link coloring ON on input line 13.

(./advanced.out) (./advanced.out)
\@outlinefile=\write6
\openout6 = `advanced.out'.

LaTeX Font Info:    Overwriting symbol font `operators' in version `normal'
(Font)                  OT1/cmr/m/n --> OT1/cmss/m/n on input line 13.
LaTeX Font Info:    Overwriting symbol font `operators' in version `bold'
(Font)                  OT1/cmr/bx/n --> OT1/cmss/b/n on input line 13.
\symnumbers=\mathgroup6
\sympureletters=\mathgroup7
LaTeX Font Info:    Overwriting math alphabet `\mathrm' in version `normal'
(Font)                  OT1/cmss/m/n --> OT1/cmr/m/n on input line 13.
LaTeX Font Info:    Redeclaring math alphabet \mathbf on input line 13.
LaTeX Font Info:    Overwriting math alphabet `\mathbf' in version `normal'
(Font)                  OT1/cmr/bx/n --> OT1/cmss/b/n on input line 13.
LaTeX Font Info:    Overwriting math alphabet `\mathbf' in version `bold'
(Font)                  OT1/cmr/bx/n --> OT1/cmss/b/n on input line 13.
LaTeX Font Info:    Redeclaring math alphabet \mathsf on input line 13.
LaTeX Font Info:    Overwriting math alphabet `\mathsf' in version `normal'
(Font)                  OT1/cmss/m/n --> OT1/cmss/m/n on input line 13.
LaTeX Font Info:    Overwriting math alphabet `\mathsf' in version `bold'
(Font)                  OT1/cmss/bx/n --> OT1/cmss/m/n on input line 13.
LaTeX Font Info:    Redeclaring math alphabet \mathit on input line 13.
LaTeX Font Info:    Overwriting math alphabet `\mathit' in version `normal'
(Font)                  OT1/cmr/m/it --> OT1/cmss/m/it on input line 13.
LaTeX Font Info:    Overwriting math alphabet `\mathit' in version `bold'
(Font)                  OT1/cmr/bx/it --> OT1/cmss/m/it on input line 13.
LaTeX Font Info:    Redeclaring math alphabet \mathtt on input line 13.
LaTeX Font Info:    Overwriting math alphabet `\mathtt' in version `normal'
(Font)                  OT1/cmtt/m/n --> OT1/cmtt/m/n on input line 13.
LaTeX Font Info:    Overwriting math alphabet `\mathtt' in version `bold'
(Font)                  OT1/cmtt/m/n --> OT1/cmtt/m/n on input line 13.
LaTeX Font Info:    Overwriting symbol font `numbers' in version `bold'
(Font)                  OT1/cmss/m/n --> OT1/cmss/b/n on input line 13.
LaTeX Font Info:    Overwriting symbol font `pureletters' in version `bold'
(Font)                  OT1/cmss/m/it --> OT1/cmss/b/it on input line 13.
LaTeX Font Info:    Overwriting math alphabet `\mathrm' in version `bold'
(Font)                  OT1/cmss/b/n --> OT1/cmr/b/n on input line 13.
LaTeX Font Info:    Overwriting math alphabet `\mathbf' in version `bold'
(Font)                  OT1/cmss/b/n --> OT1/cmss/b/n on input line 13.
LaTeX Font Info:    Overwriting math alphabet `\mathsf' in version `bold'
(Font)                  OT1/cmss/m/n --> OT1/cmss/b/n on input line 13.
LaTeX Font Info:    Overwriting math alphabet `\mathit' in version `bold'
(Font)                  OT1/cmss/m/it --> OT1/cmss/b/it on input line 13.
LaTeX Font Info:    Overwriting math alphabet `\mathtt' in version `bold'
(Font)                  OT1/cmtt/m/n --> OT1/cmtt/b/n on input line 13.
LaTeX Font Info:    Redeclaring symbol font `pureletters' on input line 13.
LaTeX Font Info:    Overwriting symbol font `pureletters' in version `normal'
(Font)                  OT1/cmss/m/it --> OT1/mathkerncmss/m/sl on input line 1
3.
LaTeX Font Info:    Overwriting symbol font `pureletters' in version `bold'
(Font)                  OT1/cmss/b/it --> OT1/mathkerncmss/m/sl on input line 1
3.
LaTeX Font Info:    Overwriting symbol font `pureletters' in version `bold'
(Font)                  OT1/mathkerncmss/m/sl --> OT1/mathkerncmss/bx/sl on inp
ut line 13.

(/usr/local/texlive/2023/texmf-dist/tex/latex/translator/translator-basic-dicti
onary-English.dict
Dictionary: translator-basic-dictionary, Language: English 
)
(/usr/local/texlive/2023/texmf-dist/tex/latex/translator/translator-bibliograph
y-dictionary-English.dict
Dictionary: translator-bibliography-dictionary, Language: English 
)
(/usr/local/texlive/2023/texmf-dist/tex/latex/translator/translator-environment
-dictionary-English.dict
Dictionary: translator-environment-dictionary, Language: English 
)
(/usr/local/texlive/2023/texmf-dist/tex/latex/translator/translator-months-dict
ionary-English.dict
Dictionary: translator-months-dictionary, Language: English 
)
(/usr/local/texlive/2023/texmf-dist/tex/latex/translator/translator-numbers-dic
tionary-English.dict
Dictionary: translator-numbers-dictionary, Language: English 
)
(/usr/local/texlive/2023/texmf-dist/tex/latex/translator/translator-theorem-dic
tionary-English.dict
Dictionary: translator-theorem-dictionary, Language: English 
)
Package biblatex Info: Trying to load language 'english'...
Package biblatex Info: ... file 'english.lbx' found.

(/usr/local/texlive/2023/texmf-dist/tex/latex/biblatex/lbx/english.lbx
File: english.lbx 2023/03/05 v3.19 biblatex localization (PK/MW)
)
Package biblatex Info: Input encoding 'utf8' detected.
Package biblatex Info: Automatic encoding selection.
(biblatex)             Assuming data encoding 'utf8'.
\openout5 = `advanced.bcf'.

Package biblatex Info: Trying to load bibliographic data...
Package biblatex Info: ... file 'advanced.bbl' found.

(./advanced.bbl)
Package biblatex Info: Reference section=0 on input line 13.
Package biblatex Info: Reference segment=0 on input line 13.
 (./advanced.nav)
Overfull \hbox (2.12503pt too wide) in paragraph at lines 13--13
[][]  
 []


Overfull \hbox (2.12503pt too wide) has occurred while \output is active
[][] 
 []

[1

{/usr/local/texlive/2023/texmf-var/fonts/map/pdftex/updmap/pdftex.map}]
(./advanced.toc)
Overfull \hbox (2.12503pt too wide) has occurred while \output is active
[][] 
 []

[2

]
LaTeX Font Info:    Trying to load font information for OT1+mathkerncmss on inp
ut line 41.

(/usr/local/texlive/2023/texmf-dist/tex/latex/sansmathaccent/ot1mathkerncmss.fd
File: ot1mathkerncmss.fd 2020/01/31 Fontinst v1.933 font definitions for OT1/ma
thkerncmss.
)
Overfull \hbox (2.12503pt too wide) has occurred while \output is active
[][] 
 []

[3

]
Overfull \hbox (2.12503pt too wide) has occurred while \output is active
[][] 
 []

[4

]
Overfull \hbox (2.12503pt too wide) has occurred while \output is active
[][] 
 []

[5

]
Overfull \hbox (2.12503pt too wide) has occurred while \output is active
[][] 
 []

[6

]
Overfull \hbox (2.12503pt too wide) has occurred while \output is active
[][] 
 []

[7

]
Overfull \hbox (2.12503pt too wide) has occurred while \output is active
[][] 
 []

[8

]
Overfull \hbox (2.12503pt too wide) has occurred while \output is active
[][] 
 []

[9

]
Overfull \hbox (2.12503pt too wide) has occurred while \output is active
[][] 
 []

[10

]
Overfull \hbox (2.12503pt too wide) has occurred while \output is active
[][] 
 []

[11

]
Overfull \hbox (2.12503pt too wide) has occurred while \output is active
[][] 
 []

[12

]
Overfull \hbox (2.12503pt too wide) has occurred while \output is active
[][] 
 []

[13

]
<../img/electoral_data_excel.jpg, id=151, 1766.6pt x 1007.765pt>
File: ../img/electoral_data_excel.jpg Graphic file (type jpg)
<use ../img/electoral_data_excel.jpg>
Package pdftex.def Info: ../img/electoral_data_excel.jpg  used on input line 91
.
(pdftex.def)             Requested size: 364.17705pt x 207.74644pt.
 [14

 <../img/electoral_data_excel.jpg>]
<../img/covid_vote.png, id=157, 396.0396pt x 292.4526pt>
File: ../img/covid_vote.png Graphic file (type png)
<use ../img/covid_vote.png>
Package pdftex.def Info: ../img/covid_vote.png  used on input line 101.
(pdftex.def)             Requested size: 291.77383pt x 215.46103pt.

Overfull \hbox (2.12503pt too wide) has occurred while \output is active
[][] 
 []

[15

 <../img/covid_vote.png>]
<../img/global_inflation_ft.png, id=165, 963.6pt x 553.06625pt>
File: ../img/global_inflation_ft.png Graphic file (type png)
<use ../img/global_inflation_ft.png>
Package pdftex.def Info: ../img/global_inflation_ft.png  used on input line 111
.
(pdftex.def)             Requested size: 324.19536pt x 186.07372pt.

Overfull \hbox (2.12503pt too wide) has occurred while \output is active
[][] 
 []

[16

 <../img/global_inflation_ft.png>]
<../img/emissions.png, id=173, 683.55376pt x 787.94376pt>
File: ../img/emissions.png Graphic file (type png)
<use ../img/emissions.png>
Package pdftex.def Info: ../img/emissions.png  used on input line 121.
(pdftex.def)             Requested size: 210.72499pt x 242.90143pt.

Overfull \vbox (19.51077pt too high) detected at line 121
 []


Overfull \hbox (2.12503pt too wide) has occurred while \output is active
[][] 
 []

[17

 <../img/emissions.png>]
<../img/Minard.png, id=180, 1447.5681pt x 690.1785pt>
File: ../img/Minard.png Graphic file (type png)
<use ../img/Minard.png>
Package pdftex.def Info: ../img/Minard.png  used on input line 125.
(pdftex.def)             Requested size: 364.1883pt x 173.63945pt.
 [18

 <../img/Minard.png>] (./advanced.toc)
Overfull \hbox (2.12503pt too wide) has occurred while \output is active
[][] 
 []

[19

]
Overfull \hbox (2.12503pt too wide) has occurred while \output is active
[][] 
 []

[20

]
Overfull \hbox (2.12503pt too wide) has occurred while \output is active
[][] 
 []

[21

]
Overfull \hbox (2.12503pt too wide) has occurred while \output is active
[][] 
 []

[22

]
Overfull \hbox (2.12503pt too wide) has occurred while \output is active
[][] 
 []

[23

]
Overfull \hbox (2.12503pt too wide) has occurred while \output is active
[][] 
 []

[24

]
<../img/blair_apsr.jpg, id=224, 1915.155pt x 987.69pt>
File: ../img/blair_apsr.jpg Graphic file (type jpg)
<use ../img/blair_apsr.jpg>
Package pdftex.def Info: ../img/blair_apsr.jpg  used on input line 177.
(pdftex.def)             Requested size: 324.19536pt x 167.19675pt.

Overfull \hbox (2.12503pt too wide) has occurred while \output is active
[][] 
 []

[25

 <../img/blair_apsr.jpg>]
Overfull \hbox (2.12503pt too wide) has occurred while \output is active
[][] 
 []

[26

]
Overfull \hbox (2.12503pt too wide) has occurred while \output is active
[][] 
 []

[27

]
Overfull \hbox (2.12503pt too wide) has occurred while \output is active
[][] 
 []

[28

]
Overfull \hbox (2.12503pt too wide) has occurred while \output is active
[][] 
 []

[29

]
<../img/blair_apsr2.jpg, id=251, 1654.18pt x 489.83pt>
File: ../img/blair_apsr2.jpg Graphic file (type jpg)
<use ../img/blair_apsr2.jpg>
Package pdftex.def Info: ../img/blair_apsr2.jpg  used on input line 214.
(pdftex.def)             Requested size: 324.19536pt x 95.99855pt.

Overfull \hbox (2.12503pt too wide) has occurred while \output is active
[][] 
 []

[30

 <../img/blair_apsr2.jpg>]
Overfull \hbox (2.12503pt too wide) has occurred while \output is active
[][] 
 []

[31

]
Overfull \hbox (2.12503pt too wide) has occurred while \output is active
[][] 
 []

[32

]
Overfull \hbox (2.12503pt too wide) has occurred while \output is active
[][] 
 []

[33

]
Overfull \hbox (2.12503pt too wide) has occurred while \output is active
[][] 
 []

[34

]
<../img/blair_apsr3.jpg, id=278, 1529.715pt x 1049.9225pt>
File: ../img/blair_apsr3.jpg Graphic file (type jpg)
<use ../img/blair_apsr3.jpg>
Package pdftex.def Info: ../img/blair_apsr3.jpg  used on input line 241.
(pdftex.def)             Requested size: 324.19536pt x 222.50882pt.

Overfull \hbox (2.12503pt too wide) has occurred while \output is active
[][] 
 []

[35

 <../img/blair_apsr3.jpg>]
Overfull \hbox (2.12503pt too wide) has occurred while \output is active
[][] 
 []

[36

]
<../img/blair_apsr4.jpg, id=289, 1826.825pt x 742.775pt>
File: ../img/blair_apsr4.jpg Graphic file (type jpg)
<use ../img/blair_apsr4.jpg>
Package pdftex.def Info: ../img/blair_apsr4.jpg  used on input line 259.
(pdftex.def)             Requested size: 364.18777pt x 148.07634pt.
 [37

 <../img/blair_apsr4.jpg>]
Overfull \hbox (2.12503pt too wide) has occurred while \output is active
[][] 
 []

[38

]
Overfull \hbox (2.12503pt too wide) has occurred while \output is active
[][] 
 []

[39

]
Overfull \hbox (2.12503pt too wide) has occurred while \output is active
[][] 
 []

[40

]
Overfull \hbox (2.12503pt too wide) has occurred while \output is active
[][] 
 []

[41

]
<../img/normal-looking-funnel-plot.jpeg, id=317, 651.93562pt x 436.63126pt>
File: ../img/normal-looking-funnel-plot.jpeg Graphic file (type jpg)
<use ../img/normal-looking-funnel-plot.jpeg>
Package pdftex.def Info: ../img/normal-looking-funnel-plot.jpeg  used on input 
line 285.
(pdftex.def)             Requested size: 364.20605pt x 243.92554pt.
 [42

 <../img/normal-looking-funnel-plot.jpeg>]
<../img/skewed-funnel-plot.jpeg, id=323, 651.93562pt x 436.63126pt>
File: ../img/skewed-funnel-plot.jpeg Graphic file (type jpg)
<use ../img/skewed-funnel-plot.jpeg>
Package pdftex.def Info: ../img/skewed-funnel-plot.jpeg  used on input line 289
.
(pdftex.def)             Requested size: 364.20605pt x 243.92554pt.
 [43

 <../img/skewed-funnel-plot.jpeg>]
Overfull \hbox (2.12503pt too wide) has occurred while \output is active
[][] 
 []

[44

]
<../img/inverted-funnel-plot.jpeg, id=335, 651.93562pt x 436.63126pt>
File: ../img/inverted-funnel-plot.jpeg Graphic file (type jpg)
<use ../img/inverted-funnel-plot.jpeg>
Package pdftex.def Info: ../img/inverted-funnel-plot.jpeg  used on input line 3
08.
(pdftex.def)             Requested size: 364.20605pt x 243.92554pt.
 [45

 <../img/inverted-funnel-plot.jpeg>]
Overfull \hbox (2.12503pt too wide) has occurred while \output is active
[][] 
 []

[46

]
Overfull \hbox (2.12503pt too wide) has occurred while \output is active
[][] 
 []

[47

]
Overfull \hbox (2.12503pt too wide) has occurred while \output is active
[][] 
 []

[48

]
Overfull \hbox (2.12503pt too wide) has occurred while \output is active
[][] 
 []

[49

]
Overfull \hbox (2.12503pt too wide) has occurred while \output is active
[][] 
 []

[50

]
Overfull \hbox (2.12503pt too wide) has occurred while \output is active
[][] 
 []

[51

]
Overfull \hbox (2.12503pt too wide) has occurred while \output is active
[][] 
 []

[52

]
Overfull \hbox (2.12503pt too wide) has occurred while \output is active
[][] 
 []

[53

]
Overfull \hbox (2.12503pt too wide) has occurred while \output is active
[][] 
 []

[54

]
<../img/egami_hartman.jpg, id=388, 1959.32pt x 544.0325pt>
File: ../img/egami_hartman.jpg Graphic file (type jpg)
<use ../img/egami_hartman.jpg>
Package pdftex.def Info: ../img/egami_hartman.jpg  used on input line 409.
(pdftex.def)             Requested size: 364.17265pt x 101.1176pt.
 [55

 <../img/egami_hartman.jpg>]
Overfull \hbox (2.12503pt too wide) has occurred while \output is active
[][] 
 []

[56

]
Overfull \hbox (2.12503pt too wide) has occurred while \output is active
[][] 
 []

[57

]
Overfull \hbox (2.12503pt too wide) has occurred while \output is active
[][] 
 []

[58

]
Overfull \hbox (2.12503pt too wide) has occurred while \output is active
[][] 
 []

[59

]
Overfull \hbox (2.12503pt too wide) has occurred while \output is active
[][] 
 []

[60

]
Overfull \hbox (2.12503pt too wide) has occurred while \output is active
[][] 
 []

[61

]
Overfull \hbox (2.12503pt too wide) has occurred while \output is active
[][] 
 []

[62

] (./advanced.toc)
Overfull \hbox (2.12503pt too wide) has occurred while \output is active
[][] 
 []

[63

]
Overfull \hbox (2.12503pt too wide) has occurred while \output is active
[][] 
 []

[64

]
Overfull \hbox (2.12503pt too wide) has occurred while \output is active
[][] 
 []

[65

] (./advanced.toc)
Overfull \hbox (2.12503pt too wide) has occurred while \output is active
[][] 
 []

[66

]
Overfull \hbox (2.12503pt too wide) has occurred while \output is active
[][] 
 []

[67

]
Overfull \hbox (2.12503pt too wide) has occurred while \output is active
[][] 
 []

[68

] (./advanced.toc)
Overfull \hbox (2.12503pt too wide) has occurred while \output is active
[][] 
 []

[69

]
Overfull \hbox (2.12503pt too wide) has occurred while \output is active
[][] 
 []

[70

]
<../img/abadie2003.jpg, id=501, 1284.8pt x 674.52pt>
File: ../img/abadie2003.jpg Graphic file (type jpg)
<use ../img/abadie2003.jpg>
Package pdftex.def Info: ../img/abadie2003.jpg  used on input line 542.
(pdftex.def)             Requested size: 324.19536pt x 170.20432pt.

Overfull \hbox (2.12503pt too wide) has occurred while \output is active
[][] 
 []

[71

 <../img/abadie2003.jpg>]
<../img/abadie2003b.jpg, id=507, 1198.4775pt x 817.0525pt>
File: ../img/abadie2003b.jpg Graphic file (type jpg)
<use ../img/abadie2003b.jpg>
Package pdftex.def Info: ../img/abadie2003b.jpg  used on input line 552.
(pdftex.def)             Requested size: 324.19536pt x 221.01854pt.

Overfull \hbox (2.12503pt too wide) has occurred while \output is active
[][] 
 []

[72

 <../img/abadie2003b.jpg>]
Overfull \hbox (2.12503pt too wide) has occurred while \output is active
[][] 
 []

[73

] (./advanced.toc)
Overfull \hbox (2.12503pt too wide) has occurred while \output is active
[][] 
 []

[74

]
Overfull \hbox (2.12503pt too wide) has occurred while \output is active
[][] 
 []

[75

] (./advanced.toc)
Overfull \hbox (2.12503pt too wide) has occurred while \output is active
[][] 
 []

[76

]
Overfull \hbox (2.12503pt too wide) has occurred while \output is active
[][] 
 []

[77

]
Overfull \hbox (2.12503pt too wide) has occurred while \output is active
[][] 
 []

[78

]
Overfull \hbox (2.12503pt too wide) has occurred while \output is active
[][] 
 []

[79

]
Overfull \hbox (2.12503pt too wide) has occurred while \output is active
[][] 
 []

[80

]
Overfull \hbox (2.12503pt too wide) has occurred while \output is active
[][] 
 []

[81

]
Overfull \hbox (2.12503pt too wide) has occurred while \output is active
[][] 
 []

[82

]
<../img/matching_dag_distance.png, id=583, 216.5691pt x 60.9477pt>
File: ../img/matching_dag_distance.png Graphic file (type png)
<use ../img/matching_dag_distance.png>
Package pdftex.def Info: ../img/matching_dag_distance.png  used on input line 7
18.
(pdftex.def)             Requested size: 259.35727pt x 72.99083pt.

Overfull \hbox (2.12503pt too wide) has occurred while \output is active
[][] 
 []

[83

 <../img/matching_dag_distance.png>]
File: ../img/matching_dag_distance.png Graphic file (type png)
<use ../img/matching_dag_distance.png>
Package pdftex.def Info: ../img/matching_dag_distance.png  used on input line 7
18.
(pdftex.def)             Requested size: 259.35727pt x 72.99083pt.

Overfull \hbox (2.12503pt too wide) has occurred while \output is active
[][] 
 []

[84

]
File: ../img/matching_dag_distance.png Graphic file (type png)
<use ../img/matching_dag_distance.png>
Package pdftex.def Info: ../img/matching_dag_distance.png  used on input line 7
18.
(pdftex.def)             Requested size: 259.35727pt x 72.99083pt.

Overfull \hbox (2.12503pt too wide) has occurred while \output is active
[][] 
 []

[85

]
File: ../img/matching_dag_distance.png Graphic file (type png)
<use ../img/matching_dag_distance.png>
Package pdftex.def Info: ../img/matching_dag_distance.png  used on input line 7
18.
(pdftex.def)             Requested size: 259.35727pt x 72.99083pt.

Overfull \hbox (2.12503pt too wide) has occurred while \output is active
[][] 
 []

[86

]
<../img/matching_dag_ps.png, id=608, 263.7855pt x 101.178pt>
File: ../img/matching_dag_ps.png Graphic file (type png)
<use ../img/matching_dag_ps.png>
Package pdftex.def Info: ../img/matching_dag_ps.png  used on input line 737.
(pdftex.def)             Requested size: 275.56802pt x 105.69812pt.

Overfull \hbox (2.12503pt too wide) has occurred while \output is active
[][] 
 []

[87

 <../img/matching_dag_ps.png>]
File: ../img/matching_dag_ps.png Graphic file (type png)
<use ../img/matching_dag_ps.png>
Package pdftex.def Info: ../img/matching_dag_ps.png  used on input line 737.
(pdftex.def)             Requested size: 275.56802pt x 105.69812pt.

Overfull \hbox (2.12503pt too wide) has occurred while \output is active
[][] 
 []

[88

]
File: ../img/matching_dag_ps.png Graphic file (type png)
<use ../img/matching_dag_ps.png>
Package pdftex.def Info: ../img/matching_dag_ps.png  used on input line 737.
(pdftex.def)             Requested size: 275.56802pt x 105.69812pt.

Overfull \hbox (2.12503pt too wide) has occurred while \output is active
[][] 
 []

[89

]
File: ../img/matching_dag_ps.png Graphic file (type png)
<use ../img/matching_dag_ps.png>
Package pdftex.def Info: ../img/matching_dag_ps.png  used on input line 737.
(pdftex.def)             Requested size: 275.56802pt x 105.69812pt.

Overfull \hbox (2.12503pt too wide) has occurred while \output is active
[][] 
 []

[90

]
<../img/propscore1.png, id=629, 606.265pt x 420.57124pt>
File: ../img/propscore1.png Graphic file (type png)
<use ../img/propscore1.png>
Package pdftex.def Info: ../img/propscore1.png  used on input line 747.
(pdftex.def)             Requested size: 324.19536pt x 224.8975pt.

Overfull \hbox (2.12503pt too wide) has occurred while \output is active
[][] 
 []

[91

 <../img/propscore1.png>]
<../img/propscore2.png, id=637, 501.875pt x 579.16376pt>
File: ../img/propscore2.png Graphic file (type png)
<use ../img/propscore2.png>
Package pdftex.def Info: ../img/propscore2.png  used on input line 757.
(pdftex.def)             Requested size: 194.51918pt x 224.47665pt.

Overfull \hbox (2.12503pt too wide) has occurred while \output is active
[][] 
 []

[92

 <../img/propscore2.png>]
Overfull \hbox (2.12503pt too wide) has occurred while \output is active
[][] 
 []

[93

]
Overfull \hbox (2.12503pt too wide) has occurred while \output is active
[][] 
 []

[94

]
Overfull \hbox (2.12503pt too wide) has occurred while \output is active
[][] 
 []

[95

]
Overfull \hbox (2.12503pt too wide) has occurred while \output is active
[][] 
 []

[96

]
<../img/fe1.pdf, id=664, 361.35pt x 361.35pt>
File: ../img/fe1.pdf Graphic file (type pdf)
<use ../img/fe1.pdf>
Package pdftex.def Info: ../img/fe1.pdf  used on input line 846.
(pdftex.def)             Requested size: 226.93576pt x 226.93492pt.

Overfull \vbox (3.54427pt too high) detected at line 846
 []


Overfull \hbox (2.12503pt too wide) has occurred while \output is active
[][] 
 []

[97

 <../img/fe1.pdf>]
<../img/fe2.pdf, id=677, 361.35pt x 361.35pt>
File: ../img/fe2.pdf Graphic file (type pdf)
<use ../img/fe2.pdf>
Package pdftex.def Info: ../img/fe2.pdf  used on input line 856.
(pdftex.def)             Requested size: 226.93576pt x 226.93492pt.

Overfull \vbox (3.54427pt too high) detected at line 856
 []


Overfull \hbox (2.12503pt too wide) has occurred while \output is active
[][] 
 []

[98

 <../img/fe2.pdf>]
File: ../img/fe2.pdf Graphic file (type pdf)
<use ../img/fe2.pdf>
Package pdftex.def Info: ../img/fe2.pdf  used on input line 866.
(pdftex.def)             Requested size: 226.93576pt x 226.93492pt.

Overfull \vbox (3.54427pt too high) detected at line 866
 []


Overfull \hbox (2.12503pt too wide) has occurred while \output is active
[][] 
 []

[99

]
<../img/fe3.pdf, id=698, 361.35pt x 361.35pt>
File: ../img/fe3.pdf Graphic file (type pdf)
<use ../img/fe3.pdf>
Package pdftex.def Info: ../img/fe3.pdf  used on input line 876.
(pdftex.def)             Requested size: 226.93576pt x 226.93492pt.

Overfull \vbox (3.54427pt too high) detected at line 876
 []


Overfull \hbox (2.12503pt too wide) has occurred while \output is active
[][] 
 []

[100

 <../img/fe3.pdf>]
<../img/fe4.pdf, id=713, 361.35pt x 361.35pt>
File: ../img/fe4.pdf Graphic file (type pdf)
<use ../img/fe4.pdf>
Package pdftex.def Info: ../img/fe4.pdf  used on input line 886.
(pdftex.def)             Requested size: 226.93576pt x 226.93492pt.

Overfull \vbox (3.54427pt too high) detected at line 886
 []


Overfull \hbox (2.12503pt too wide) has occurred while \output is active
[][] 
 []

[101

 <../img/fe4.pdf>]
<../img/fe5.pdf, id=728, 361.35pt x 361.35pt>
File: ../img/fe5.pdf Graphic file (type pdf)
<use ../img/fe5.pdf>
Package pdftex.def Info: ../img/fe5.pdf  used on input line 896.
(pdftex.def)             Requested size: 226.93576pt x 226.93492pt.

Overfull \vbox (3.54427pt too high) detected at line 896
 []


Overfull \hbox (2.12503pt too wide) has occurred while \output is active
[][] 
 []

[102

 <../img/fe5.pdf>]
<../img/fe6.pdf, id=740, 361.35pt x 361.35pt>
File: ../img/fe6.pdf Graphic file (type pdf)
<use ../img/fe6.pdf>
Package pdftex.def Info: ../img/fe6.pdf  used on input line 906.
(pdftex.def)             Requested size: 226.93576pt x 226.93492pt.

Overfull \vbox (3.54427pt too high) detected at line 906
 []


Overfull \hbox (2.12503pt too wide) has occurred while \output is active
[][] 
 []

[103

 <../img/fe6.pdf>]
<../img/fe7.pdf, id=753, 361.35pt x 361.35pt>
File: ../img/fe7.pdf Graphic file (type pdf)
<use ../img/fe7.pdf>
Package pdftex.def Info: ../img/fe7.pdf  used on input line 916.
(pdftex.def)             Requested size: 226.93576pt x 226.93492pt.

Overfull \vbox (3.54427pt too high) detected at line 916
 []


Overfull \hbox (2.12503pt too wide) has occurred while \output is active
[][] 
 []

[104

 <../img/fe7.pdf>]
<../img/fe8.pdf, id=765, 361.35pt x 361.35pt>
File: ../img/fe8.pdf Graphic file (type pdf)
<use ../img/fe8.pdf>
Package pdftex.def Info: ../img/fe8.pdf  used on input line 926.
(pdftex.def)             Requested size: 226.93576pt x 226.93492pt.

Overfull \vbox (3.54427pt too high) detected at line 926
 []


Overfull \hbox (2.12503pt too wide) has occurred while \output is active
[][] 
 []

[105

 <../img/fe8.pdf>]
<../img/fe9.pdf, id=777, 361.35pt x 361.35pt>
File: ../img/fe9.pdf Graphic file (type pdf)
<use ../img/fe9.pdf>
Package pdftex.def Info: ../img/fe9.pdf  used on input line 936.
(pdftex.def)             Requested size: 226.93576pt x 226.93492pt.

Overfull \vbox (3.54427pt too high) detected at line 936
 []


Overfull \hbox (2.12503pt too wide) has occurred while \output is active
[][] 
 []

[106

 <../img/fe9.pdf>]
<../img/fe_data.png, id=792, 683.55376pt x 327.2225pt>
File: ../img/fe_data.png Graphic file (type png)
<use ../img/fe_data.png>
Package pdftex.def Info: ../img/fe_data.png  used on input line 948.
(pdftex.def)             Requested size: 324.19536pt x 155.19762pt.

Overfull \hbox (2.12503pt too wide) has occurred while \output is active
[][] 
 []

[107

 <../img/fe_data.png>]
<../img/fe_lm1.png, id=799, 581.17125pt x 322.20375pt>
File: ../img/fe_lm1.png Graphic file (type png)
<use ../img/fe_lm1.png>
Package pdftex.def Info: ../img/fe_lm1.png  used on input line 958.
(pdftex.def)             Requested size: 324.19536pt x 179.73473pt.

Overfull \hbox (2.12503pt too wide) has occurred while \output is active
[][] 
 []

[108

 <../img/fe_lm1.png>]
<../img/fe_lm2.png, id=806, 624.3325pt x 361.35pt>
File: ../img/fe_lm2.png Graphic file (type png)
<use ../img/fe_lm2.png>
Package pdftex.def Info: ../img/fe_lm2.png  used on input line 968.
(pdftex.def)             Requested size: 324.19536pt x 187.63841pt.

Overfull \hbox (2.12503pt too wide) has occurred while \output is active
[][] 
 []

[109

 <../img/fe_lm2.png>]
Overfull \hbox (2.12503pt too wide) has occurred while \output is active
[][] 
 []

[110

]
Overfull \hbox (2.12503pt too wide) has occurred while \output is active
[][] 
 []

[111

]
Overfull \hbox (2.12503pt too wide) has occurred while \output is active
[][] 
 []

[112

]
<../img/did1.pdf, id=831, 289.08pt x 216.81pt>
File: ../img/did1.pdf Graphic file (type pdf)
<use ../img/did1.pdf>
Package pdftex.def Info: ../img/did1.pdf  used on input line 1070.
(pdftex.def)             Requested size: 259.35727pt x 194.5284pt.

Overfull \hbox (2.12503pt too wide) has occurred while \output is active
[][] 
 []

[113

 <../img/did1.pdf>]
<../img/did2.pdf, id=843, 289.08pt x 216.81pt>
File: ../img/did2.pdf Graphic file (type pdf)
<use ../img/did2.pdf>
Package pdftex.def Info: ../img/did2.pdf  used on input line 1080.
(pdftex.def)             Requested size: 259.35727pt x 194.5284pt.

Overfull \hbox (2.12503pt too wide) has occurred while \output is active
[][] 
 []

[114

 <../img/did2.pdf>]
<../img/did3.pdf, id=855, 289.08pt x 216.81pt>
File: ../img/did3.pdf Graphic file (type pdf)
<use ../img/did3.pdf>
Package pdftex.def Info: ../img/did3.pdf  used on input line 1090.
(pdftex.def)             Requested size: 259.35727pt x 194.5284pt.

Overfull \hbox (2.12503pt too wide) has occurred while \output is active
[][] 
 []

[115

 <../img/did3.pdf>]
<../img/did4.pdf, id=868, 289.08pt x 216.81pt>
File: ../img/did4.pdf Graphic file (type pdf)
<use ../img/did4.pdf>
Package pdftex.def Info: ../img/did4.pdf  used on input line 1100.
(pdftex.def)             Requested size: 259.35727pt x 194.5284pt.

Overfull \hbox (2.12503pt too wide) has occurred while \output is active
[][] 
 []

[116

 <../img/did4.pdf>]
<../img/did5.pdf, id=880, 289.08pt x 216.81pt>
File: ../img/did5.pdf Graphic file (type pdf)
<use ../img/did5.pdf>
Package pdftex.def Info: ../img/did5.pdf  used on input line 1110.
(pdftex.def)             Requested size: 259.35727pt x 194.5284pt.

Overfull \hbox (2.12503pt too wide) has occurred while \output is active
[][] 
 []

[117

 <../img/did5.pdf>]
<../img/snow_map.png, id=892, 1774.63pt x 727.71875pt>
File: ../img/snow_map.png Graphic file (type png)
<use ../img/snow_map.png>
Package pdftex.def Info: ../img/snow_map.png  used on input line 1125.
(pdftex.def)             Requested size: 324.19536pt x 132.93803pt.

Overfull \hbox (2.12503pt too wide) has occurred while \output is active
[][] 
 []

[118

 <../img/snow_map.png>]
<../img/snow_table12_zoom.png, id=899, 419.5675pt x 136.51pt>
File: ../img/snow_table12_zoom.png Graphic file (type png)
<use ../img/snow_table12_zoom.png>
Package pdftex.def Info: ../img/snow_table12_zoom.png  used on input line 1141.

(pdftex.def)             Requested size: 127.08647pt x 41.34908pt.
<../img/did_snow.pdf, id=900, 289.08pt x 216.81pt>
File: ../img/did_snow.pdf Graphic file (type pdf)
<use ../img/did_snow.pdf>
Package pdftex.def Info: ../img/did_snow.pdf  used on input line 1141.
(pdftex.def)             Requested size: 158.8575pt x 119.14331pt.
<../img/snow_table12.png, id=901, 605.26125pt x 997.7275pt>
File: ../img/snow_table12.png Graphic file (type png)
<use ../img/snow_table12.png>
Package pdftex.def Info: ../img/snow_table12.png  used on input line 1141.
(pdftex.def)             Requested size: 158.8575pt x 261.8541pt.

Overfull \vbox (38.46344pt too high) detected at line 1141
 []


Overfull \hbox (2.12503pt too wide) has occurred while \output is active
[][] 
 []

[119

 <../img/snow_table12_zoom.png> <../img/did_snow.pdf> <../img/snow_table12.png>
]
LaTeX Font Info:    Font shape `OT1/cmss/b/n' in size <10.95> not available
(Font)              Font shape `OT1/cmss/bx/n' tried instead on input line 1165
.
LaTeX Font Info:    Font shape `OT1/cmss/b/n' in size <8> not available
(Font)              Font shape `OT1/cmss/bx/n' tried instead on input line 1165
.
LaTeX Font Info:    Font shape `OT1/cmss/b/n' in size <6> not available
(Font)              Font shape `OT1/cmss/bx/n' tried instead on input line 1165
.
LaTeX Font Info:    Font shape `OT1/cmss/b/n' in size <10> not available
(Font)              Font shape `OT1/cmss/bx/n' tried instead on input line 1165
.
LaTeX Font Info:    Font shape `OT1/cmss/b/n' in size <7> not available
(Font)              Font shape `OT1/cmss/bx/n' tried instead on input line 1165
.
LaTeX Font Info:    Font shape `OT1/cmss/b/n' in size <5> not available
(Font)              Font shape `OT1/cmss/bx/n' tried instead on input line 1165
.

Overfull \hbox (2.12503pt too wide) has occurred while \output is active
[][] 
 []

[120

]
Overfull \hbox (2.12503pt too wide) has occurred while \output is active
[][] 
 []

[121

]
Overfull \hbox (2.12503pt too wide) has occurred while \output is active
[][] 
 []

[122

]
<../img/did_TJ_hist.jpeg, id=934, 358.941pt x 116.3547pt>
File: ../img/did_TJ_hist.jpeg Graphic file (type jpg)
<use ../img/did_TJ_hist.jpeg>
Package pdftex.def Info: ../img/did_TJ_hist.jpeg  used on input line 1222.
(pdftex.def)             Requested size: 324.19536pt x 105.0911pt.

Overfull \hbox (2.12503pt too wide) has occurred while \output is active
[][] 
 []

[123

 <../img/did_TJ_hist.jpeg>]
<../img/did_TJ_groups.png, id=940, 1745.52126pt x 486.81876pt>
File: ../img/did_TJ_groups.png Graphic file (type png)
<use ../img/did_TJ_groups.png>
Package pdftex.def Info: ../img/did_TJ_groups.png  used on input line 1232.
(pdftex.def)             Requested size: 324.19536pt x 90.41661pt.

Overfull \hbox (2.12503pt too wide) has occurred while \output is active
[][] 
 []

[124

 <../img/did_TJ_groups.png>]
<../img/did_TJ_base.png, id=947, 1224.575pt x 400.49625pt>
File: ../img/did_TJ_base.png Graphic file (type png)
<use ../img/did_TJ_base.png>
Package pdftex.def Info: ../img/did_TJ_base.png  used on input line 1243.
(pdftex.def)             Requested size: 324.19536pt x 106.0271pt.

Overfull \hbox (2.12503pt too wide) has occurred while \output is active
[][] 
 []

[125

 <../img/did_TJ_base.png>]
<../img/did_TJ.jpeg, id=954, 358.941pt x 117.3183pt>
File: ../img/did_TJ.jpeg Graphic file (type jpg)
<use ../img/did_TJ.jpeg>
Package pdftex.def Info: ../img/did_TJ.jpeg  used on input line 1253.
(pdftex.def)             Requested size: 324.19536pt x 105.96141pt.

Overfull \hbox (2.12503pt too wide) has occurred while \output is active
[][] 
 []

[126

 <../img/did_TJ.jpeg>]
<../img/posner1.png, id=960, 1689.31125pt x 674.52pt>
File: ../img/posner1.png Graphic file (type png)
<use ../img/posner1.png>
Package pdftex.def Info: ../img/posner1.png  used on input line 1265.
(pdftex.def)             Requested size: 324.19536pt x 129.44667pt.

Overfull \hbox (2.12503pt too wide) has occurred while \output is active
[][] 
 []

[127

 <../img/posner1.png>]
<../img/posner2.png, id=969, 1062.97125pt x 841.1425pt>
File: ../img/posner2.png Graphic file (type png)
<use ../img/posner2.png>
Package pdftex.def Info: ../img/posner2.png  used on input line 1275.
(pdftex.def)             Requested size: 324.19536pt x 256.54167pt.

Overfull \vbox (33.15102pt too high) detected at line 1275
 []


Overfull \hbox (2.12503pt too wide) has occurred while \output is active
[][] 
 []

[128

 <../img/posner2.png>]
Overfull \hbox (2.12503pt too wide) has occurred while \output is active
[][] 
 []

[129

]
<../img/sharp-fuzzy-rd.png, id=981, 1081.03876pt x 547.04375pt>
File: ../img/sharp-fuzzy-rd.png Graphic file (type png)
<use ../img/sharp-fuzzy-rd.png>
Package pdftex.def Info: ../img/sharp-fuzzy-rd.png  used on input line 1310.
(pdftex.def)             Requested size: 324.19536pt x 164.0476pt.

Overfull \hbox (2.12503pt too wide) has occurred while \output is active
[][] 
 []

[130

 <../img/sharp-fuzzy-rd.png>]
<../img/rdd_teffect.png, id=988, 720.6925pt x 620.81938pt>
File: ../img/rdd_teffect.png Graphic file (type png)
<use ../img/rdd_teffect.png>
Package pdftex.def Info: ../img/rdd_teffect.png  used on input line 1322.
(pdftex.def)             Requested size: 226.93576pt x 195.48335pt.

Overfull \hbox (2.12503pt too wide) has occurred while \output is active
[][] 
 []

[131

 <../img/rdd_teffect.png>]
<../img/rdd_dag.png, id=995, 1724.4425pt x 322.20375pt>
File: ../img/rdd_dag.png Graphic file (type png)
<use ../img/rdd_dag.png>
Package pdftex.def Info: ../img/rdd_dag.png  used on input line 1340.
(pdftex.def)             Requested size: 324.19536pt x 60.57037pt.

Overfull \hbox (2.12503pt too wide) has occurred while \output is active
[][] 
 []

[132

 <../img/rdd_dag.png>]
<../img/rdd_dag_fuzzy.png, id=1003, 317.2653pt x 60.9477pt>
File: ../img/rdd_dag_fuzzy.png Graphic file (type png)
<use ../img/rdd_dag_fuzzy.png>
Package pdftex.def Info: ../img/rdd_dag_fuzzy.png  used on input line 1359.
(pdftex.def)             Requested size: 324.19536pt x 62.28111pt.

Overfull \hbox (2.12503pt too wide) has occurred while \output is active
[][] 
 []

[133

 <../img/rdd_dag_fuzzy.png>]
<../img/rdd_procedure.png, id=1010, 505.89pt x 361.35pt>
File: ../img/rdd_procedure.png Graphic file (type png)
<use ../img/rdd_procedure.png>
Package pdftex.def Info: ../img/rdd_procedure.png  used on input line 1371.
(pdftex.def)             Requested size: 324.19536pt x 231.57198pt.

Overfull \vbox (26.05684pt too high) detected at line 1371
 []


Overfull \hbox (2.12503pt too wide) has occurred while \output is active
[][] 
 []

[134

 <../img/rdd_procedure.png>]
Overfull \hbox (30.78293pt too wide) detected at line 1398
[]
 []

<../img/rdd_lm.png, id=1017, 505.89pt x 361.35pt>
File: ../img/rdd_lm.png Graphic file (type png)
<use ../img/rdd_lm.png>
Package pdftex.def Info: ../img/rdd_lm.png  used on input line 1398.
(pdftex.def)             Requested size: 158.8575pt x 113.46745pt.

Overfull \hbox (2.12503pt too wide) has occurred while \output is active
[][] 
 []

[135

 <../img/rdd_lm.png>]
<../img/marathon_finishing_times.png, id=1024, 722.7pt x 502.87875pt>
File: ../img/marathon_finishing_times.png Graphic file (type png)
<use ../img/marathon_finishing_times.png>
Package pdftex.def Info: ../img/marathon_finishing_times.png  used on input lin
e 1409.
(pdftex.def)             Requested size: 324.19536pt x 225.5874pt.

Overfull \vbox (2.19675pt too high) detected at line 1409
 []


Overfull \hbox (2.12503pt too wide) has occurred while \output is active
[][] 
 []

[136

 <../img/marathon_finishing_times.png>]
<../img/partition_africa.jpeg, id=1031, 563.10374pt x 642.4pt>
File: ../img/partition_africa.jpeg Graphic file (type jpg)
<use ../img/partition_africa.jpeg>
Package pdftex.def Info: ../img/partition_africa.jpeg  used on input line 1419.

(pdftex.def)             Requested size: 226.93576pt x 258.89629pt.
LaTeX Font Info:    Font shape `OT1/cmss/b/n' in size <14.4> not available
(Font)              Font shape `OT1/cmss/bx/n' tried instead on input line 1419
.

Overfull \vbox (35.50563pt too high) detected at line 1419
 []


Overfull \hbox (2.12503pt too wide) has occurred while \output is active
[][] 
 []

[137

 <../img/partition_africa.jpeg>]
Overfull \hbox (2.12503pt too wide) has occurred while \output is active
[][] 
 []

[138

]
Overfull \hbox (2.12503pt too wide) has occurred while \output is active
[][] 
 []

[139

]
Overfull \hbox (2.12503pt too wide) has occurred while \output is active
[][] 
 []

[140

]
Overfull \hbox (2.12503pt too wide) has occurred while \output is active
[][] 
 []

[141

]
Overfull \hbox (2.12503pt too wide) has occurred while \output is active
[][] 
 []

[142

]
Overfull \hbox (2.12503pt too wide) has occurred while \output is active
[][] 
 []

[143

]
<../img/rainfall_conflict.png, id=1068, 642.4pt x 670.505pt>
File: ../img/rainfall_conflict.png Graphic file (type png)
<use ../img/rainfall_conflict.png>
Package pdftex.def Info: ../img/rainfall_conflict.png  used on input line 1531.

(pdftex.def)             Requested size: 243.14651pt x 253.78168pt.

Overfull \vbox (30.39102pt too high) detected at line 1531
 []


Overfull \hbox (2.12503pt too wide) has occurred while \output is active
[][] 
 []

[144

 <../img/rainfall_conflict.png>]
<../img/rainfall_papers.png, id=1075, 1090.0725pt x 812.03375pt>
File: ../img/rainfall_papers.png Graphic file (type png)
<use ../img/rainfall_papers.png>
Package pdftex.def Info: ../img/rainfall_papers.png  used on input line 1544.
(pdftex.def)             Requested size: 275.56802pt x 205.27542pt.

Overfull \vbox (32.84465pt too high) detected at line 1544
 []


Overfull \hbox (2.12503pt too wide) has occurred while \output is active
[][] 
 []

[145

 <../img/rainfall_papers.png>]
<../img/ivlogic1.png, id=1084, 630.355pt x 559.08875pt>
File: ../img/ivlogic1.png Graphic file (type png)
<use ../img/ivlogic1.png>
Package pdftex.def Info: ../img/ivlogic1.png  used on input line 1558.
(pdftex.def)             Requested size: 226.93576pt x 201.28032pt.

Overfull \hbox (2.12503pt too wide) has occurred while \output is active
[][] 
 []

[146

 <../img/ivlogic1.png>]
<../img/ivlogic2.png, id=1091, 622.325pt x 566.115pt>
File: ../img/ivlogic2.png Graphic file (type png)
<use ../img/ivlogic2.png>
Package pdftex.def Info: ../img/ivlogic2.png  used on input line 1569.
(pdftex.def)             Requested size: 226.93576pt x 206.4359pt.

Overfull \hbox (2.12503pt too wide) has occurred while \output is active
[][] 
 []

[147

 <../img/ivlogic2.png>]
<../img/ivlogic3.png, id=1098, 638.385pt x 571.13374pt>
File: ../img/ivlogic3.png Graphic file (type png)
<use ../img/ivlogic3.png>
Package pdftex.def Info: ../img/ivlogic3.png  used on input line 1580.
(pdftex.def)             Requested size: 226.93576pt x 203.02841pt.

Overfull \hbox (2.12503pt too wide) has occurred while \output is active
[][] 
 []

[148

 <../img/ivlogic3.png>]
<../img/ivlogic4.png, id=1105, 640.3925pt x 565.11125pt>
File: ../img/ivlogic4.png Graphic file (type png)
<use ../img/ivlogic4.png>
Package pdftex.def Info: ../img/ivlogic4.png  used on input line 1591.
(pdftex.def)             Requested size: 226.93576pt x 200.25804pt.

Overfull \hbox (2.12503pt too wide) has occurred while \output is active
[][] 
 []

[149

 <../img/ivlogic4.png>]
<../img/ivlogic5.png, id=1112, 629.35126pt x 563.10374pt>
File: ../img/ivlogic5.png Graphic file (type png)
<use ../img/ivlogic5.png>
Package pdftex.def Info: ../img/ivlogic5.png  used on input line 1602.
(pdftex.def)             Requested size: 226.93576pt x 203.0437pt.

Overfull \hbox (2.12503pt too wide) has occurred while \output is active
[][] 
 []

[150

 <../img/ivlogic5.png>]
<../img/ivlogic6.png, id=1119, 636.3775pt x 570.13pt>
File: ../img/ivlogic6.png Graphic file (type png)
<use ../img/ivlogic6.png>
Package pdftex.def Info: ../img/ivlogic6.png  used on input line 1613.
(pdftex.def)             Requested size: 226.93576pt x 203.30666pt.

Overfull \hbox (2.12503pt too wide) has occurred while \output is active
[][] 
 []

[151

 <../img/ivlogic6.png>]
Overfull \hbox (2.12503pt too wide) has occurred while \output is active
[][] 
 []

[152

]
<../img/carl1.png, id=1133, 493.845pt x 473.77pt>
File: ../img/carl1.png Graphic file (type png)
<use ../img/carl1.png>
Package pdftex.def Info: ../img/carl1.png  used on input line 1637.
(pdftex.def)             Requested size: 259.35727pt x 248.8125pt.

Overfull \vbox (25.42184pt too high) detected at line 1637
 []


Overfull \hbox (2.12503pt too wide) has occurred while \output is active
[][] 
 []

[153

 <../img/carl1.png>]
<../img/carl9.png, id=1140, 695.59875pt x 347.2975pt>
File: ../img/carl9.png Graphic file (type png)
<use ../img/carl9.png>
Package pdftex.def Info: ../img/carl9.png  used on input line 1647.
(pdftex.def)             Requested size: 324.19536pt x 161.86261pt.

Overfull \hbox (2.12503pt too wide) has occurred while \output is active
[][] 
 []

[154

 <../img/carl9.png>]
<../img/carl10.png, id=1147, 699.61375pt x 391.4625pt>
File: ../img/carl10.png Graphic file (type png)
<use ../img/carl10.png>
Package pdftex.def Info: ../img/carl10.png  used on input line 1657.
(pdftex.def)             Requested size: 324.19536pt x 181.40099pt.

Overfull \hbox (2.12503pt too wide) has occurred while \output is active
[][] 
 []

[155

 <../img/carl10.png>]
\tf@nav=\write7
\openout7 = `advanced.nav'.

\tf@toc=\write8
\openout8 = `advanced.toc'.

\tf@snm=\write9
\openout9 = `advanced.snm'.

 (./advanced.aux)
Package rerunfilecheck Info: File `advanced.out' has not changed.
(rerunfilecheck)             Checksum: CEF1DF4CF79239629E7BDAF93A843166;2191.
Package logreq Info: Writing requests to 'advanced.run.xml'.
\openout1 = `advanced.run.xml'.

 ) 
Here is how much of TeX's memory you used:
 35524 strings out of 476025
 711542 string characters out of 5790017
 1861388 words of memory out of 5000000
 54921 multiletter control sequences out of 15000+600000
 528729 words of font info for 90 fonts, out of 8000000 for 9000
 1141 hyphenation exceptions out of 8191
 128i,18n,122p,1133b,850s stack positions out of 10000i,1000n,20000p,200000b,200000s
</usr/local/texlive/2023/texmf-dist/fonts/type1/public/amsfonts/cm/cmmi10.pfb
></usr/local/texlive/2023/texmf-dist/fonts/type1/public/amsfonts/cm/cmss10.pfb>
</usr/local/texlive/2023/texmf-dist/fonts/type1/public/amsfonts/cm/cmss12.pfb><
/usr/local/texlive/2023/texmf-dist/fonts/type1/public/amsfonts/cm/cmss8.pfb></u
sr/local/texlive/2023/texmf-dist/fonts/type1/public/amsfonts/cm/cmssbx10.pfb></
usr/local/texlive/2023/texmf-dist/fonts/type1/public/amsfonts/cm/cmssi10.pfb></
usr/local/texlive/2023/texmf-dist/fonts/type1/public/amsfonts/cm/cmssi12.pfb></
usr/local/texlive/2023/texmf-dist/fonts/type1/public/amsfonts/cm/cmssi8.pfb></u
sr/local/texlive/2023/texmf-dist/fonts/type1/public/amsfonts/cm/cmsy10.pfb></us
r/local/texlive/2023/texmf-dist/fonts/type1/public/amsfonts/cm/cmsy8.pfb></usr/
local/texlive/2023/texmf-dist/fonts/type1/public/amsfonts/cm/cmtt10.pfb>
Output written on advanced.pdf (155 pages, 10652153 bytes).
PDF statistics:
 1279 PDF objects out of 1440 (max. 8388607)
 972 compressed objects within 10 object streams
 324 named destinations out of 1000 (max. 500000)
 472 words of extra memory for PDF output out of 10000 (max. 10000000)

